[0.021s] Invoking command in '/home/ashish/ros2_ws/build/my_robot_description': CMAKE_PREFIX_PATH=/opt/ros/humble /usr/bin/cmake /home/ashish/ros2_ws/src/my_robot_description -DCMAKE_INSTALL_PREFIX=/home/ashish/ros2_ws/install/my_robot_description
[0.264s] -- The C compiler identification is GNU 11.4.0
[0.424s] -- The CXX compiler identification is GNU 11.4.0
[0.454s] -- Detecting C compiler ABI info
[0.597s] -- Detecting C compiler ABI info - done
[0.612s] -- Check for working C compiler: /usr/bin/cc - skipped
[0.624s] -- Detecting C compile features
[0.628s] -- Detecting C compile features - done
[0.642s] -- Detecting CXX compiler ABI info
[0.821s] -- Detecting CXX compiler ABI info - done
[0.831s] -- Check for working CXX compiler: /usr/bin/c++ - skipped
[0.831s] -- Detecting CXX compile features
[0.832s] -- Detecting CXX compile features - done
[0.871s] -- Found ament_cmake: 1.3.9 (/opt/ros/humble/share/ament_cmake/cmake)
[1.235s] -- Found Python3: /usr/bin/python3 (found version "3.10.12") found components: Interpreter 
[1.746s] -- Configuring done
[1.755s] -- Generating done
[1.758s] -- Build files have been written to: /home/ashish/ros2_ws/build/my_robot_description
[1.774s] Invoked command in '/home/ashish/ros2_ws/build/my_robot_description' returned '0': CMAKE_PREFIX_PATH=/opt/ros/humble /usr/bin/cmake /home/ashish/ros2_ws/src/my_robot_description -DCMAKE_INSTALL_PREFIX=/home/ashish/ros2_ws/install/my_robot_description
[1.775s] Invoking command in '/home/ashish/ros2_ws/build/my_robot_description': CMAKE_PREFIX_PATH=/opt/ros/humble /usr/bin/cmake --build /home/ashish/ros2_ws/build/my_robot_description -- -j2 -l2
[1.868s] Invoked command in '/home/ashish/ros2_ws/build/my_robot_description' returned '0': CMAKE_PREFIX_PATH=/opt/ros/humble /usr/bin/cmake --build /home/ashish/ros2_ws/build/my_robot_description -- -j2 -l2
[1.948s] Invoking command in '/home/ashish/ros2_ws/build/my_robot_description': CMAKE_PREFIX_PATH=/opt/ros/humble /usr/bin/cmake --install /home/ashish/ros2_ws/build/my_robot_description
[1.962s] -- Install configuration: ""
[1.963s] -- Installing: /home/ashish/ros2_ws/install/my_robot_description/share/my_robot_description//urdf
[1.963s] -- Installing: /home/ashish/ros2_ws/install/my_robot_description/share/my_robot_description//urdf/my_robot.urdf
[1.964s] -- Installing: /home/ashish/ros2_ws/install/my_robot_description/share/ament_index/resource_index/package_run_dependencies/my_robot_description
[1.964s] -- Installing: /home/ashish/ros2_ws/install/my_robot_description/share/ament_index/resource_index/parent_prefix_path/my_robot_description
[1.965s] -- Installing: /home/ashish/ros2_ws/install/my_robot_description/share/my_robot_description/environment/ament_prefix_path.sh
[1.966s] -- Installing: /home/ashish/ros2_ws/install/my_robot_description/share/my_robot_description/environment/ament_prefix_path.dsv
[1.966s] -- Installing: /home/ashish/ros2_ws/install/my_robot_description/share/my_robot_description/environment/path.sh
[1.966s] -- Installing: /home/ashish/ros2_ws/install/my_robot_description/share/my_robot_description/environment/path.dsv
[1.967s] -- Installing: /home/ashish/ros2_ws/install/my_robot_description/share/my_robot_description/local_setup.bash
[1.967s] -- Installing: /home/ashish/ros2_ws/install/my_robot_description/share/my_robot_description/local_setup.sh
[1.967s] -- Installing: /home/ashish/ros2_ws/install/my_robot_description/share/my_robot_description/local_setup.zsh
[1.967s] -- Installing: /home/ashish/ros2_ws/install/my_robot_description/share/my_robot_description/local_setup.dsv
[1.968s] -- Installing: /home/ashish/ros2_ws/install/my_robot_description/share/my_robot_description/package.dsv
[1.971s] -- Installing: /home/ashish/ros2_ws/install/my_robot_description/share/ament_index/resource_index/packages/my_robot_description
[1.971s] -- Installing: /home/ashish/ros2_ws/install/my_robot_description/share/my_robot_description/cmake/my_robot_descriptionConfig.cmake
[1.972s] -- Installing: /home/ashish/ros2_ws/install/my_robot_description/share/my_robot_description/cmake/my_robot_descriptionConfig-version.cmake
[1.972s] -- Installing: /home/ashish/ros2_ws/install/my_robot_description/share/my_robot_description/package.xml
[1.973s] Invoked command in '/home/ashish/ros2_ws/build/my_robot_description' returned '0': CMAKE_PREFIX_PATH=/opt/ros/humble /usr/bin/cmake --install /home/ashish/ros2_ws/build/my_robot_description
