[0.057s] Invoking command in '/home/ashish/ros2_ws/build/manipulator_description': CMAKE_PREFIX_PATH=${CMAKE_PREFIX_PATH}:/opt/ros/humble /usr/bin/cmake --build /home/ashish/ros2_ws/build/manipulator_description -- -j2 -l2
[0.254s] Invoked command in '/home/ashish/ros2_ws/build/manipulator_description' returned '0': CMAKE_PREFIX_PATH=${CMAKE_PREFIX_PATH}:/opt/ros/humble /usr/bin/cmake --build /home/ashish/ros2_ws/build/manipulator_description -- -j2 -l2
[0.302s] Invoking command in '/home/ashish/ros2_ws/build/manipulator_description': CMAKE_PREFIX_PATH=${CMAKE_PREFIX_PATH}:/opt/ros/humble /usr/bin/cmake --install /home/ashish/ros2_ws/build/manipulator_description
[0.321s] -- Install configuration: ""
[0.334s] -- Up-to-date: /home/ashish/ros2_ws/install/manipulator_description/share/manipulator_description/urdf
[0.335s] -- Up-to-date: /home/ashish/ros2_ws/install/manipulator_description/share/manipulator_description/urdf/manipulator.xacro
[0.336s] -- Up-to-date: /home/ashish/ros2_ws/install/manipulator_description/share/manipulator_description/urdf/manipulator1.xacro
[0.337s] -- Up-to-date: /home/ashish/ros2_ws/install/manipulator_description/share/ament_index/resource_index/package_run_dependencies/manipulator_description
[0.337s] -- Up-to-date: /home/ashish/ros2_ws/install/manipulator_description/share/ament_index/resource_index/parent_prefix_path/manipulator_description
[0.338s] -- Up-to-date: /home/ashish/ros2_ws/install/manipulator_description/share/manipulator_description/environment/ament_prefix_path.sh
[0.340s] -- Up-to-date: /home/ashish/ros2_ws/install/manipulator_description/share/manipulator_description/environment/ament_prefix_path.dsv
[0.340s] -- Up-to-date: /home/ashish/ros2_ws/install/manipulator_description/share/manipulator_description/environment/path.sh
[0.342s] -- Up-to-date: /home/ashish/ros2_ws/install/manipulator_description/share/manipulator_description/environment/path.dsv
[0.343s] -- Up-to-date: /home/ashish/ros2_ws/install/manipulator_description/share/manipulator_description/local_setup.bash
[0.344s] -- Up-to-date: /home/ashish/ros2_ws/install/manipulator_description/share/manipulator_description/local_setup.sh
[0.344s] -- Up-to-date: /home/ashish/ros2_ws/install/manipulator_description/share/manipulator_description/local_setup.zsh
[0.344s] -- Up-to-date: /home/ashish/ros2_ws/install/manipulator_description/share/manipulator_description/local_setup.dsv
[0.344s] -- Installing: /home/ashish/ros2_ws/install/manipulator_description/share/manipulator_description/package.dsv
[0.344s] -- Up-to-date: /home/ashish/ros2_ws/install/manipulator_description/share/ament_index/resource_index/packages/manipulator_description
[0.348s] -- Up-to-date: /home/ashish/ros2_ws/install/manipulator_description/share/manipulator_description/cmake/manipulator_descriptionConfig.cmake
[0.349s] -- Up-to-date: /home/ashish/ros2_ws/install/manipulator_description/share/manipulator_description/cmake/manipulator_descriptionConfig-version.cmake
[0.352s] -- Up-to-date: /home/ashish/ros2_ws/install/manipulator_description/share/manipulator_description/package.xml
[0.359s] Invoked command in '/home/ashish/ros2_ws/build/manipulator_description' returned '0': CMAKE_PREFIX_PATH=${CMAKE_PREFIX_PATH}:/opt/ros/humble /usr/bin/cmake --install /home/ashish/ros2_ws/build/manipulator_description
