[0.017s] Invoking command in '/home/ashish/ros2_ws/build/my_robot_description': CMAKE_PREFIX_PATH=${CMAKE_PREFIX_PATH}:/opt/ros/humble /usr/bin/cmake --build /home/ashish/ros2_ws/build/my_robot_description -- -j2 -l2
[0.122s] -- Found ament_cmake: 1.3.9 (/opt/ros/humble/share/ament_cmake/cmake)
[0.504s] -- Configuring done
[0.519s] -- Generating done
[0.522s] -- Build files have been written to: /home/ashish/ros2_ws/build/my_robot_description
[0.554s] Invoked command in '/home/ashish/ros2_ws/build/my_robot_description' returned '0': CMAKE_PREFIX_PATH=${CMAKE_PREFIX_PATH}:/opt/ros/humble /usr/bin/cmake --build /home/ashish/ros2_ws/build/my_robot_description -- -j2 -l2
[0.623s] Invoking command in '/home/ashish/ros2_ws/build/my_robot_description': CMAKE_PREFIX_PATH=${CMAKE_PREFIX_PATH}:/opt/ros/humble /usr/bin/cmake --install /home/ashish/ros2_ws/build/my_robot_description
[0.643s] -- Install configuration: ""
[0.644s] -- Up-to-date: /home/ashish/ros2_ws/install/my_robot_description/share/my_robot_description//urdf
[0.644s] -- Up-to-date: /home/ashish/ros2_ws/install/my_robot_description/share/my_robot_description//urdf/my_robot.urdf
[0.644s] -- Up-to-date: /home/ashish/ros2_ws/install/my_robot_description/share/ament_index/resource_index/package_run_dependencies/my_robot_description
[0.644s] -- Installing: /home/ashish/ros2_ws/install/my_robot_description/share/ament_index/resource_index/parent_prefix_path/my_robot_description
[0.645s] -- Up-to-date: /home/ashish/ros2_ws/install/my_robot_description/share/my_robot_description/environment/ament_prefix_path.sh
[0.645s] -- Installing: /home/ashish/ros2_ws/install/my_robot_description/share/my_robot_description/environment/ament_prefix_path.dsv
[0.645s] -- Up-to-date: /home/ashish/ros2_ws/install/my_robot_description/share/my_robot_description/environment/path.sh
[0.645s] -- Installing: /home/ashish/ros2_ws/install/my_robot_description/share/my_robot_description/environment/path.dsv
[0.646s] -- Up-to-date: /home/ashish/ros2_ws/install/my_robot_description/share/my_robot_description/local_setup.bash
[0.646s] -- Up-to-date: /home/ashish/ros2_ws/install/my_robot_description/share/my_robot_description/local_setup.sh
[0.646s] -- Up-to-date: /home/ashish/ros2_ws/install/my_robot_description/share/my_robot_description/local_setup.zsh
[0.646s] -- Installing: /home/ashish/ros2_ws/install/my_robot_description/share/my_robot_description/local_setup.dsv
[0.646s] -- Installing: /home/ashish/ros2_ws/install/my_robot_description/share/my_robot_description/package.dsv
[0.647s] -- Up-to-date: /home/ashish/ros2_ws/install/my_robot_description/share/ament_index/resource_index/packages/my_robot_description
[0.647s] -- Up-to-date: /home/ashish/ros2_ws/install/my_robot_description/share/my_robot_description/cmake/my_robot_descriptionConfig.cmake
[0.647s] -- Up-to-date: /home/ashish/ros2_ws/install/my_robot_description/share/my_robot_description/cmake/my_robot_descriptionConfig-version.cmake
[0.647s] -- Up-to-date: /home/ashish/ros2_ws/install/my_robot_description/share/my_robot_description/package.xml
[0.654s] Invoked command in '/home/ashish/ros2_ws/build/my_robot_description' returned '0': CMAKE_PREFIX_PATH=${CMAKE_PREFIX_PATH}:/opt/ros/humble /usr/bin/cmake --install /home/ashish/ros2_ws/build/my_robot_description
