[0.032s] Invoking command in '/home/ashish/ros2_ws/build/manipulator_bringups': CMAKE_PREFIX_PATH=/home/ashish/ros2_ws/install/manipulator_description:/home/ashish/ros2_ws/install/my_robot_description:/home/ashish/ros2_ws/install/manipulator_bringups:/opt/ros/humble /usr/bin/cmake --build /home/ashish/ros2_ws/build/manipulator_bringups -- -j2 -l2
[0.130s] -- Found ament_cmake: 1.3.10 (/opt/ros/humble/share/ament_cmake/cmake)
[0.718s] -- Configuring done
[0.736s] -- Generating done
[0.739s] -- Build files have been written to: /home/ashish/ros2_ws/build/manipulator_bringups
[0.775s] Invoked command in '/home/ashish/ros2_ws/build/manipulator_bringups' returned '0': CMAKE_PREFIX_PATH=/home/ashish/ros2_ws/install/manipulator_description:/home/ashish/ros2_ws/install/my_robot_description:/home/ashish/ros2_ws/install/manipulator_bringups:/opt/ros/humble /usr/bin/cmake --build /home/ashish/ros2_ws/build/manipulator_bringups -- -j2 -l2
[0.806s] Invoking command in '/home/ashish/ros2_ws/build/manipulator_bringups': CMAKE_PREFIX_PATH=/home/ashish/ros2_ws/install/manipulator_description:/home/ashish/ros2_ws/install/my_robot_description:/home/ashish/ros2_ws/install/manipulator_bringups:/opt/ros/humble /usr/bin/cmake --install /home/ashish/ros2_ws/build/manipulator_bringups
[0.819s] -- Install configuration: ""
[0.820s] -- Up-to-date: /home/ashish/ros2_ws/install/manipulator_bringups/share/manipulator_bringups/launch
[0.820s] -- Up-to-date: /home/ashish/ros2_ws/install/manipulator_bringups/share/manipulator_bringups/launch/display.launch.xml
[0.820s] -- Up-to-date: /home/ashish/ros2_ws/install/manipulator_bringups/share/manipulator_bringups/launch/gazebo.launch.xml
[0.820s] -- Up-to-date: /home/ashish/ros2_ws/install/manipulator_bringups/share/manipulator_bringups/config
[0.820s] -- Up-to-date: /home/ashish/ros2_ws/install/manipulator_bringups/share/manipulator_bringups/config/controller.yaml
[0.821s] -- Installing: /home/ashish/ros2_ws/install/manipulator_bringups/share/ament_index/resource_index/package_run_dependencies/manipulator_bringups
[0.821s] -- Up-to-date: /home/ashish/ros2_ws/install/manipulator_bringups/share/ament_index/resource_index/parent_prefix_path/manipulator_bringups
[0.822s] -- Up-to-date: /home/ashish/ros2_ws/install/manipulator_bringups/share/manipulator_bringups/environment/ament_prefix_path.sh
[0.822s] -- Installing: /home/ashish/ros2_ws/install/manipulator_bringups/share/manipulator_bringups/environment/ament_prefix_path.dsv
[0.822s] -- Up-to-date: /home/ashish/ros2_ws/install/manipulator_bringups/share/manipulator_bringups/environment/path.sh
[0.822s] -- Installing: /home/ashish/ros2_ws/install/manipulator_bringups/share/manipulator_bringups/environment/path.dsv
[0.822s] -- Up-to-date: /home/ashish/ros2_ws/install/manipulator_bringups/share/manipulator_bringups/local_setup.bash
[0.822s] -- Up-to-date: /home/ashish/ros2_ws/install/manipulator_bringups/share/manipulator_bringups/local_setup.sh
[0.823s] -- Up-to-date: /home/ashish/ros2_ws/install/manipulator_bringups/share/manipulator_bringups/local_setup.zsh
[0.823s] -- Installing: /home/ashish/ros2_ws/install/manipulator_bringups/share/manipulator_bringups/local_setup.dsv
[0.823s] -- Installing: /home/ashish/ros2_ws/install/manipulator_bringups/share/manipulator_bringups/package.dsv
[0.823s] -- Up-to-date: /home/ashish/ros2_ws/install/manipulator_bringups/share/ament_index/resource_index/packages/manipulator_bringups
[0.824s] -- Up-to-date: /home/ashish/ros2_ws/install/manipulator_bringups/share/manipulator_bringups/cmake/manipulator_bringupsConfig.cmake
[0.824s] -- Up-to-date: /home/ashish/ros2_ws/install/manipulator_bringups/share/manipulator_bringups/cmake/manipulator_bringupsConfig-version.cmake
[0.824s] -- Installing: /home/ashish/ros2_ws/install/manipulator_bringups/share/manipulator_bringups/package.xml
[0.830s] Invoked command in '/home/ashish/ros2_ws/build/manipulator_bringups' returned '0': CMAKE_PREFIX_PATH=/home/ashish/ros2_ws/install/manipulator_description:/home/ashish/ros2_ws/install/my_robot_description:/home/ashish/ros2_ws/install/manipulator_bringups:/opt/ros/humble /usr/bin/cmake --install /home/ashish/ros2_ws/build/manipulator_bringups
