[0.165s] DEBUG:colcon:Command line arguments: ['/usr/bin/colcon', 'build']
[0.165s] DEBUG:colcon:Parsed command line arguments: Namespace(log_base=None, log_level=None, verb_name='build', build_base='build', install_base='install', merge_install=False, symlink_install=False, test_result_base=None, continue_on_error=False, executor='parallel', parallel_workers=2, event_handlers=None, ignore_user_meta=False, metas=['./colcon.meta'], base_paths=['.'], packages_ignore=None, packages_ignore_regex=None, paths=None, packages_up_to=None, packages_up_to_regex=None, packages_above=None, packages_above_and_dependencies=None, packages_above_depth=None, packages_select_by_dep=None, packages_skip_by_dep=None, packages_skip_up_to=None, packages_select_build_failed=False, packages_skip_build_finished=False, packages_select_test_failures=False, packages_skip_test_passed=False, packages_select=None, packages_skip=None, packages_select_regex=None, packages_skip_regex=None, packages_start=None, packages_end=None, allow_overriding=[], cmake_args=None, cmake_target=None, cmake_target_skip_unavailable=False, cmake_clean_cache=False, cmake_clean_first=False, cmake_force_configure=False, ament_cmake_args=None, catkin_cmake_args=None, catkin_skip_building_tests=False, verb_parser=<colcon_defaults.argument_parser.defaults.DefaultArgumentsDecorator object at 0x7a50f751ff40>, verb_extension=<colcon_core.verb.build.BuildVerb object at 0x7a50f7664a90>, main=<bound method BuildVerb.main of <colcon_core.verb.build.BuildVerb object at 0x7a50f7664a90>>)
[0.443s] Level 1:colcon.colcon_core.package_discovery:discover_packages(colcon_meta) check parameters
[0.444s] Level 1:colcon.colcon_core.package_discovery:discover_packages(recursive) check parameters
[0.444s] Level 1:colcon.colcon_core.package_discovery:discover_packages(ignore) check parameters
[0.444s] Level 1:colcon.colcon_core.package_discovery:discover_packages(path) check parameters
[0.444s] Level 1:colcon.colcon_core.package_discovery:discover_packages(colcon_meta) discover
[0.444s] Level 1:colcon.colcon_core.package_discovery:discover_packages(recursive) discover
[0.444s] INFO:colcon.colcon_core.package_discovery:Crawling recursively for packages in '/home/ashish/ros2_ws'
[0.444s] Level 1:colcon.colcon_core.package_identification:_identify(.) by extensions ['ignore', 'ignore_ament_install']
[0.445s] Level 1:colcon.colcon_core.package_identification:_identify(.) by extension 'ignore'
[0.445s] Level 1:colcon.colcon_core.package_identification:_identify(.) by extension 'ignore_ament_install'
[0.445s] Level 1:colcon.colcon_core.package_identification:_identify(.) by extensions ['colcon_pkg']
[0.445s] Level 1:colcon.colcon_core.package_identification:_identify(.) by extension 'colcon_pkg'
[0.445s] Level 1:colcon.colcon_core.package_identification:_identify(.) by extensions ['colcon_meta']
[0.445s] Level 1:colcon.colcon_core.package_identification:_identify(.) by extension 'colcon_meta'
[0.445s] Level 1:colcon.colcon_core.package_identification:_identify(.) by extensions ['ros']
[0.445s] Level 1:colcon.colcon_core.package_identification:_identify(.) by extension 'ros'
[0.473s] Level 1:colcon.colcon_core.package_identification:_identify(.) by extensions ['cmake', 'python']
[0.473s] Level 1:colcon.colcon_core.package_identification:_identify(.) by extension 'cmake'
[0.474s] Level 1:colcon.colcon_core.package_identification:_identify(.) by extension 'python'
[0.474s] Level 1:colcon.colcon_core.package_identification:_identify(.) by extensions ['python_setup_py']
[0.474s] Level 1:colcon.colcon_core.package_identification:_identify(.) by extension 'python_setup_py'
[0.474s] Level 1:colcon.colcon_core.package_identification:_identify(build) by extensions ['ignore', 'ignore_ament_install']
[0.474s] Level 1:colcon.colcon_core.package_identification:_identify(build) by extension 'ignore'
[0.474s] Level 1:colcon.colcon_core.package_identification:_identify(build) ignored
[0.474s] Level 1:colcon.colcon_core.package_identification:_identify(install) by extensions ['ignore', 'ignore_ament_install']
[0.475s] Level 1:colcon.colcon_core.package_identification:_identify(install) by extension 'ignore'
[0.475s] Level 1:colcon.colcon_core.package_identification:_identify(install) ignored
[0.475s] Level 1:colcon.colcon_core.package_identification:_identify(log) by extensions ['ignore', 'ignore_ament_install']
[0.475s] Level 1:colcon.colcon_core.package_identification:_identify(log) by extension 'ignore'
[0.475s] Level 1:colcon.colcon_core.package_identification:_identify(log) ignored
[0.476s] Level 1:colcon.colcon_core.package_identification:_identify(src) by extensions ['ignore', 'ignore_ament_install']
[0.476s] Level 1:colcon.colcon_core.package_identification:_identify(src) by extension 'ignore'
[0.476s] Level 1:colcon.colcon_core.package_identification:_identify(src) by extension 'ignore_ament_install'
[0.476s] Level 1:colcon.colcon_core.package_identification:_identify(src) by extensions ['colcon_pkg']
[0.476s] Level 1:colcon.colcon_core.package_identification:_identify(src) by extension 'colcon_pkg'
[0.476s] Level 1:colcon.colcon_core.package_identification:_identify(src) by extensions ['colcon_meta']
[0.476s] Level 1:colcon.colcon_core.package_identification:_identify(src) by extension 'colcon_meta'
[0.476s] Level 1:colcon.colcon_core.package_identification:_identify(src) by extensions ['ros']
[0.477s] Level 1:colcon.colcon_core.package_identification:_identify(src) by extension 'ros'
[0.477s] Level 1:colcon.colcon_core.package_identification:_identify(src) by extensions ['cmake', 'python']
[0.477s] Level 1:colcon.colcon_core.package_identification:_identify(src) by extension 'cmake'
[0.477s] Level 1:colcon.colcon_core.package_identification:_identify(src) by extension 'python'
[0.477s] Level 1:colcon.colcon_core.package_identification:_identify(src) by extensions ['python_setup_py']
[0.477s] Level 1:colcon.colcon_core.package_identification:_identify(src) by extension 'python_setup_py'
[0.477s] Level 1:colcon.colcon_core.package_identification:_identify(src/manipulator_bringups) by extensions ['ignore', 'ignore_ament_install']
[0.478s] Level 1:colcon.colcon_core.package_identification:_identify(src/manipulator_bringups) by extension 'ignore'
[0.478s] Level 1:colcon.colcon_core.package_identification:_identify(src/manipulator_bringups) by extension 'ignore_ament_install'
[0.478s] Level 1:colcon.colcon_core.package_identification:_identify(src/manipulator_bringups) by extensions ['colcon_pkg']
[0.478s] Level 1:colcon.colcon_core.package_identification:_identify(src/manipulator_bringups) by extension 'colcon_pkg'
[0.478s] Level 1:colcon.colcon_core.package_identification:_identify(src/manipulator_bringups) by extensions ['colcon_meta']
[0.478s] Level 1:colcon.colcon_core.package_identification:_identify(src/manipulator_bringups) by extension 'colcon_meta'
[0.479s] Level 1:colcon.colcon_core.package_identification:_identify(src/manipulator_bringups) by extensions ['ros']
[0.479s] Level 1:colcon.colcon_core.package_identification:_identify(src/manipulator_bringups) by extension 'ros'
[0.485s] DEBUG:colcon.colcon_core.package_identification:Package 'src/manipulator_bringups' with type 'ros.ament_cmake' and name 'manipulator_bringups'
[0.485s] Level 1:colcon.colcon_core.package_identification:_identify(src/manipulator_description) by extensions ['ignore', 'ignore_ament_install']
[0.486s] Level 1:colcon.colcon_core.package_identification:_identify(src/manipulator_description) by extension 'ignore'
[0.486s] Level 1:colcon.colcon_core.package_identification:_identify(src/manipulator_description) by extension 'ignore_ament_install'
[0.486s] Level 1:colcon.colcon_core.package_identification:_identify(src/manipulator_description) by extensions ['colcon_pkg']
[0.486s] Level 1:colcon.colcon_core.package_identification:_identify(src/manipulator_description) by extension 'colcon_pkg'
[0.486s] Level 1:colcon.colcon_core.package_identification:_identify(src/manipulator_description) by extensions ['colcon_meta']
[0.486s] Level 1:colcon.colcon_core.package_identification:_identify(src/manipulator_description) by extension 'colcon_meta'
[0.486s] Level 1:colcon.colcon_core.package_identification:_identify(src/manipulator_description) by extensions ['ros']
[0.486s] Level 1:colcon.colcon_core.package_identification:_identify(src/manipulator_description) by extension 'ros'
[0.488s] DEBUG:colcon.colcon_core.package_identification:Package 'src/manipulator_description' with type 'ros.ament_cmake' and name 'manipulator_description'
[0.488s] Level 1:colcon.colcon_core.package_identification:_identify(src/my_robot_description) by extensions ['ignore', 'ignore_ament_install']
[0.488s] Level 1:colcon.colcon_core.package_identification:_identify(src/my_robot_description) by extension 'ignore'
[0.488s] Level 1:colcon.colcon_core.package_identification:_identify(src/my_robot_description) by extension 'ignore_ament_install'
[0.488s] Level 1:colcon.colcon_core.package_identification:_identify(src/my_robot_description) by extensions ['colcon_pkg']
[0.488s] Level 1:colcon.colcon_core.package_identification:_identify(src/my_robot_description) by extension 'colcon_pkg'
[0.488s] Level 1:colcon.colcon_core.package_identification:_identify(src/my_robot_description) by extensions ['colcon_meta']
[0.488s] Level 1:colcon.colcon_core.package_identification:_identify(src/my_robot_description) by extension 'colcon_meta'
[0.489s] Level 1:colcon.colcon_core.package_identification:_identify(src/my_robot_description) by extensions ['ros']
[0.489s] Level 1:colcon.colcon_core.package_identification:_identify(src/my_robot_description) by extension 'ros'
[0.490s] DEBUG:colcon.colcon_core.package_identification:Package 'src/my_robot_description' with type 'ros.ament_cmake' and name 'my_robot_description'
[0.490s] Level 1:colcon.colcon_core.package_discovery:discover_packages(recursive) using defaults
[0.490s] Level 1:colcon.colcon_core.package_discovery:discover_packages(ignore) discover
[0.490s] Level 1:colcon.colcon_core.package_discovery:discover_packages(ignore) using defaults
[0.490s] Level 1:colcon.colcon_core.package_discovery:discover_packages(path) discover
[0.490s] Level 1:colcon.colcon_core.package_discovery:discover_packages(path) using defaults
[0.516s] Level 1:colcon.colcon_core.package_discovery:discover_packages(prefix_path) check parameters
[0.516s] Level 1:colcon.colcon_core.package_discovery:discover_packages(prefix_path) discover
[0.518s] DEBUG:colcon.colcon_installed_package_information.package_discovery:Found 3 installed packages in /home/ashish/ros2_ws/install
[0.519s] DEBUG:colcon.colcon_installed_package_information.package_discovery:Found 321 installed packages in /opt/ros/humble
[0.521s] Level 1:colcon.colcon_core.package_discovery:discover_packages(prefix_path) using defaults
[0.661s] Level 5:colcon.colcon_core.verb:set package 'manipulator_description' build argument 'cmake_args' from command line to 'None'
[0.661s] Level 5:colcon.colcon_core.verb:set package 'manipulator_description' build argument 'cmake_target' from command line to 'None'
[0.661s] Level 5:colcon.colcon_core.verb:set package 'manipulator_description' build argument 'cmake_target_skip_unavailable' from command line to 'False'
[0.662s] Level 5:colcon.colcon_core.verb:set package 'manipulator_description' build argument 'cmake_clean_cache' from command line to 'False'
[0.662s] Level 5:colcon.colcon_core.verb:set package 'manipulator_description' build argument 'cmake_clean_first' from command line to 'False'
[0.662s] Level 5:colcon.colcon_core.verb:set package 'manipulator_description' build argument 'cmake_force_configure' from command line to 'False'
[0.662s] Level 5:colcon.colcon_core.verb:set package 'manipulator_description' build argument 'ament_cmake_args' from command line to 'None'
[0.662s] Level 5:colcon.colcon_core.verb:set package 'manipulator_description' build argument 'catkin_cmake_args' from command line to 'None'
[0.662s] Level 5:colcon.colcon_core.verb:set package 'manipulator_description' build argument 'catkin_skip_building_tests' from command line to 'False'
[0.662s] DEBUG:colcon.colcon_core.verb:Building package 'manipulator_description' with the following arguments: {'ament_cmake_args': None, 'build_base': '/home/ashish/ros2_ws/build/manipulator_description', 'catkin_cmake_args': None, 'catkin_skip_building_tests': False, 'cmake_args': None, 'cmake_clean_cache': False, 'cmake_clean_first': False, 'cmake_force_configure': False, 'cmake_target': None, 'cmake_target_skip_unavailable': False, 'install_base': '/home/ashish/ros2_ws/install/manipulator_description', 'merge_install': False, 'path': '/home/ashish/ros2_ws/src/manipulator_description', 'symlink_install': False, 'test_result_base': None}
[0.663s] Level 5:colcon.colcon_core.verb:set package 'my_robot_description' build argument 'cmake_args' from command line to 'None'
[0.663s] Level 5:colcon.colcon_core.verb:set package 'my_robot_description' build argument 'cmake_target' from command line to 'None'
[0.663s] Level 5:colcon.colcon_core.verb:set package 'my_robot_description' build argument 'cmake_target_skip_unavailable' from command line to 'False'
[0.663s] Level 5:colcon.colcon_core.verb:set package 'my_robot_description' build argument 'cmake_clean_cache' from command line to 'False'
[0.663s] Level 5:colcon.colcon_core.verb:set package 'my_robot_description' build argument 'cmake_clean_first' from command line to 'False'
[0.663s] Level 5:colcon.colcon_core.verb:set package 'my_robot_description' build argument 'cmake_force_configure' from command line to 'False'
[0.663s] Level 5:colcon.colcon_core.verb:set package 'my_robot_description' build argument 'ament_cmake_args' from command line to 'None'
[0.663s] Level 5:colcon.colcon_core.verb:set package 'my_robot_description' build argument 'catkin_cmake_args' from command line to 'None'
[0.663s] Level 5:colcon.colcon_core.verb:set package 'my_robot_description' build argument 'catkin_skip_building_tests' from command line to 'False'
[0.663s] DEBUG:colcon.colcon_core.verb:Building package 'my_robot_description' with the following arguments: {'ament_cmake_args': None, 'build_base': '/home/ashish/ros2_ws/build/my_robot_description', 'catkin_cmake_args': None, 'catkin_skip_building_tests': False, 'cmake_args': None, 'cmake_clean_cache': False, 'cmake_clean_first': False, 'cmake_force_configure': False, 'cmake_target': None, 'cmake_target_skip_unavailable': False, 'install_base': '/home/ashish/ros2_ws/install/my_robot_description', 'merge_install': False, 'path': '/home/ashish/ros2_ws/src/my_robot_description', 'symlink_install': False, 'test_result_base': None}
[0.664s] Level 5:colcon.colcon_core.verb:set package 'manipulator_bringups' build argument 'cmake_args' from command line to 'None'
[0.665s] Level 5:colcon.colcon_core.verb:set package 'manipulator_bringups' build argument 'cmake_target' from command line to 'None'
[0.665s] Level 5:colcon.colcon_core.verb:set package 'manipulator_bringups' build argument 'cmake_target_skip_unavailable' from command line to 'False'
[0.665s] Level 5:colcon.colcon_core.verb:set package 'manipulator_bringups' build argument 'cmake_clean_cache' from command line to 'False'
[0.665s] Level 5:colcon.colcon_core.verb:set package 'manipulator_bringups' build argument 'cmake_clean_first' from command line to 'False'
[0.665s] Level 5:colcon.colcon_core.verb:set package 'manipulator_bringups' build argument 'cmake_force_configure' from command line to 'False'
[0.665s] Level 5:colcon.colcon_core.verb:set package 'manipulator_bringups' build argument 'ament_cmake_args' from command line to 'None'
[0.665s] Level 5:colcon.colcon_core.verb:set package 'manipulator_bringups' build argument 'catkin_cmake_args' from command line to 'None'
[0.665s] Level 5:colcon.colcon_core.verb:set package 'manipulator_bringups' build argument 'catkin_skip_building_tests' from command line to 'False'
[0.665s] DEBUG:colcon.colcon_core.verb:Building package 'manipulator_bringups' with the following arguments: {'ament_cmake_args': None, 'build_base': '/home/ashish/ros2_ws/build/manipulator_bringups', 'catkin_cmake_args': None, 'catkin_skip_building_tests': False, 'cmake_args': None, 'cmake_clean_cache': False, 'cmake_clean_first': False, 'cmake_force_configure': False, 'cmake_target': None, 'cmake_target_skip_unavailable': False, 'install_base': '/home/ashish/ros2_ws/install/manipulator_bringups', 'merge_install': False, 'path': '/home/ashish/ros2_ws/src/manipulator_bringups', 'symlink_install': False, 'test_result_base': None}
[0.665s] INFO:colcon.colcon_core.executor:Executing jobs using 'parallel' executor
[0.666s] DEBUG:colcon.colcon_parallel_executor.executor.parallel:run_until_complete
[0.667s] INFO:colcon.colcon_ros.task.ament_cmake.build:Building ROS package in '/home/ashish/ros2_ws/src/manipulator_description' with build type 'ament_cmake'
[0.667s] INFO:colcon.colcon_cmake.task.cmake.build:Building CMake package in '/home/ashish/ros2_ws/src/manipulator_description'
[0.672s] INFO:colcon.colcon_core.plugin_system:Skipping extension 'colcon_core.shell.bat': Not used on non-Windows systems
[0.672s] INFO:colcon.colcon_core.shell:Skip shell extension 'powershell' for command environment: Not usable outside of PowerShell
[0.672s] DEBUG:colcon.colcon_core.shell:Skip shell extension 'dsv' for command environment
[0.677s] INFO:colcon.colcon_ros.task.ament_cmake.build:Building ROS package in '/home/ashish/ros2_ws/src/my_robot_description' with build type 'ament_cmake'
[0.677s] INFO:colcon.colcon_cmake.task.cmake.build:Building CMake package in '/home/ashish/ros2_ws/src/my_robot_description'
[0.677s] INFO:colcon.colcon_core.shell:Skip shell extension 'powershell' for command environment: Not usable outside of PowerShell
[0.677s] DEBUG:colcon.colcon_core.shell:Skip shell extension 'dsv' for command environment
[0.704s] DEBUG:colcon.colcon_core.event_handler.log_command:Invoking command in '/home/ashish/ros2_ws/build/manipulator_description': CMAKE_PREFIX_PATH=${CMAKE_PREFIX_PATH}:/opt/ros/humble /usr/bin/cmake --build /home/ashish/ros2_ws/build/manipulator_description -- -j2 -l2
[0.719s] DEBUG:colcon.colcon_core.event_handler.log_command:Invoking command in '/home/ashish/ros2_ws/build/my_robot_description': CMAKE_PREFIX_PATH=${CMAKE_PREFIX_PATH}:/opt/ros/humble /usr/bin/cmake --build /home/ashish/ros2_ws/build/my_robot_description -- -j2 -l2
[0.759s] DEBUG:colcon.colcon_core.event_handler.log_command:Invoked command in '/home/ashish/ros2_ws/build/manipulator_description' returned '0': CMAKE_PREFIX_PATH=${CMAKE_PREFIX_PATH}:/opt/ros/humble /usr/bin/cmake --build /home/ashish/ros2_ws/build/manipulator_description -- -j2 -l2
[0.789s] DEBUG:colcon.colcon_core.event_handler.log_command:Invoked command in '/home/ashish/ros2_ws/build/my_robot_description' returned '0': CMAKE_PREFIX_PATH=${CMAKE_PREFIX_PATH}:/opt/ros/humble /usr/bin/cmake --build /home/ashish/ros2_ws/build/my_robot_description -- -j2 -l2
[0.832s] DEBUG:colcon.colcon_core.event_handler.log_command:Invoking command in '/home/ashish/ros2_ws/build/manipulator_description': CMAKE_PREFIX_PATH=${CMAKE_PREFIX_PATH}:/opt/ros/humble /usr/bin/cmake --install /home/ashish/ros2_ws/build/manipulator_description
[0.860s] Level 1:colcon.colcon_core.environment:create_environment_scripts_only(manipulator_description)
[0.867s] DEBUG:colcon.colcon_core.event_handler.log_command:Invoked command in '/home/ashish/ros2_ws/build/manipulator_description' returned '0': CMAKE_PREFIX_PATH=${CMAKE_PREFIX_PATH}:/opt/ros/humble /usr/bin/cmake --install /home/ashish/ros2_ws/build/manipulator_description
[0.872s] Level 1:colcon.colcon_core.environment:checking '/home/ashish/ros2_ws/install/manipulator_description' for CMake module files
[0.873s] Level 1:colcon.colcon_core.environment:checking '/home/ashish/ros2_ws/install/manipulator_description' for CMake config files
[0.874s] Level 1:colcon.colcon_core.shell:create_environment_hook('manipulator_description', 'cmake_prefix_path')
[0.875s] INFO:colcon.colcon_core.shell:Creating environment hook '/home/ashish/ros2_ws/install/manipulator_description/share/manipulator_description/hook/cmake_prefix_path.ps1'
[0.879s] INFO:colcon.colcon_core.shell:Creating environment descriptor '/home/ashish/ros2_ws/install/manipulator_description/share/manipulator_description/hook/cmake_prefix_path.dsv'
[0.880s] INFO:colcon.colcon_core.shell:Creating environment hook '/home/ashish/ros2_ws/install/manipulator_description/share/manipulator_description/hook/cmake_prefix_path.sh'
[0.884s] Level 1:colcon.colcon_core.environment:checking '/home/ashish/ros2_ws/install/manipulator_description/bin'
[0.885s] Level 1:colcon.colcon_core.environment:checking '/home/ashish/ros2_ws/install/manipulator_description/lib/pkgconfig/manipulator_description.pc'
[0.886s] Level 1:colcon.colcon_core.environment:checking '/home/ashish/ros2_ws/install/manipulator_description/lib/python3.10/site-packages'
[0.886s] Level 1:colcon.colcon_core.environment:checking '/home/ashish/ros2_ws/install/manipulator_description/bin'
[0.887s] INFO:colcon.colcon_core.shell:Creating package script '/home/ashish/ros2_ws/install/manipulator_description/share/manipulator_description/package.ps1'
[0.890s] INFO:colcon.colcon_core.shell:Creating package descriptor '/home/ashish/ros2_ws/install/manipulator_description/share/manipulator_description/package.dsv'
[0.892s] INFO:colcon.colcon_core.shell:Creating package script '/home/ashish/ros2_ws/install/manipulator_description/share/manipulator_description/package.sh'
[0.899s] INFO:colcon.colcon_core.shell:Creating package script '/home/ashish/ros2_ws/install/manipulator_description/share/manipulator_description/package.bash'
[0.903s] INFO:colcon.colcon_core.shell:Creating package script '/home/ashish/ros2_ws/install/manipulator_description/share/manipulator_description/package.zsh'
[0.913s] Level 1:colcon.colcon_core.environment:create_file_with_runtime_dependencies(/home/ashish/ros2_ws/install/manipulator_description/share/colcon-core/packages/manipulator_description)
[0.923s] DEBUG:colcon.colcon_core.event_handler.log_command:Invoking command in '/home/ashish/ros2_ws/build/my_robot_description': CMAKE_PREFIX_PATH=${CMAKE_PREFIX_PATH}:/opt/ros/humble /usr/bin/cmake --install /home/ashish/ros2_ws/build/my_robot_description
[0.996s] Level 1:colcon.colcon_core.environment:create_environment_scripts_only(my_robot_description)
[0.996s] Level 1:colcon.colcon_core.environment:checking '/home/ashish/ros2_ws/install/my_robot_description' for CMake module files
[0.997s] Level 1:colcon.colcon_core.environment:checking '/home/ashish/ros2_ws/install/my_robot_description' for CMake config files
[0.997s] Level 1:colcon.colcon_core.shell:create_environment_hook('my_robot_description', 'cmake_prefix_path')
[0.997s] INFO:colcon.colcon_core.shell:Creating environment hook '/home/ashish/ros2_ws/install/my_robot_description/share/my_robot_description/hook/cmake_prefix_path.ps1'
[0.998s] DEBUG:colcon.colcon_core.event_handler.log_command:Invoked command in '/home/ashish/ros2_ws/build/my_robot_description' returned '0': CMAKE_PREFIX_PATH=${CMAKE_PREFIX_PATH}:/opt/ros/humble /usr/bin/cmake --install /home/ashish/ros2_ws/build/my_robot_description
[0.998s] INFO:colcon.colcon_core.shell:Creating environment descriptor '/home/ashish/ros2_ws/install/my_robot_description/share/my_robot_description/hook/cmake_prefix_path.dsv'
[1.000s] INFO:colcon.colcon_core.shell:Creating environment hook '/home/ashish/ros2_ws/install/my_robot_description/share/my_robot_description/hook/cmake_prefix_path.sh'
[1.001s] Level 1:colcon.colcon_core.environment:checking '/home/ashish/ros2_ws/install/my_robot_description/bin'
[1.001s] Level 1:colcon.colcon_core.environment:checking '/home/ashish/ros2_ws/install/my_robot_description/lib/pkgconfig/my_robot_description.pc'
[1.002s] Level 1:colcon.colcon_core.environment:checking '/home/ashish/ros2_ws/install/my_robot_description/lib/python3.10/site-packages'
[1.002s] Level 1:colcon.colcon_core.environment:checking '/home/ashish/ros2_ws/install/my_robot_description/bin'
[1.003s] INFO:colcon.colcon_core.shell:Creating package script '/home/ashish/ros2_ws/install/my_robot_description/share/my_robot_description/package.ps1'
[1.004s] INFO:colcon.colcon_core.shell:Creating package descriptor '/home/ashish/ros2_ws/install/my_robot_description/share/my_robot_description/package.dsv'
[1.005s] INFO:colcon.colcon_core.shell:Creating package script '/home/ashish/ros2_ws/install/my_robot_description/share/my_robot_description/package.sh'
[1.006s] INFO:colcon.colcon_core.shell:Creating package script '/home/ashish/ros2_ws/install/my_robot_description/share/my_robot_description/package.bash'
[1.007s] INFO:colcon.colcon_core.shell:Creating package script '/home/ashish/ros2_ws/install/my_robot_description/share/my_robot_description/package.zsh'
[1.008s] Level 1:colcon.colcon_core.environment:create_file_with_runtime_dependencies(/home/ashish/ros2_ws/install/my_robot_description/share/colcon-core/packages/my_robot_description)
[1.022s] Level 1:colcon.colcon_core.environment:create_environment_scripts_only(manipulator_description)
[1.022s] Level 1:colcon.colcon_core.environment:checking '/home/ashish/ros2_ws/install/manipulator_description' for CMake module files
[1.023s] Level 1:colcon.colcon_core.environment:checking '/home/ashish/ros2_ws/install/manipulator_description' for CMake config files
[1.023s] Level 1:colcon.colcon_core.shell:create_environment_hook('manipulator_description', 'cmake_prefix_path')
[1.024s] INFO:colcon.colcon_core.shell:Creating environment hook '/home/ashish/ros2_ws/install/manipulator_description/share/manipulator_description/hook/cmake_prefix_path.ps1'
[1.024s] INFO:colcon.colcon_core.shell:Creating environment descriptor '/home/ashish/ros2_ws/install/manipulator_description/share/manipulator_description/hook/cmake_prefix_path.dsv'
[1.025s] INFO:colcon.colcon_core.shell:Creating environment hook '/home/ashish/ros2_ws/install/manipulator_description/share/manipulator_description/hook/cmake_prefix_path.sh'
[1.025s] Level 1:colcon.colcon_core.environment:checking '/home/ashish/ros2_ws/install/manipulator_description/bin'
[1.026s] Level 1:colcon.colcon_core.environment:checking '/home/ashish/ros2_ws/install/manipulator_description/lib/pkgconfig/manipulator_description.pc'
[1.026s] Level 1:colcon.colcon_core.environment:checking '/home/ashish/ros2_ws/install/manipulator_description/lib/python3.10/site-packages'
[1.026s] Level 1:colcon.colcon_core.environment:checking '/home/ashish/ros2_ws/install/manipulator_description/bin'
[1.026s] INFO:colcon.colcon_core.shell:Creating package script '/home/ashish/ros2_ws/install/manipulator_description/share/manipulator_description/package.ps1'
[1.027s] INFO:colcon.colcon_core.shell:Creating package descriptor '/home/ashish/ros2_ws/install/manipulator_description/share/manipulator_description/package.dsv'
[1.028s] INFO:colcon.colcon_core.shell:Creating package script '/home/ashish/ros2_ws/install/manipulator_description/share/manipulator_description/package.sh'
[1.028s] INFO:colcon.colcon_core.shell:Creating package script '/home/ashish/ros2_ws/install/manipulator_description/share/manipulator_description/package.bash'
[1.029s] INFO:colcon.colcon_core.shell:Creating package script '/home/ashish/ros2_ws/install/manipulator_description/share/manipulator_description/package.zsh'
[1.029s] Level 1:colcon.colcon_core.environment:create_file_with_runtime_dependencies(/home/ashish/ros2_ws/install/manipulator_description/share/colcon-core/packages/manipulator_description)
[1.030s] INFO:colcon.colcon_ros.task.ament_cmake.build:Building ROS package in '/home/ashish/ros2_ws/src/manipulator_bringups' with build type 'ament_cmake'
[1.031s] INFO:colcon.colcon_cmake.task.cmake.build:Building CMake package in '/home/ashish/ros2_ws/src/manipulator_bringups'
[1.031s] INFO:colcon.colcon_core.shell:Skip shell extension 'powershell' for command environment: Not usable outside of PowerShell
[1.031s] DEBUG:colcon.colcon_core.shell:Skip shell extension 'dsv' for command environment
[1.043s] DEBUG:colcon.colcon_core.event_handler.log_command:Invoking command in '/home/ashish/ros2_ws/build/manipulator_bringups': CMAKE_PREFIX_PATH=/home/ashish/ros2_ws/install/manipulator_description:/home/ashish/ros2_ws/install/my_robot_description:/home/ashish/ros2_ws/install/manipulator_bringups:/opt/ros/humble /usr/bin/cmake --build /home/ashish/ros2_ws/build/manipulator_bringups -- -j2 -l2
[1.056s] Level 1:colcon.colcon_core.environment:create_environment_scripts_only(my_robot_description)
[1.056s] Level 1:colcon.colcon_core.environment:checking '/home/ashish/ros2_ws/install/my_robot_description' for CMake module files
[1.057s] Level 1:colcon.colcon_core.environment:checking '/home/ashish/ros2_ws/install/my_robot_description' for CMake config files
[1.057s] Level 1:colcon.colcon_core.shell:create_environment_hook('my_robot_description', 'cmake_prefix_path')
[1.057s] INFO:colcon.colcon_core.shell:Creating environment hook '/home/ashish/ros2_ws/install/my_robot_description/share/my_robot_description/hook/cmake_prefix_path.ps1'
[1.058s] INFO:colcon.colcon_core.shell:Creating environment descriptor '/home/ashish/ros2_ws/install/my_robot_description/share/my_robot_description/hook/cmake_prefix_path.dsv'
[1.058s] INFO:colcon.colcon_core.shell:Creating environment hook '/home/ashish/ros2_ws/install/my_robot_description/share/my_robot_description/hook/cmake_prefix_path.sh'
[1.059s] Level 1:colcon.colcon_core.environment:checking '/home/ashish/ros2_ws/install/my_robot_description/bin'
[1.059s] Level 1:colcon.colcon_core.environment:checking '/home/ashish/ros2_ws/install/my_robot_description/lib/pkgconfig/my_robot_description.pc'
[1.059s] Level 1:colcon.colcon_core.environment:checking '/home/ashish/ros2_ws/install/my_robot_description/lib/python3.10/site-packages'
[1.060s] Level 1:colcon.colcon_core.environment:checking '/home/ashish/ros2_ws/install/my_robot_description/bin'
[1.060s] INFO:colcon.colcon_core.shell:Creating package script '/home/ashish/ros2_ws/install/my_robot_description/share/my_robot_description/package.ps1'
[1.060s] INFO:colcon.colcon_core.shell:Creating package descriptor '/home/ashish/ros2_ws/install/my_robot_description/share/my_robot_description/package.dsv'
[1.061s] INFO:colcon.colcon_core.shell:Creating package script '/home/ashish/ros2_ws/install/my_robot_description/share/my_robot_description/package.sh'
[1.062s] INFO:colcon.colcon_core.shell:Creating package script '/home/ashish/ros2_ws/install/my_robot_description/share/my_robot_description/package.bash'
[1.062s] INFO:colcon.colcon_core.shell:Creating package script '/home/ashish/ros2_ws/install/my_robot_description/share/my_robot_description/package.zsh'
[1.063s] Level 1:colcon.colcon_core.environment:create_file_with_runtime_dependencies(/home/ashish/ros2_ws/install/my_robot_description/share/colcon-core/packages/my_robot_description)
[1.113s] DEBUG:colcon.colcon_core.event_handler.log_command:Invoked command in '/home/ashish/ros2_ws/build/manipulator_bringups' returned '0': CMAKE_PREFIX_PATH=/home/ashish/ros2_ws/install/manipulator_description:/home/ashish/ros2_ws/install/my_robot_description:/home/ashish/ros2_ws/install/manipulator_bringups:/opt/ros/humble /usr/bin/cmake --build /home/ashish/ros2_ws/build/manipulator_bringups -- -j2 -l2
[1.173s] DEBUG:colcon.colcon_core.event_handler.log_command:Invoking command in '/home/ashish/ros2_ws/build/manipulator_bringups': CMAKE_PREFIX_PATH=/home/ashish/ros2_ws/install/manipulator_description:/home/ashish/ros2_ws/install/my_robot_description:/home/ashish/ros2_ws/install/manipulator_bringups:/opt/ros/humble /usr/bin/cmake --install /home/ashish/ros2_ws/build/manipulator_bringups
[1.219s] Level 1:colcon.colcon_core.environment:create_environment_scripts_only(manipulator_bringups)
[1.219s] Level 1:colcon.colcon_core.environment:checking '/home/ashish/ros2_ws/install/manipulator_bringups' for CMake module files
[1.221s] DEBUG:colcon.colcon_core.event_handler.log_command:Invoked command in '/home/ashish/ros2_ws/build/manipulator_bringups' returned '0': CMAKE_PREFIX_PATH=/home/ashish/ros2_ws/install/manipulator_description:/home/ashish/ros2_ws/install/my_robot_description:/home/ashish/ros2_ws/install/manipulator_bringups:/opt/ros/humble /usr/bin/cmake --install /home/ashish/ros2_ws/build/manipulator_bringups
[1.221s] Level 1:colcon.colcon_core.environment:checking '/home/ashish/ros2_ws/install/manipulator_bringups' for CMake config files
[1.222s] Level 1:colcon.colcon_core.shell:create_environment_hook('manipulator_bringups', 'cmake_prefix_path')
[1.222s] INFO:colcon.colcon_core.shell:Creating environment hook '/home/ashish/ros2_ws/install/manipulator_bringups/share/manipulator_bringups/hook/cmake_prefix_path.ps1'
[1.222s] INFO:colcon.colcon_core.shell:Creating environment descriptor '/home/ashish/ros2_ws/install/manipulator_bringups/share/manipulator_bringups/hook/cmake_prefix_path.dsv'
[1.223s] INFO:colcon.colcon_core.shell:Creating environment hook '/home/ashish/ros2_ws/install/manipulator_bringups/share/manipulator_bringups/hook/cmake_prefix_path.sh'
[1.224s] Level 1:colcon.colcon_core.environment:checking '/home/ashish/ros2_ws/install/manipulator_bringups/bin'
[1.224s] Level 1:colcon.colcon_core.environment:checking '/home/ashish/ros2_ws/install/manipulator_bringups/lib/pkgconfig/manipulator_bringups.pc'
[1.224s] Level 1:colcon.colcon_core.environment:checking '/home/ashish/ros2_ws/install/manipulator_bringups/lib/python3.10/site-packages'
[1.225s] Level 1:colcon.colcon_core.environment:checking '/home/ashish/ros2_ws/install/manipulator_bringups/bin'
[1.225s] INFO:colcon.colcon_core.shell:Creating package script '/home/ashish/ros2_ws/install/manipulator_bringups/share/manipulator_bringups/package.ps1'
[1.226s] INFO:colcon.colcon_core.shell:Creating package descriptor '/home/ashish/ros2_ws/install/manipulator_bringups/share/manipulator_bringups/package.dsv'
[1.226s] INFO:colcon.colcon_core.shell:Creating package script '/home/ashish/ros2_ws/install/manipulator_bringups/share/manipulator_bringups/package.sh'
[1.227s] INFO:colcon.colcon_core.shell:Creating package script '/home/ashish/ros2_ws/install/manipulator_bringups/share/manipulator_bringups/package.bash'
[1.227s] INFO:colcon.colcon_core.shell:Creating package script '/home/ashish/ros2_ws/install/manipulator_bringups/share/manipulator_bringups/package.zsh'
[1.228s] Level 1:colcon.colcon_core.environment:create_file_with_runtime_dependencies(/home/ashish/ros2_ws/install/manipulator_bringups/share/colcon-core/packages/manipulator_bringups)
[1.265s] Level 1:colcon.colcon_core.environment:create_environment_scripts_only(manipulator_bringups)
[1.265s] Level 1:colcon.colcon_core.environment:checking '/home/ashish/ros2_ws/install/manipulator_bringups' for CMake module files
[1.267s] Level 1:colcon.colcon_core.environment:checking '/home/ashish/ros2_ws/install/manipulator_bringups' for CMake config files
[1.268s] Level 1:colcon.colcon_core.shell:create_environment_hook('manipulator_bringups', 'cmake_prefix_path')
[1.268s] INFO:colcon.colcon_core.shell:Creating environment hook '/home/ashish/ros2_ws/install/manipulator_bringups/share/manipulator_bringups/hook/cmake_prefix_path.ps1'
[1.268s] INFO:colcon.colcon_core.shell:Creating environment descriptor '/home/ashish/ros2_ws/install/manipulator_bringups/share/manipulator_bringups/hook/cmake_prefix_path.dsv'
[1.269s] INFO:colcon.colcon_core.shell:Creating environment hook '/home/ashish/ros2_ws/install/manipulator_bringups/share/manipulator_bringups/hook/cmake_prefix_path.sh'
[1.270s] Level 1:colcon.colcon_core.environment:checking '/home/ashish/ros2_ws/install/manipulator_bringups/bin'
[1.270s] Level 1:colcon.colcon_core.environment:checking '/home/ashish/ros2_ws/install/manipulator_bringups/lib/pkgconfig/manipulator_bringups.pc'
[1.271s] Level 1:colcon.colcon_core.environment:checking '/home/ashish/ros2_ws/install/manipulator_bringups/lib/python3.10/site-packages'
[1.271s] Level 1:colcon.colcon_core.environment:checking '/home/ashish/ros2_ws/install/manipulator_bringups/bin'
[1.272s] INFO:colcon.colcon_core.shell:Creating package script '/home/ashish/ros2_ws/install/manipulator_bringups/share/manipulator_bringups/package.ps1'
[1.273s] INFO:colcon.colcon_core.shell:Creating package descriptor '/home/ashish/ros2_ws/install/manipulator_bringups/share/manipulator_bringups/package.dsv'
[1.273s] INFO:colcon.colcon_core.shell:Creating package script '/home/ashish/ros2_ws/install/manipulator_bringups/share/manipulator_bringups/package.sh'
[1.274s] INFO:colcon.colcon_core.shell:Creating package script '/home/ashish/ros2_ws/install/manipulator_bringups/share/manipulator_bringups/package.bash'
[1.274s] INFO:colcon.colcon_core.shell:Creating package script '/home/ashish/ros2_ws/install/manipulator_bringups/share/manipulator_bringups/package.zsh'
[1.275s] Level 1:colcon.colcon_core.environment:create_file_with_runtime_dependencies(/home/ashish/ros2_ws/install/manipulator_bringups/share/colcon-core/packages/manipulator_bringups)
[1.276s] DEBUG:colcon.colcon_parallel_executor.executor.parallel:closing loop
[1.276s] DEBUG:colcon.colcon_parallel_executor.executor.parallel:loop closed
[1.276s] DEBUG:colcon.colcon_parallel_executor.executor.parallel:run_until_complete finished with '0'
[1.276s] DEBUG:colcon.colcon_core.event_reactor:joining thread
[1.281s] INFO:colcon.colcon_core.plugin_system:Skipping extension 'colcon_notification.desktop_notification.terminal_notifier': Not used on non-Darwin systems
[1.281s] INFO:colcon.colcon_core.plugin_system:Skipping extension 'colcon_notification.desktop_notification.win32': Not used on non-Windows systems
[1.281s] INFO:colcon.colcon_notification.desktop_notification:Sending desktop notification using 'notify2'
[1.313s] DEBUG:colcon.colcon_core.event_reactor:joined thread
[1.313s] INFO:colcon.colcon_core.shell:Creating prefix script '/home/ashish/ros2_ws/install/local_setup.ps1'
[1.316s] INFO:colcon.colcon_core.shell:Creating prefix util module '/home/ashish/ros2_ws/install/_local_setup_util_ps1.py'
[1.320s] INFO:colcon.colcon_core.shell:Creating prefix chain script '/home/ashish/ros2_ws/install/setup.ps1'
[1.324s] INFO:colcon.colcon_core.shell:Creating prefix script '/home/ashish/ros2_ws/install/local_setup.sh'
[1.327s] INFO:colcon.colcon_core.shell:Creating prefix util module '/home/ashish/ros2_ws/install/_local_setup_util_sh.py'
[1.328s] INFO:colcon.colcon_core.shell:Creating prefix chain script '/home/ashish/ros2_ws/install/setup.sh'
[1.337s] INFO:colcon.colcon_core.shell:Creating prefix script '/home/ashish/ros2_ws/install/local_setup.bash'
[1.340s] INFO:colcon.colcon_core.shell:Creating prefix chain script '/home/ashish/ros2_ws/install/setup.bash'
[1.346s] INFO:colcon.colcon_core.shell:Creating prefix script '/home/ashish/ros2_ws/install/local_setup.zsh'
[1.347s] INFO:colcon.colcon_core.shell:Creating prefix chain script '/home/ashish/ros2_ws/install/setup.zsh'
