[0.504s] DEBUG:colcon:Command line arguments: ['/usr/bin/colcon', 'build']
[0.504s] DEBUG:colcon:Parsed command line arguments: Namespace(log_base=None, log_level=None, verb_name='build', build_base='build', install_base='install', merge_install=False, symlink_install=False, test_result_base=None, continue_on_error=False, executor='parallel', parallel_workers=2, event_handlers=None, ignore_user_meta=False, metas=['./colcon.meta'], base_paths=['.'], packages_ignore=None, packages_ignore_regex=None, paths=None, packages_up_to=None, packages_up_to_regex=None, packages_above=None, packages_above_and_dependencies=None, packages_above_depth=None, packages_select_by_dep=None, packages_skip_by_dep=None, packages_skip_up_to=None, packages_select_build_failed=False, packages_skip_build_finished=False, packages_select_test_failures=False, packages_skip_test_passed=False, packages_select=None, packages_skip=None, packages_select_regex=None, packages_skip_regex=None, packages_start=None, packages_end=None, allow_overriding=[], cmake_args=None, cmake_target=None, cmake_target_skip_unavailable=False, cmake_clean_cache=False, cmake_clean_first=False, cmake_force_configure=False, ament_cmake_args=None, catkin_cmake_args=None, catkin_skip_building_tests=False, verb_parser=<colcon_defaults.argument_parser.defaults.DefaultArgumentsDecorator object at 0x7c5cf59ff820>, verb_extension=<colcon_core.verb.build.BuildVerb object at 0x7c5cf5940310>, main=<bound method BuildVerb.main of <colcon_core.verb.build.BuildVerb object at 0x7c5cf5940310>>)
[0.950s] Level 1:colcon.colcon_core.package_discovery:discover_packages(colcon_meta) check parameters
[0.950s] Level 1:colcon.colcon_core.package_discovery:discover_packages(recursive) check parameters
[0.951s] Level 1:colcon.colcon_core.package_discovery:discover_packages(ignore) check parameters
[0.951s] Level 1:colcon.colcon_core.package_discovery:discover_packages(path) check parameters
[0.951s] Level 1:colcon.colcon_core.package_discovery:discover_packages(colcon_meta) discover
[0.951s] Level 1:colcon.colcon_core.package_discovery:discover_packages(recursive) discover
[0.951s] INFO:colcon.colcon_core.package_discovery:Crawling recursively for packages in '/home/ashish/ros2_ws'
[0.951s] Level 1:colcon.colcon_core.package_identification:_identify(.) by extensions ['ignore', 'ignore_ament_install']
[0.951s] Level 1:colcon.colcon_core.package_identification:_identify(.) by extension 'ignore'
[0.951s] Level 1:colcon.colcon_core.package_identification:_identify(.) by extension 'ignore_ament_install'
[0.952s] Level 1:colcon.colcon_core.package_identification:_identify(.) by extensions ['colcon_pkg']
[0.952s] Level 1:colcon.colcon_core.package_identification:_identify(.) by extension 'colcon_pkg'
[0.952s] Level 1:colcon.colcon_core.package_identification:_identify(.) by extensions ['colcon_meta']
[0.952s] Level 1:colcon.colcon_core.package_identification:_identify(.) by extension 'colcon_meta'
[0.952s] Level 1:colcon.colcon_core.package_identification:_identify(.) by extensions ['ros']
[0.952s] Level 1:colcon.colcon_core.package_identification:_identify(.) by extension 'ros'
[0.987s] Level 1:colcon.colcon_core.package_identification:_identify(.) by extensions ['cmake', 'python']
[0.987s] Level 1:colcon.colcon_core.package_identification:_identify(.) by extension 'cmake'
[0.987s] Level 1:colcon.colcon_core.package_identification:_identify(.) by extension 'python'
[0.987s] Level 1:colcon.colcon_core.package_identification:_identify(.) by extensions ['python_setup_py']
[0.987s] Level 1:colcon.colcon_core.package_identification:_identify(.) by extension 'python_setup_py'
[0.987s] Level 1:colcon.colcon_core.package_identification:_identify(build) by extensions ['ignore', 'ignore_ament_install']
[0.988s] Level 1:colcon.colcon_core.package_identification:_identify(build) by extension 'ignore'
[0.988s] Level 1:colcon.colcon_core.package_identification:_identify(build) ignored
[0.988s] Level 1:colcon.colcon_core.package_identification:_identify(install) by extensions ['ignore', 'ignore_ament_install']
[0.988s] Level 1:colcon.colcon_core.package_identification:_identify(install) by extension 'ignore'
[0.989s] Level 1:colcon.colcon_core.package_identification:_identify(install) ignored
[0.989s] Level 1:colcon.colcon_core.package_identification:_identify(log) by extensions ['ignore', 'ignore_ament_install']
[0.989s] Level 1:colcon.colcon_core.package_identification:_identify(log) by extension 'ignore'
[0.989s] Level 1:colcon.colcon_core.package_identification:_identify(log) ignored
[0.990s] Level 1:colcon.colcon_core.package_identification:_identify(src) by extensions ['ignore', 'ignore_ament_install']
[0.990s] Level 1:colcon.colcon_core.package_identification:_identify(src) by extension 'ignore'
[0.990s] Level 1:colcon.colcon_core.package_identification:_identify(src) by extension 'ignore_ament_install'
[0.990s] Level 1:colcon.colcon_core.package_identification:_identify(src) by extensions ['colcon_pkg']
[0.990s] Level 1:colcon.colcon_core.package_identification:_identify(src) by extension 'colcon_pkg'
[0.990s] Level 1:colcon.colcon_core.package_identification:_identify(src) by extensions ['colcon_meta']
[0.990s] Level 1:colcon.colcon_core.package_identification:_identify(src) by extension 'colcon_meta'
[0.990s] Level 1:colcon.colcon_core.package_identification:_identify(src) by extensions ['ros']
[0.990s] Level 1:colcon.colcon_core.package_identification:_identify(src) by extension 'ros'
[0.991s] Level 1:colcon.colcon_core.package_identification:_identify(src) by extensions ['cmake', 'python']
[0.991s] Level 1:colcon.colcon_core.package_identification:_identify(src) by extension 'cmake'
[0.991s] Level 1:colcon.colcon_core.package_identification:_identify(src) by extension 'python'
[0.991s] Level 1:colcon.colcon_core.package_identification:_identify(src) by extensions ['python_setup_py']
[0.991s] Level 1:colcon.colcon_core.package_identification:_identify(src) by extension 'python_setup_py'
[0.992s] Level 1:colcon.colcon_core.package_identification:_identify(src/manipulator_bringups) by extensions ['ignore', 'ignore_ament_install']
[0.992s] Level 1:colcon.colcon_core.package_identification:_identify(src/manipulator_bringups) by extension 'ignore'
[0.992s] Level 1:colcon.colcon_core.package_identification:_identify(src/manipulator_bringups) by extension 'ignore_ament_install'
[0.993s] Level 1:colcon.colcon_core.package_identification:_identify(src/manipulator_bringups) by extensions ['colcon_pkg']
[0.993s] Level 1:colcon.colcon_core.package_identification:_identify(src/manipulator_bringups) by extension 'colcon_pkg'
[0.993s] Level 1:colcon.colcon_core.package_identification:_identify(src/manipulator_bringups) by extensions ['colcon_meta']
[0.993s] Level 1:colcon.colcon_core.package_identification:_identify(src/manipulator_bringups) by extension 'colcon_meta'
[0.993s] Level 1:colcon.colcon_core.package_identification:_identify(src/manipulator_bringups) by extensions ['ros']
[0.993s] Level 1:colcon.colcon_core.package_identification:_identify(src/manipulator_bringups) by extension 'ros'
[1.003s] DEBUG:colcon.colcon_core.package_identification:Package 'src/manipulator_bringups' with type 'ros.ament_cmake' and name 'manipulator_bringups'
[1.003s] Level 1:colcon.colcon_core.package_identification:_identify(src/manipulator_description) by extensions ['ignore', 'ignore_ament_install']
[1.003s] Level 1:colcon.colcon_core.package_identification:_identify(src/manipulator_description) by extension 'ignore'
[1.003s] Level 1:colcon.colcon_core.package_identification:_identify(src/manipulator_description) by extension 'ignore_ament_install'
[1.003s] Level 1:colcon.colcon_core.package_identification:_identify(src/manipulator_description) by extensions ['colcon_pkg']
[1.003s] Level 1:colcon.colcon_core.package_identification:_identify(src/manipulator_description) by extension 'colcon_pkg'
[1.004s] Level 1:colcon.colcon_core.package_identification:_identify(src/manipulator_description) by extensions ['colcon_meta']
[1.004s] Level 1:colcon.colcon_core.package_identification:_identify(src/manipulator_description) by extension 'colcon_meta'
[1.004s] Level 1:colcon.colcon_core.package_identification:_identify(src/manipulator_description) by extensions ['ros']
[1.004s] Level 1:colcon.colcon_core.package_identification:_identify(src/manipulator_description) by extension 'ros'
[1.006s] DEBUG:colcon.colcon_core.package_identification:Package 'src/manipulator_description' with type 'ros.ament_cmake' and name 'manipulator_description'
[1.007s] Level 1:colcon.colcon_core.package_identification:_identify(src/my_robot_description) by extensions ['ignore', 'ignore_ament_install']
[1.007s] Level 1:colcon.colcon_core.package_identification:_identify(src/my_robot_description) by extension 'ignore'
[1.007s] Level 1:colcon.colcon_core.package_identification:_identify(src/my_robot_description) by extension 'ignore_ament_install'
[1.007s] Level 1:colcon.colcon_core.package_identification:_identify(src/my_robot_description) by extensions ['colcon_pkg']
[1.007s] Level 1:colcon.colcon_core.package_identification:_identify(src/my_robot_description) by extension 'colcon_pkg'
[1.007s] Level 1:colcon.colcon_core.package_identification:_identify(src/my_robot_description) by extensions ['colcon_meta']
[1.007s] Level 1:colcon.colcon_core.package_identification:_identify(src/my_robot_description) by extension 'colcon_meta'
[1.008s] Level 1:colcon.colcon_core.package_identification:_identify(src/my_robot_description) by extensions ['ros']
[1.008s] Level 1:colcon.colcon_core.package_identification:_identify(src/my_robot_description) by extension 'ros'
[1.009s] DEBUG:colcon.colcon_core.package_identification:Package 'src/my_robot_description' with type 'ros.ament_cmake' and name 'my_robot_description'
[1.009s] Level 1:colcon.colcon_core.package_discovery:discover_packages(recursive) using defaults
[1.009s] Level 1:colcon.colcon_core.package_discovery:discover_packages(ignore) discover
[1.010s] Level 1:colcon.colcon_core.package_discovery:discover_packages(ignore) using defaults
[1.010s] Level 1:colcon.colcon_core.package_discovery:discover_packages(path) discover
[1.010s] Level 1:colcon.colcon_core.package_discovery:discover_packages(path) using defaults
[1.088s] Level 1:colcon.colcon_core.package_discovery:discover_packages(prefix_path) check parameters
[1.088s] Level 1:colcon.colcon_core.package_discovery:discover_packages(prefix_path) discover
[1.092s] DEBUG:colcon.colcon_installed_package_information.package_discovery:Found 3 installed packages in /home/ashish/ros2_ws/install
[1.093s] DEBUG:colcon.colcon_installed_package_information.package_discovery:Found 282 installed packages in /opt/ros/humble
[1.095s] Level 1:colcon.colcon_core.package_discovery:discover_packages(prefix_path) using defaults
[1.193s] Level 5:colcon.colcon_core.verb:set package 'manipulator_description' build argument 'cmake_args' from command line to 'None'
[1.194s] Level 5:colcon.colcon_core.verb:set package 'manipulator_description' build argument 'cmake_target' from command line to 'None'
[1.194s] Level 5:colcon.colcon_core.verb:set package 'manipulator_description' build argument 'cmake_target_skip_unavailable' from command line to 'False'
[1.194s] Level 5:colcon.colcon_core.verb:set package 'manipulator_description' build argument 'cmake_clean_cache' from command line to 'False'
[1.194s] Level 5:colcon.colcon_core.verb:set package 'manipulator_description' build argument 'cmake_clean_first' from command line to 'False'
[1.194s] Level 5:colcon.colcon_core.verb:set package 'manipulator_description' build argument 'cmake_force_configure' from command line to 'False'
[1.194s] Level 5:colcon.colcon_core.verb:set package 'manipulator_description' build argument 'ament_cmake_args' from command line to 'None'
[1.194s] Level 5:colcon.colcon_core.verb:set package 'manipulator_description' build argument 'catkin_cmake_args' from command line to 'None'
[1.194s] Level 5:colcon.colcon_core.verb:set package 'manipulator_description' build argument 'catkin_skip_building_tests' from command line to 'False'
[1.194s] DEBUG:colcon.colcon_core.verb:Building package 'manipulator_description' with the following arguments: {'ament_cmake_args': None, 'build_base': '/home/ashish/ros2_ws/build/manipulator_description', 'catkin_cmake_args': None, 'catkin_skip_building_tests': False, 'cmake_args': None, 'cmake_clean_cache': False, 'cmake_clean_first': False, 'cmake_force_configure': False, 'cmake_target': None, 'cmake_target_skip_unavailable': False, 'install_base': '/home/ashish/ros2_ws/install/manipulator_description', 'merge_install': False, 'path': '/home/ashish/ros2_ws/src/manipulator_description', 'symlink_install': False, 'test_result_base': None}
[1.194s] Level 5:colcon.colcon_core.verb:set package 'my_robot_description' build argument 'cmake_args' from command line to 'None'
[1.194s] Level 5:colcon.colcon_core.verb:set package 'my_robot_description' build argument 'cmake_target' from command line to 'None'
[1.194s] Level 5:colcon.colcon_core.verb:set package 'my_robot_description' build argument 'cmake_target_skip_unavailable' from command line to 'False'
[1.194s] Level 5:colcon.colcon_core.verb:set package 'my_robot_description' build argument 'cmake_clean_cache' from command line to 'False'
[1.194s] Level 5:colcon.colcon_core.verb:set package 'my_robot_description' build argument 'cmake_clean_first' from command line to 'False'
[1.194s] Level 5:colcon.colcon_core.verb:set package 'my_robot_description' build argument 'cmake_force_configure' from command line to 'False'
[1.194s] Level 5:colcon.colcon_core.verb:set package 'my_robot_description' build argument 'ament_cmake_args' from command line to 'None'
[1.194s] Level 5:colcon.colcon_core.verb:set package 'my_robot_description' build argument 'catkin_cmake_args' from command line to 'None'
[1.194s] Level 5:colcon.colcon_core.verb:set package 'my_robot_description' build argument 'catkin_skip_building_tests' from command line to 'False'
[1.194s] DEBUG:colcon.colcon_core.verb:Building package 'my_robot_description' with the following arguments: {'ament_cmake_args': None, 'build_base': '/home/ashish/ros2_ws/build/my_robot_description', 'catkin_cmake_args': None, 'catkin_skip_building_tests': False, 'cmake_args': None, 'cmake_clean_cache': False, 'cmake_clean_first': False, 'cmake_force_configure': False, 'cmake_target': None, 'cmake_target_skip_unavailable': False, 'install_base': '/home/ashish/ros2_ws/install/my_robot_description', 'merge_install': False, 'path': '/home/ashish/ros2_ws/src/my_robot_description', 'symlink_install': False, 'test_result_base': None}
[1.195s] Level 5:colcon.colcon_core.verb:set package 'manipulator_bringups' build argument 'cmake_args' from command line to 'None'
[1.195s] Level 5:colcon.colcon_core.verb:set package 'manipulator_bringups' build argument 'cmake_target' from command line to 'None'
[1.195s] Level 5:colcon.colcon_core.verb:set package 'manipulator_bringups' build argument 'cmake_target_skip_unavailable' from command line to 'False'
[1.195s] Level 5:colcon.colcon_core.verb:set package 'manipulator_bringups' build argument 'cmake_clean_cache' from command line to 'False'
[1.195s] Level 5:colcon.colcon_core.verb:set package 'manipulator_bringups' build argument 'cmake_clean_first' from command line to 'False'
[1.195s] Level 5:colcon.colcon_core.verb:set package 'manipulator_bringups' build argument 'cmake_force_configure' from command line to 'False'
[1.195s] Level 5:colcon.colcon_core.verb:set package 'manipulator_bringups' build argument 'ament_cmake_args' from command line to 'None'
[1.195s] Level 5:colcon.colcon_core.verb:set package 'manipulator_bringups' build argument 'catkin_cmake_args' from command line to 'None'
[1.195s] Level 5:colcon.colcon_core.verb:set package 'manipulator_bringups' build argument 'catkin_skip_building_tests' from command line to 'False'
[1.195s] DEBUG:colcon.colcon_core.verb:Building package 'manipulator_bringups' with the following arguments: {'ament_cmake_args': None, 'build_base': '/home/ashish/ros2_ws/build/manipulator_bringups', 'catkin_cmake_args': None, 'catkin_skip_building_tests': False, 'cmake_args': None, 'cmake_clean_cache': False, 'cmake_clean_first': False, 'cmake_force_configure': False, 'cmake_target': None, 'cmake_target_skip_unavailable': False, 'install_base': '/home/ashish/ros2_ws/install/manipulator_bringups', 'merge_install': False, 'path': '/home/ashish/ros2_ws/src/manipulator_bringups', 'symlink_install': False, 'test_result_base': None}
[1.195s] INFO:colcon.colcon_core.executor:Executing jobs using 'parallel' executor
[1.196s] DEBUG:colcon.colcon_parallel_executor.executor.parallel:run_until_complete
[1.197s] INFO:colcon.colcon_ros.task.ament_cmake.build:Building ROS package in '/home/ashish/ros2_ws/src/manipulator_description' with build type 'ament_cmake'
[1.197s] INFO:colcon.colcon_cmake.task.cmake.build:Building CMake package in '/home/ashish/ros2_ws/src/manipulator_description'
[1.208s] INFO:colcon.colcon_core.plugin_system:Skipping extension 'colcon_core.shell.bat': Not used on non-Windows systems
[1.209s] INFO:colcon.colcon_core.shell:Skip shell extension 'powershell' for command environment: Not usable outside of PowerShell
[1.209s] DEBUG:colcon.colcon_core.shell:Skip shell extension 'dsv' for command environment
[1.216s] INFO:colcon.colcon_ros.task.ament_cmake.build:Building ROS package in '/home/ashish/ros2_ws/src/my_robot_description' with build type 'ament_cmake'
[1.216s] INFO:colcon.colcon_cmake.task.cmake.build:Building CMake package in '/home/ashish/ros2_ws/src/my_robot_description'
[1.216s] INFO:colcon.colcon_core.shell:Skip shell extension 'powershell' for command environment: Not usable outside of PowerShell
[1.217s] DEBUG:colcon.colcon_core.shell:Skip shell extension 'dsv' for command environment
[1.246s] DEBUG:colcon.colcon_core.event_handler.log_command:Invoking command in '/home/ashish/ros2_ws/build/manipulator_description': CMAKE_PREFIX_PATH=${CMAKE_PREFIX_PATH}:/opt/ros/humble /usr/bin/cmake --build /home/ashish/ros2_ws/build/manipulator_description -- -j2 -l2
[1.269s] DEBUG:colcon.colcon_core.event_handler.log_command:Invoking command in '/home/ashish/ros2_ws/build/my_robot_description': CMAKE_PREFIX_PATH=${CMAKE_PREFIX_PATH}:/opt/ros/humble /usr/bin/cmake --build /home/ashish/ros2_ws/build/my_robot_description -- -j2 -l2
[1.425s] DEBUG:colcon.colcon_core.event_handler.log_command:Invoked command in '/home/ashish/ros2_ws/build/my_robot_description' returned '0': CMAKE_PREFIX_PATH=${CMAKE_PREFIX_PATH}:/opt/ros/humble /usr/bin/cmake --build /home/ashish/ros2_ws/build/my_robot_description -- -j2 -l2
[1.428s] DEBUG:colcon.colcon_core.event_handler.log_command:Invoked command in '/home/ashish/ros2_ws/build/manipulator_description' returned '0': CMAKE_PREFIX_PATH=${CMAKE_PREFIX_PATH}:/opt/ros/humble /usr/bin/cmake --build /home/ashish/ros2_ws/build/manipulator_description -- -j2 -l2
[1.476s] DEBUG:colcon.colcon_core.event_handler.log_command:Invoking command in '/home/ashish/ros2_ws/build/my_robot_description': CMAKE_PREFIX_PATH=${CMAKE_PREFIX_PATH}:/opt/ros/humble /usr/bin/cmake --install /home/ashish/ros2_ws/build/my_robot_description
[1.478s] DEBUG:colcon.colcon_core.event_handler.log_command:Invoking command in '/home/ashish/ros2_ws/build/manipulator_description': CMAKE_PREFIX_PATH=${CMAKE_PREFIX_PATH}:/opt/ros/humble /usr/bin/cmake --install /home/ashish/ros2_ws/build/manipulator_description
[1.499s] Level 1:colcon.colcon_core.environment:create_environment_scripts_only(my_robot_description)
[1.501s] DEBUG:colcon.colcon_core.event_handler.log_command:Invoked command in '/home/ashish/ros2_ws/build/my_robot_description' returned '0': CMAKE_PREFIX_PATH=${CMAKE_PREFIX_PATH}:/opt/ros/humble /usr/bin/cmake --install /home/ashish/ros2_ws/build/my_robot_description
[1.511s] Level 1:colcon.colcon_core.environment:checking '/home/ashish/ros2_ws/install/my_robot_description' for CMake module files
[1.512s] Level 1:colcon.colcon_core.environment:checking '/home/ashish/ros2_ws/install/my_robot_description' for CMake config files
[1.513s] Level 1:colcon.colcon_core.shell:create_environment_hook('my_robot_description', 'cmake_prefix_path')
[1.513s] INFO:colcon.colcon_core.shell:Creating environment hook '/home/ashish/ros2_ws/install/my_robot_description/share/my_robot_description/hook/cmake_prefix_path.ps1'
[1.516s] INFO:colcon.colcon_core.shell:Creating environment descriptor '/home/ashish/ros2_ws/install/my_robot_description/share/my_robot_description/hook/cmake_prefix_path.dsv'
[1.519s] INFO:colcon.colcon_core.shell:Creating environment hook '/home/ashish/ros2_ws/install/my_robot_description/share/my_robot_description/hook/cmake_prefix_path.sh'
[1.522s] Level 1:colcon.colcon_core.environment:checking '/home/ashish/ros2_ws/install/my_robot_description/bin'
[1.522s] Level 1:colcon.colcon_core.environment:checking '/home/ashish/ros2_ws/install/my_robot_description/lib/pkgconfig/my_robot_description.pc'
[1.523s] Level 1:colcon.colcon_core.environment:checking '/home/ashish/ros2_ws/install/my_robot_description/lib/python3.10/site-packages'
[1.525s] Level 1:colcon.colcon_core.environment:checking '/home/ashish/ros2_ws/install/my_robot_description/bin'
[1.526s] INFO:colcon.colcon_core.shell:Creating package script '/home/ashish/ros2_ws/install/my_robot_description/share/my_robot_description/package.ps1'
[1.529s] INFO:colcon.colcon_core.shell:Creating package descriptor '/home/ashish/ros2_ws/install/my_robot_description/share/my_robot_description/package.dsv'
[1.531s] INFO:colcon.colcon_core.shell:Creating package script '/home/ashish/ros2_ws/install/my_robot_description/share/my_robot_description/package.sh'
[1.535s] INFO:colcon.colcon_core.shell:Creating package script '/home/ashish/ros2_ws/install/my_robot_description/share/my_robot_description/package.bash'
[1.540s] INFO:colcon.colcon_core.shell:Creating package script '/home/ashish/ros2_ws/install/my_robot_description/share/my_robot_description/package.zsh'
[1.545s] Level 1:colcon.colcon_core.environment:create_file_with_runtime_dependencies(/home/ashish/ros2_ws/install/my_robot_description/share/colcon-core/packages/my_robot_description)
[1.550s] Level 1:colcon.colcon_core.environment:create_environment_scripts_only(manipulator_description)
[1.551s] Level 1:colcon.colcon_core.environment:checking '/home/ashish/ros2_ws/install/manipulator_description' for CMake module files
[1.553s] DEBUG:colcon.colcon_core.event_handler.log_command:Invoked command in '/home/ashish/ros2_ws/build/manipulator_description' returned '0': CMAKE_PREFIX_PATH=${CMAKE_PREFIX_PATH}:/opt/ros/humble /usr/bin/cmake --install /home/ashish/ros2_ws/build/manipulator_description
[1.554s] Level 1:colcon.colcon_core.environment:checking '/home/ashish/ros2_ws/install/manipulator_description' for CMake config files
[1.555s] Level 1:colcon.colcon_core.shell:create_environment_hook('manipulator_description', 'cmake_prefix_path')
[1.556s] INFO:colcon.colcon_core.shell:Creating environment hook '/home/ashish/ros2_ws/install/manipulator_description/share/manipulator_description/hook/cmake_prefix_path.ps1'
[1.557s] INFO:colcon.colcon_core.shell:Creating environment descriptor '/home/ashish/ros2_ws/install/manipulator_description/share/manipulator_description/hook/cmake_prefix_path.dsv'
[1.559s] INFO:colcon.colcon_core.shell:Creating environment hook '/home/ashish/ros2_ws/install/manipulator_description/share/manipulator_description/hook/cmake_prefix_path.sh'
[1.561s] Level 1:colcon.colcon_core.environment:checking '/home/ashish/ros2_ws/install/manipulator_description/bin'
[1.561s] Level 1:colcon.colcon_core.environment:checking '/home/ashish/ros2_ws/install/manipulator_description/lib/pkgconfig/manipulator_description.pc'
[1.562s] Level 1:colcon.colcon_core.environment:checking '/home/ashish/ros2_ws/install/manipulator_description/lib/python3.10/site-packages'
[1.563s] Level 1:colcon.colcon_core.environment:checking '/home/ashish/ros2_ws/install/manipulator_description/bin'
[1.564s] INFO:colcon.colcon_core.shell:Creating package script '/home/ashish/ros2_ws/install/manipulator_description/share/manipulator_description/package.ps1'
[1.566s] INFO:colcon.colcon_core.shell:Creating package descriptor '/home/ashish/ros2_ws/install/manipulator_description/share/manipulator_description/package.dsv'
[1.567s] INFO:colcon.colcon_core.shell:Creating package script '/home/ashish/ros2_ws/install/manipulator_description/share/manipulator_description/package.sh'
[1.568s] INFO:colcon.colcon_core.shell:Creating package script '/home/ashish/ros2_ws/install/manipulator_description/share/manipulator_description/package.bash'
[1.569s] INFO:colcon.colcon_core.shell:Creating package script '/home/ashish/ros2_ws/install/manipulator_description/share/manipulator_description/package.zsh'
[1.570s] Level 1:colcon.colcon_core.environment:create_file_with_runtime_dependencies(/home/ashish/ros2_ws/install/manipulator_description/share/colcon-core/packages/manipulator_description)
[1.597s] Level 1:colcon.colcon_core.environment:create_environment_scripts_only(my_robot_description)
[1.598s] Level 1:colcon.colcon_core.environment:checking '/home/ashish/ros2_ws/install/my_robot_description' for CMake module files
[1.598s] Level 1:colcon.colcon_core.environment:checking '/home/ashish/ros2_ws/install/my_robot_description' for CMake config files
[1.599s] Level 1:colcon.colcon_core.shell:create_environment_hook('my_robot_description', 'cmake_prefix_path')
[1.599s] INFO:colcon.colcon_core.shell:Creating environment hook '/home/ashish/ros2_ws/install/my_robot_description/share/my_robot_description/hook/cmake_prefix_path.ps1'
[1.599s] INFO:colcon.colcon_core.shell:Creating environment descriptor '/home/ashish/ros2_ws/install/my_robot_description/share/my_robot_description/hook/cmake_prefix_path.dsv'
[1.601s] INFO:colcon.colcon_core.shell:Creating environment hook '/home/ashish/ros2_ws/install/my_robot_description/share/my_robot_description/hook/cmake_prefix_path.sh'
[1.603s] Level 1:colcon.colcon_core.environment:checking '/home/ashish/ros2_ws/install/my_robot_description/bin'
[1.604s] Level 1:colcon.colcon_core.environment:checking '/home/ashish/ros2_ws/install/my_robot_description/lib/pkgconfig/my_robot_description.pc'
[1.605s] Level 1:colcon.colcon_core.environment:checking '/home/ashish/ros2_ws/install/my_robot_description/lib/python3.10/site-packages'
[1.605s] Level 1:colcon.colcon_core.environment:checking '/home/ashish/ros2_ws/install/my_robot_description/bin'
[1.607s] INFO:colcon.colcon_core.shell:Creating package script '/home/ashish/ros2_ws/install/my_robot_description/share/my_robot_description/package.ps1'
[1.609s] INFO:colcon.colcon_core.shell:Creating package descriptor '/home/ashish/ros2_ws/install/my_robot_description/share/my_robot_description/package.dsv'
[1.611s] INFO:colcon.colcon_core.shell:Creating package script '/home/ashish/ros2_ws/install/my_robot_description/share/my_robot_description/package.sh'
[1.612s] INFO:colcon.colcon_core.shell:Creating package script '/home/ashish/ros2_ws/install/my_robot_description/share/my_robot_description/package.bash'
[1.613s] INFO:colcon.colcon_core.shell:Creating package script '/home/ashish/ros2_ws/install/my_robot_description/share/my_robot_description/package.zsh'
[1.613s] Level 1:colcon.colcon_core.environment:create_file_with_runtime_dependencies(/home/ashish/ros2_ws/install/my_robot_description/share/colcon-core/packages/my_robot_description)
[1.633s] Level 1:colcon.colcon_core.environment:create_environment_scripts_only(manipulator_description)
[1.634s] Level 1:colcon.colcon_core.environment:checking '/home/ashish/ros2_ws/install/manipulator_description' for CMake module files
[1.635s] Level 1:colcon.colcon_core.environment:checking '/home/ashish/ros2_ws/install/manipulator_description' for CMake config files
[1.636s] Level 1:colcon.colcon_core.shell:create_environment_hook('manipulator_description', 'cmake_prefix_path')
[1.637s] INFO:colcon.colcon_core.shell:Creating environment hook '/home/ashish/ros2_ws/install/manipulator_description/share/manipulator_description/hook/cmake_prefix_path.ps1'
[1.638s] INFO:colcon.colcon_core.shell:Creating environment descriptor '/home/ashish/ros2_ws/install/manipulator_description/share/manipulator_description/hook/cmake_prefix_path.dsv'
[1.639s] INFO:colcon.colcon_core.shell:Creating environment hook '/home/ashish/ros2_ws/install/manipulator_description/share/manipulator_description/hook/cmake_prefix_path.sh'
[1.640s] Level 1:colcon.colcon_core.environment:checking '/home/ashish/ros2_ws/install/manipulator_description/bin'
[1.640s] Level 1:colcon.colcon_core.environment:checking '/home/ashish/ros2_ws/install/manipulator_description/lib/pkgconfig/manipulator_description.pc'
[1.640s] Level 1:colcon.colcon_core.environment:checking '/home/ashish/ros2_ws/install/manipulator_description/lib/python3.10/site-packages'
[1.641s] Level 1:colcon.colcon_core.environment:checking '/home/ashish/ros2_ws/install/manipulator_description/bin'
[1.641s] INFO:colcon.colcon_core.shell:Creating package script '/home/ashish/ros2_ws/install/manipulator_description/share/manipulator_description/package.ps1'
[1.642s] INFO:colcon.colcon_core.shell:Creating package descriptor '/home/ashish/ros2_ws/install/manipulator_description/share/manipulator_description/package.dsv'
[1.643s] INFO:colcon.colcon_core.shell:Creating package script '/home/ashish/ros2_ws/install/manipulator_description/share/manipulator_description/package.sh'
[1.644s] INFO:colcon.colcon_core.shell:Creating package script '/home/ashish/ros2_ws/install/manipulator_description/share/manipulator_description/package.bash'
[1.646s] INFO:colcon.colcon_core.shell:Creating package script '/home/ashish/ros2_ws/install/manipulator_description/share/manipulator_description/package.zsh'
[1.646s] Level 1:colcon.colcon_core.environment:create_file_with_runtime_dependencies(/home/ashish/ros2_ws/install/manipulator_description/share/colcon-core/packages/manipulator_description)
[1.649s] INFO:colcon.colcon_ros.task.ament_cmake.build:Building ROS package in '/home/ashish/ros2_ws/src/manipulator_bringups' with build type 'ament_cmake'
[1.650s] INFO:colcon.colcon_cmake.task.cmake.build:Building CMake package in '/home/ashish/ros2_ws/src/manipulator_bringups'
[1.650s] INFO:colcon.colcon_core.shell:Skip shell extension 'powershell' for command environment: Not usable outside of PowerShell
[1.651s] DEBUG:colcon.colcon_core.shell:Skip shell extension 'dsv' for command environment
[1.690s] DEBUG:colcon.colcon_core.event_handler.log_command:Invoking command in '/home/ashish/ros2_ws/build/manipulator_bringups': CMAKE_PREFIX_PATH=/home/ashish/ros2_ws/install/manipulator_description:/home/ashish/ros2_ws/install/my_robot_description:/home/ashish/ros2_ws/install/manipulator_bringups:/opt/ros/humble /usr/bin/cmake --build /home/ashish/ros2_ws/build/manipulator_bringups -- -j2 -l2
[1.768s] DEBUG:colcon.colcon_core.event_handler.log_command:Invoked command in '/home/ashish/ros2_ws/build/manipulator_bringups' returned '0': CMAKE_PREFIX_PATH=/home/ashish/ros2_ws/install/manipulator_description:/home/ashish/ros2_ws/install/my_robot_description:/home/ashish/ros2_ws/install/manipulator_bringups:/opt/ros/humble /usr/bin/cmake --build /home/ashish/ros2_ws/build/manipulator_bringups -- -j2 -l2
[1.815s] DEBUG:colcon.colcon_core.event_handler.log_command:Invoking command in '/home/ashish/ros2_ws/build/manipulator_bringups': CMAKE_PREFIX_PATH=/home/ashish/ros2_ws/install/manipulator_description:/home/ashish/ros2_ws/install/my_robot_description:/home/ashish/ros2_ws/install/manipulator_bringups:/opt/ros/humble /usr/bin/cmake --install /home/ashish/ros2_ws/build/manipulator_bringups
[1.839s] Level 1:colcon.colcon_core.environment:create_environment_scripts_only(manipulator_bringups)
[1.839s] DEBUG:colcon.colcon_core.event_handler.log_command:Invoked command in '/home/ashish/ros2_ws/build/manipulator_bringups' returned '0': CMAKE_PREFIX_PATH=/home/ashish/ros2_ws/install/manipulator_description:/home/ashish/ros2_ws/install/my_robot_description:/home/ashish/ros2_ws/install/manipulator_bringups:/opt/ros/humble /usr/bin/cmake --install /home/ashish/ros2_ws/build/manipulator_bringups
[1.839s] Level 1:colcon.colcon_core.environment:checking '/home/ashish/ros2_ws/install/manipulator_bringups' for CMake module files
[1.840s] Level 1:colcon.colcon_core.environment:checking '/home/ashish/ros2_ws/install/manipulator_bringups' for CMake config files
[1.840s] Level 1:colcon.colcon_core.shell:create_environment_hook('manipulator_bringups', 'cmake_prefix_path')
[1.841s] INFO:colcon.colcon_core.shell:Creating environment hook '/home/ashish/ros2_ws/install/manipulator_bringups/share/manipulator_bringups/hook/cmake_prefix_path.ps1'
[1.841s] INFO:colcon.colcon_core.shell:Creating environment descriptor '/home/ashish/ros2_ws/install/manipulator_bringups/share/manipulator_bringups/hook/cmake_prefix_path.dsv'
[1.842s] INFO:colcon.colcon_core.shell:Creating environment hook '/home/ashish/ros2_ws/install/manipulator_bringups/share/manipulator_bringups/hook/cmake_prefix_path.sh'
[1.843s] Level 1:colcon.colcon_core.environment:checking '/home/ashish/ros2_ws/install/manipulator_bringups/bin'
[1.843s] Level 1:colcon.colcon_core.environment:checking '/home/ashish/ros2_ws/install/manipulator_bringups/lib/pkgconfig/manipulator_bringups.pc'
[1.843s] Level 1:colcon.colcon_core.environment:checking '/home/ashish/ros2_ws/install/manipulator_bringups/lib/python3.10/site-packages'
[1.843s] Level 1:colcon.colcon_core.environment:checking '/home/ashish/ros2_ws/install/manipulator_bringups/bin'
[1.844s] INFO:colcon.colcon_core.shell:Creating package script '/home/ashish/ros2_ws/install/manipulator_bringups/share/manipulator_bringups/package.ps1'
[1.844s] INFO:colcon.colcon_core.shell:Creating package descriptor '/home/ashish/ros2_ws/install/manipulator_bringups/share/manipulator_bringups/package.dsv'
[1.845s] INFO:colcon.colcon_core.shell:Creating package script '/home/ashish/ros2_ws/install/manipulator_bringups/share/manipulator_bringups/package.sh'
[1.846s] INFO:colcon.colcon_core.shell:Creating package script '/home/ashish/ros2_ws/install/manipulator_bringups/share/manipulator_bringups/package.bash'
[1.846s] INFO:colcon.colcon_core.shell:Creating package script '/home/ashish/ros2_ws/install/manipulator_bringups/share/manipulator_bringups/package.zsh'
[1.847s] Level 1:colcon.colcon_core.environment:create_file_with_runtime_dependencies(/home/ashish/ros2_ws/install/manipulator_bringups/share/colcon-core/packages/manipulator_bringups)
[1.871s] Level 1:colcon.colcon_core.environment:create_environment_scripts_only(manipulator_bringups)
[1.872s] Level 1:colcon.colcon_core.environment:checking '/home/ashish/ros2_ws/install/manipulator_bringups' for CMake module files
[1.872s] Level 1:colcon.colcon_core.environment:checking '/home/ashish/ros2_ws/install/manipulator_bringups' for CMake config files
[1.872s] Level 1:colcon.colcon_core.shell:create_environment_hook('manipulator_bringups', 'cmake_prefix_path')
[1.872s] INFO:colcon.colcon_core.shell:Creating environment hook '/home/ashish/ros2_ws/install/manipulator_bringups/share/manipulator_bringups/hook/cmake_prefix_path.ps1'
[1.873s] INFO:colcon.colcon_core.shell:Creating environment descriptor '/home/ashish/ros2_ws/install/manipulator_bringups/share/manipulator_bringups/hook/cmake_prefix_path.dsv'
[1.874s] INFO:colcon.colcon_core.shell:Creating environment hook '/home/ashish/ros2_ws/install/manipulator_bringups/share/manipulator_bringups/hook/cmake_prefix_path.sh'
[1.875s] Level 1:colcon.colcon_core.environment:checking '/home/ashish/ros2_ws/install/manipulator_bringups/bin'
[1.875s] Level 1:colcon.colcon_core.environment:checking '/home/ashish/ros2_ws/install/manipulator_bringups/lib/pkgconfig/manipulator_bringups.pc'
[1.875s] Level 1:colcon.colcon_core.environment:checking '/home/ashish/ros2_ws/install/manipulator_bringups/lib/python3.10/site-packages'
[1.875s] Level 1:colcon.colcon_core.environment:checking '/home/ashish/ros2_ws/install/manipulator_bringups/bin'
[1.875s] INFO:colcon.colcon_core.shell:Creating package script '/home/ashish/ros2_ws/install/manipulator_bringups/share/manipulator_bringups/package.ps1'
[1.876s] INFO:colcon.colcon_core.shell:Creating package descriptor '/home/ashish/ros2_ws/install/manipulator_bringups/share/manipulator_bringups/package.dsv'
[1.877s] INFO:colcon.colcon_core.shell:Creating package script '/home/ashish/ros2_ws/install/manipulator_bringups/share/manipulator_bringups/package.sh'
[1.877s] INFO:colcon.colcon_core.shell:Creating package script '/home/ashish/ros2_ws/install/manipulator_bringups/share/manipulator_bringups/package.bash'
[1.878s] INFO:colcon.colcon_core.shell:Creating package script '/home/ashish/ros2_ws/install/manipulator_bringups/share/manipulator_bringups/package.zsh'
[1.878s] Level 1:colcon.colcon_core.environment:create_file_with_runtime_dependencies(/home/ashish/ros2_ws/install/manipulator_bringups/share/colcon-core/packages/manipulator_bringups)
[1.880s] DEBUG:colcon.colcon_parallel_executor.executor.parallel:closing loop
[1.880s] DEBUG:colcon.colcon_parallel_executor.executor.parallel:loop closed
[1.880s] DEBUG:colcon.colcon_parallel_executor.executor.parallel:run_until_complete finished with '0'
[1.880s] DEBUG:colcon.colcon_core.event_reactor:joining thread
[1.902s] INFO:colcon.colcon_core.plugin_system:Skipping extension 'colcon_notification.desktop_notification.terminal_notifier': Not used on non-Darwin systems
[1.902s] INFO:colcon.colcon_core.plugin_system:Skipping extension 'colcon_notification.desktop_notification.win32': Not used on non-Windows systems
[1.902s] INFO:colcon.colcon_notification.desktop_notification:Sending desktop notification using 'notify2'
[2.056s] DEBUG:colcon.colcon_core.event_reactor:joined thread
[2.057s] INFO:colcon.colcon_core.shell:Creating prefix script '/home/ashish/ros2_ws/install/local_setup.ps1'
[2.059s] INFO:colcon.colcon_core.shell:Creating prefix util module '/home/ashish/ros2_ws/install/_local_setup_util_ps1.py'
[2.061s] INFO:colcon.colcon_core.shell:Creating prefix chain script '/home/ashish/ros2_ws/install/setup.ps1'
[2.063s] INFO:colcon.colcon_core.shell:Creating prefix script '/home/ashish/ros2_ws/install/local_setup.sh'
[2.065s] INFO:colcon.colcon_core.shell:Creating prefix util module '/home/ashish/ros2_ws/install/_local_setup_util_sh.py'
[2.066s] INFO:colcon.colcon_core.shell:Creating prefix chain script '/home/ashish/ros2_ws/install/setup.sh'
[2.070s] INFO:colcon.colcon_core.shell:Creating prefix script '/home/ashish/ros2_ws/install/local_setup.bash'
[2.073s] INFO:colcon.colcon_core.shell:Creating prefix chain script '/home/ashish/ros2_ws/install/setup.bash'
[2.076s] INFO:colcon.colcon_core.shell:Creating prefix script '/home/ashish/ros2_ws/install/local_setup.zsh'
[2.077s] INFO:colcon.colcon_core.shell:Creating prefix chain script '/home/ashish/ros2_ws/install/setup.zsh'
