[0.284s] DEBUG:colcon:Command line arguments: ['/usr/bin/colcon', 'build']
[0.284s] DEBUG:colcon:Parsed command line arguments: Namespace(log_base=None, log_level=None, verb_name='build', build_base='build', install_base='install', merge_install=False, symlink_install=False, test_result_base=None, continue_on_error=False, executor='parallel', parallel_workers=2, event_handlers=None, ignore_user_meta=False, metas=['./colcon.meta'], base_paths=['.'], packages_ignore=None, packages_ignore_regex=None, paths=None, packages_up_to=None, packages_up_to_regex=None, packages_above=None, packages_above_and_dependencies=None, packages_above_depth=None, packages_select_by_dep=None, packages_skip_by_dep=None, packages_skip_up_to=None, packages_select_build_failed=False, packages_skip_build_finished=False, packages_select_test_failures=False, packages_skip_test_passed=False, packages_select=None, packages_skip=None, packages_select_regex=None, packages_skip_regex=None, packages_start=None, packages_end=None, allow_overriding=[], cmake_args=None, cmake_target=None, cmake_target_skip_unavailable=False, cmake_clean_cache=False, cmake_clean_first=False, cmake_force_configure=False, ament_cmake_args=None, catkin_cmake_args=None, catkin_skip_building_tests=False, verb_parser=<colcon_defaults.argument_parser.defaults.DefaultArgumentsDecorator object at 0x7719786bff40>, verb_extension=<colcon_core.verb.build.BuildVerb object at 0x77197884ca90>, main=<bound method BuildVerb.main of <colcon_core.verb.build.BuildVerb object at 0x77197884ca90>>)
[0.725s] Level 1:colcon.colcon_core.package_discovery:discover_packages(colcon_meta) check parameters
[0.725s] Level 1:colcon.colcon_core.package_discovery:discover_packages(recursive) check parameters
[0.725s] Level 1:colcon.colcon_core.package_discovery:discover_packages(ignore) check parameters
[0.725s] Level 1:colcon.colcon_core.package_discovery:discover_packages(path) check parameters
[0.725s] Level 1:colcon.colcon_core.package_discovery:discover_packages(colcon_meta) discover
[0.725s] Level 1:colcon.colcon_core.package_discovery:discover_packages(recursive) discover
[0.725s] INFO:colcon.colcon_core.package_discovery:Crawling recursively for packages in '/home/ashish/ros2_ws'
[0.725s] Level 1:colcon.colcon_core.package_identification:_identify(.) by extensions ['ignore', 'ignore_ament_install']
[0.725s] Level 1:colcon.colcon_core.package_identification:_identify(.) by extension 'ignore'
[0.725s] Level 1:colcon.colcon_core.package_identification:_identify(.) by extension 'ignore_ament_install'
[0.726s] Level 1:colcon.colcon_core.package_identification:_identify(.) by extensions ['colcon_pkg']
[0.726s] Level 1:colcon.colcon_core.package_identification:_identify(.) by extension 'colcon_pkg'
[0.726s] Level 1:colcon.colcon_core.package_identification:_identify(.) by extensions ['colcon_meta']
[0.726s] Level 1:colcon.colcon_core.package_identification:_identify(.) by extension 'colcon_meta'
[0.726s] Level 1:colcon.colcon_core.package_identification:_identify(.) by extensions ['ros']
[0.726s] Level 1:colcon.colcon_core.package_identification:_identify(.) by extension 'ros'
[0.756s] Level 1:colcon.colcon_core.package_identification:_identify(.) by extensions ['cmake', 'python']
[0.756s] Level 1:colcon.colcon_core.package_identification:_identify(.) by extension 'cmake'
[0.756s] Level 1:colcon.colcon_core.package_identification:_identify(.) by extension 'python'
[0.756s] Level 1:colcon.colcon_core.package_identification:_identify(.) by extensions ['python_setup_py']
[0.757s] Level 1:colcon.colcon_core.package_identification:_identify(.) by extension 'python_setup_py'
[0.757s] Level 1:colcon.colcon_core.package_identification:_identify(build) by extensions ['ignore', 'ignore_ament_install']
[0.757s] Level 1:colcon.colcon_core.package_identification:_identify(build) by extension 'ignore'
[0.757s] Level 1:colcon.colcon_core.package_identification:_identify(build) ignored
[0.758s] Level 1:colcon.colcon_core.package_identification:_identify(install) by extensions ['ignore', 'ignore_ament_install']
[0.758s] Level 1:colcon.colcon_core.package_identification:_identify(install) by extension 'ignore'
[0.759s] Level 1:colcon.colcon_core.package_identification:_identify(install) ignored
[0.759s] Level 1:colcon.colcon_core.package_identification:_identify(log) by extensions ['ignore', 'ignore_ament_install']
[0.760s] Level 1:colcon.colcon_core.package_identification:_identify(log) by extension 'ignore'
[0.760s] Level 1:colcon.colcon_core.package_identification:_identify(log) ignored
[0.760s] Level 1:colcon.colcon_core.package_identification:_identify(src) by extensions ['ignore', 'ignore_ament_install']
[0.760s] Level 1:colcon.colcon_core.package_identification:_identify(src) by extension 'ignore'
[0.761s] Level 1:colcon.colcon_core.package_identification:_identify(src) by extension 'ignore_ament_install'
[0.761s] Level 1:colcon.colcon_core.package_identification:_identify(src) by extensions ['colcon_pkg']
[0.761s] Level 1:colcon.colcon_core.package_identification:_identify(src) by extension 'colcon_pkg'
[0.761s] Level 1:colcon.colcon_core.package_identification:_identify(src) by extensions ['colcon_meta']
[0.762s] Level 1:colcon.colcon_core.package_identification:_identify(src) by extension 'colcon_meta'
[0.762s] Level 1:colcon.colcon_core.package_identification:_identify(src) by extensions ['ros']
[0.762s] Level 1:colcon.colcon_core.package_identification:_identify(src) by extension 'ros'
[0.762s] Level 1:colcon.colcon_core.package_identification:_identify(src) by extensions ['cmake', 'python']
[0.763s] Level 1:colcon.colcon_core.package_identification:_identify(src) by extension 'cmake'
[0.763s] Level 1:colcon.colcon_core.package_identification:_identify(src) by extension 'python'
[0.763s] Level 1:colcon.colcon_core.package_identification:_identify(src) by extensions ['python_setup_py']
[0.763s] Level 1:colcon.colcon_core.package_identification:_identify(src) by extension 'python_setup_py'
[0.764s] Level 1:colcon.colcon_core.package_identification:_identify(src/manipulator_bringups) by extensions ['ignore', 'ignore_ament_install']
[0.765s] Level 1:colcon.colcon_core.package_identification:_identify(src/manipulator_bringups) by extension 'ignore'
[0.765s] Level 1:colcon.colcon_core.package_identification:_identify(src/manipulator_bringups) by extension 'ignore_ament_install'
[0.765s] Level 1:colcon.colcon_core.package_identification:_identify(src/manipulator_bringups) by extensions ['colcon_pkg']
[0.765s] Level 1:colcon.colcon_core.package_identification:_identify(src/manipulator_bringups) by extension 'colcon_pkg'
[0.766s] Level 1:colcon.colcon_core.package_identification:_identify(src/manipulator_bringups) by extensions ['colcon_meta']
[0.766s] Level 1:colcon.colcon_core.package_identification:_identify(src/manipulator_bringups) by extension 'colcon_meta'
[0.766s] Level 1:colcon.colcon_core.package_identification:_identify(src/manipulator_bringups) by extensions ['ros']
[0.766s] Level 1:colcon.colcon_core.package_identification:_identify(src/manipulator_bringups) by extension 'ros'
[0.776s] DEBUG:colcon.colcon_core.package_identification:Package 'src/manipulator_bringups' with type 'ros.ament_cmake' and name 'manipulator_bringups'
[0.777s] Level 1:colcon.colcon_core.package_identification:_identify(src/manipulator_description) by extensions ['ignore', 'ignore_ament_install']
[0.778s] Level 1:colcon.colcon_core.package_identification:_identify(src/manipulator_description) by extension 'ignore'
[0.778s] Level 1:colcon.colcon_core.package_identification:_identify(src/manipulator_description) by extension 'ignore_ament_install'
[0.778s] Level 1:colcon.colcon_core.package_identification:_identify(src/manipulator_description) by extensions ['colcon_pkg']
[0.778s] Level 1:colcon.colcon_core.package_identification:_identify(src/manipulator_description) by extension 'colcon_pkg'
[0.778s] Level 1:colcon.colcon_core.package_identification:_identify(src/manipulator_description) by extensions ['colcon_meta']
[0.778s] Level 1:colcon.colcon_core.package_identification:_identify(src/manipulator_description) by extension 'colcon_meta'
[0.779s] Level 1:colcon.colcon_core.package_identification:_identify(src/manipulator_description) by extensions ['ros']
[0.779s] Level 1:colcon.colcon_core.package_identification:_identify(src/manipulator_description) by extension 'ros'
[0.780s] DEBUG:colcon.colcon_core.package_identification:Package 'src/manipulator_description' with type 'ros.ament_cmake' and name 'manipulator_description'
[0.782s] Level 1:colcon.colcon_core.package_identification:_identify(src/my_robot_description) by extensions ['ignore', 'ignore_ament_install']
[0.783s] Level 1:colcon.colcon_core.package_identification:_identify(src/my_robot_description) by extension 'ignore'
[0.783s] Level 1:colcon.colcon_core.package_identification:_identify(src/my_robot_description) by extension 'ignore_ament_install'
[0.783s] Level 1:colcon.colcon_core.package_identification:_identify(src/my_robot_description) by extensions ['colcon_pkg']
[0.783s] Level 1:colcon.colcon_core.package_identification:_identify(src/my_robot_description) by extension 'colcon_pkg'
[0.783s] Level 1:colcon.colcon_core.package_identification:_identify(src/my_robot_description) by extensions ['colcon_meta']
[0.783s] Level 1:colcon.colcon_core.package_identification:_identify(src/my_robot_description) by extension 'colcon_meta'
[0.783s] Level 1:colcon.colcon_core.package_identification:_identify(src/my_robot_description) by extensions ['ros']
[0.783s] Level 1:colcon.colcon_core.package_identification:_identify(src/my_robot_description) by extension 'ros'
[0.786s] DEBUG:colcon.colcon_core.package_identification:Package 'src/my_robot_description' with type 'ros.ament_cmake' and name 'my_robot_description'
[0.786s] Level 1:colcon.colcon_core.package_discovery:discover_packages(recursive) using defaults
[0.787s] Level 1:colcon.colcon_core.package_discovery:discover_packages(ignore) discover
[0.787s] Level 1:colcon.colcon_core.package_discovery:discover_packages(ignore) using defaults
[0.787s] Level 1:colcon.colcon_core.package_discovery:discover_packages(path) discover
[0.787s] Level 1:colcon.colcon_core.package_discovery:discover_packages(path) using defaults
[0.874s] Level 1:colcon.colcon_core.package_discovery:discover_packages(prefix_path) check parameters
[0.874s] Level 1:colcon.colcon_core.package_discovery:discover_packages(prefix_path) discover
[0.891s] DEBUG:colcon.colcon_installed_package_information.package_discovery:Found 3 installed packages in /home/ashish/ros2_ws/install
[0.899s] DEBUG:colcon.colcon_installed_package_information.package_discovery:Found 320 installed packages in /opt/ros/humble
[0.903s] Level 1:colcon.colcon_core.package_discovery:discover_packages(prefix_path) using defaults
[1.080s] Level 5:colcon.colcon_core.verb:set package 'manipulator_description' build argument 'cmake_args' from command line to 'None'
[1.081s] Level 5:colcon.colcon_core.verb:set package 'manipulator_description' build argument 'cmake_target' from command line to 'None'
[1.081s] Level 5:colcon.colcon_core.verb:set package 'manipulator_description' build argument 'cmake_target_skip_unavailable' from command line to 'False'
[1.081s] Level 5:colcon.colcon_core.verb:set package 'manipulator_description' build argument 'cmake_clean_cache' from command line to 'False'
[1.081s] Level 5:colcon.colcon_core.verb:set package 'manipulator_description' build argument 'cmake_clean_first' from command line to 'False'
[1.081s] Level 5:colcon.colcon_core.verb:set package 'manipulator_description' build argument 'cmake_force_configure' from command line to 'False'
[1.081s] Level 5:colcon.colcon_core.verb:set package 'manipulator_description' build argument 'ament_cmake_args' from command line to 'None'
[1.081s] Level 5:colcon.colcon_core.verb:set package 'manipulator_description' build argument 'catkin_cmake_args' from command line to 'None'
[1.081s] Level 5:colcon.colcon_core.verb:set package 'manipulator_description' build argument 'catkin_skip_building_tests' from command line to 'False'
[1.081s] DEBUG:colcon.colcon_core.verb:Building package 'manipulator_description' with the following arguments: {'ament_cmake_args': None, 'build_base': '/home/ashish/ros2_ws/build/manipulator_description', 'catkin_cmake_args': None, 'catkin_skip_building_tests': False, 'cmake_args': None, 'cmake_clean_cache': False, 'cmake_clean_first': False, 'cmake_force_configure': False, 'cmake_target': None, 'cmake_target_skip_unavailable': False, 'install_base': '/home/ashish/ros2_ws/install/manipulator_description', 'merge_install': False, 'path': '/home/ashish/ros2_ws/src/manipulator_description', 'symlink_install': False, 'test_result_base': None}
[1.081s] Level 5:colcon.colcon_core.verb:set package 'my_robot_description' build argument 'cmake_args' from command line to 'None'
[1.081s] Level 5:colcon.colcon_core.verb:set package 'my_robot_description' build argument 'cmake_target' from command line to 'None'
[1.081s] Level 5:colcon.colcon_core.verb:set package 'my_robot_description' build argument 'cmake_target_skip_unavailable' from command line to 'False'
[1.081s] Level 5:colcon.colcon_core.verb:set package 'my_robot_description' build argument 'cmake_clean_cache' from command line to 'False'
[1.081s] Level 5:colcon.colcon_core.verb:set package 'my_robot_description' build argument 'cmake_clean_first' from command line to 'False'
[1.081s] Level 5:colcon.colcon_core.verb:set package 'my_robot_description' build argument 'cmake_force_configure' from command line to 'False'
[1.081s] Level 5:colcon.colcon_core.verb:set package 'my_robot_description' build argument 'ament_cmake_args' from command line to 'None'
[1.081s] Level 5:colcon.colcon_core.verb:set package 'my_robot_description' build argument 'catkin_cmake_args' from command line to 'None'
[1.081s] Level 5:colcon.colcon_core.verb:set package 'my_robot_description' build argument 'catkin_skip_building_tests' from command line to 'False'
[1.081s] DEBUG:colcon.colcon_core.verb:Building package 'my_robot_description' with the following arguments: {'ament_cmake_args': None, 'build_base': '/home/ashish/ros2_ws/build/my_robot_description', 'catkin_cmake_args': None, 'catkin_skip_building_tests': False, 'cmake_args': None, 'cmake_clean_cache': False, 'cmake_clean_first': False, 'cmake_force_configure': False, 'cmake_target': None, 'cmake_target_skip_unavailable': False, 'install_base': '/home/ashish/ros2_ws/install/my_robot_description', 'merge_install': False, 'path': '/home/ashish/ros2_ws/src/my_robot_description', 'symlink_install': False, 'test_result_base': None}
[1.082s] Level 5:colcon.colcon_core.verb:set package 'manipulator_bringups' build argument 'cmake_args' from command line to 'None'
[1.082s] Level 5:colcon.colcon_core.verb:set package 'manipulator_bringups' build argument 'cmake_target' from command line to 'None'
[1.082s] Level 5:colcon.colcon_core.verb:set package 'manipulator_bringups' build argument 'cmake_target_skip_unavailable' from command line to 'False'
[1.082s] Level 5:colcon.colcon_core.verb:set package 'manipulator_bringups' build argument 'cmake_clean_cache' from command line to 'False'
[1.082s] Level 5:colcon.colcon_core.verb:set package 'manipulator_bringups' build argument 'cmake_clean_first' from command line to 'False'
[1.082s] Level 5:colcon.colcon_core.verb:set package 'manipulator_bringups' build argument 'cmake_force_configure' from command line to 'False'
[1.082s] Level 5:colcon.colcon_core.verb:set package 'manipulator_bringups' build argument 'ament_cmake_args' from command line to 'None'
[1.082s] Level 5:colcon.colcon_core.verb:set package 'manipulator_bringups' build argument 'catkin_cmake_args' from command line to 'None'
[1.082s] Level 5:colcon.colcon_core.verb:set package 'manipulator_bringups' build argument 'catkin_skip_building_tests' from command line to 'False'
[1.082s] DEBUG:colcon.colcon_core.verb:Building package 'manipulator_bringups' with the following arguments: {'ament_cmake_args': None, 'build_base': '/home/ashish/ros2_ws/build/manipulator_bringups', 'catkin_cmake_args': None, 'catkin_skip_building_tests': False, 'cmake_args': None, 'cmake_clean_cache': False, 'cmake_clean_first': False, 'cmake_force_configure': False, 'cmake_target': None, 'cmake_target_skip_unavailable': False, 'install_base': '/home/ashish/ros2_ws/install/manipulator_bringups', 'merge_install': False, 'path': '/home/ashish/ros2_ws/src/manipulator_bringups', 'symlink_install': False, 'test_result_base': None}
[1.082s] INFO:colcon.colcon_core.executor:Executing jobs using 'parallel' executor
[1.084s] DEBUG:colcon.colcon_parallel_executor.executor.parallel:run_until_complete
[1.085s] INFO:colcon.colcon_ros.task.ament_cmake.build:Building ROS package in '/home/ashish/ros2_ws/src/manipulator_description' with build type 'ament_cmake'
[1.085s] INFO:colcon.colcon_cmake.task.cmake.build:Building CMake package in '/home/ashish/ros2_ws/src/manipulator_description'
[1.097s] INFO:colcon.colcon_core.plugin_system:Skipping extension 'colcon_core.shell.bat': Not used on non-Windows systems
[1.097s] INFO:colcon.colcon_core.shell:Skip shell extension 'powershell' for command environment: Not usable outside of PowerShell
[1.097s] DEBUG:colcon.colcon_core.shell:Skip shell extension 'dsv' for command environment
[1.104s] INFO:colcon.colcon_ros.task.ament_cmake.build:Building ROS package in '/home/ashish/ros2_ws/src/my_robot_description' with build type 'ament_cmake'
[1.105s] INFO:colcon.colcon_cmake.task.cmake.build:Building CMake package in '/home/ashish/ros2_ws/src/my_robot_description'
[1.105s] INFO:colcon.colcon_core.shell:Skip shell extension 'powershell' for command environment: Not usable outside of PowerShell
[1.106s] DEBUG:colcon.colcon_core.shell:Skip shell extension 'dsv' for command environment
[1.140s] DEBUG:colcon.colcon_core.event_handler.log_command:Invoking command in '/home/ashish/ros2_ws/build/manipulator_description': CMAKE_PREFIX_PATH=${CMAKE_PREFIX_PATH}:/opt/ros/humble /usr/bin/cmake --build /home/ashish/ros2_ws/build/manipulator_description -- -j2 -l2
[1.155s] DEBUG:colcon.colcon_core.event_handler.log_command:Invoking command in '/home/ashish/ros2_ws/build/my_robot_description': CMAKE_PREFIX_PATH=${CMAKE_PREFIX_PATH}:/opt/ros/humble /usr/bin/cmake --build /home/ashish/ros2_ws/build/my_robot_description -- -j2 -l2
[1.264s] DEBUG:colcon.colcon_core.event_handler.log_command:Invoked command in '/home/ashish/ros2_ws/build/my_robot_description' returned '0': CMAKE_PREFIX_PATH=${CMAKE_PREFIX_PATH}:/opt/ros/humble /usr/bin/cmake --build /home/ashish/ros2_ws/build/my_robot_description -- -j2 -l2
[1.266s] DEBUG:colcon.colcon_core.event_handler.log_command:Invoked command in '/home/ashish/ros2_ws/build/manipulator_description' returned '0': CMAKE_PREFIX_PATH=${CMAKE_PREFIX_PATH}:/opt/ros/humble /usr/bin/cmake --build /home/ashish/ros2_ws/build/manipulator_description -- -j2 -l2
[1.308s] DEBUG:colcon.colcon_core.event_handler.log_command:Invoking command in '/home/ashish/ros2_ws/build/my_robot_description': CMAKE_PREFIX_PATH=${CMAKE_PREFIX_PATH}:/opt/ros/humble /usr/bin/cmake --install /home/ashish/ros2_ws/build/my_robot_description
[1.312s] DEBUG:colcon.colcon_core.event_handler.log_command:Invoking command in '/home/ashish/ros2_ws/build/manipulator_description': CMAKE_PREFIX_PATH=${CMAKE_PREFIX_PATH}:/opt/ros/humble /usr/bin/cmake --install /home/ashish/ros2_ws/build/manipulator_description
[1.332s] Level 1:colcon.colcon_core.environment:create_environment_scripts_only(manipulator_description)
[1.334s] DEBUG:colcon.colcon_core.event_handler.log_command:Invoked command in '/home/ashish/ros2_ws/build/manipulator_description' returned '0': CMAKE_PREFIX_PATH=${CMAKE_PREFIX_PATH}:/opt/ros/humble /usr/bin/cmake --install /home/ashish/ros2_ws/build/manipulator_description
[1.344s] Level 1:colcon.colcon_core.environment:checking '/home/ashish/ros2_ws/install/manipulator_description' for CMake module files
[1.345s] Level 1:colcon.colcon_core.environment:checking '/home/ashish/ros2_ws/install/manipulator_description' for CMake config files
[1.345s] Level 1:colcon.colcon_core.shell:create_environment_hook('manipulator_description', 'cmake_prefix_path')
[1.345s] INFO:colcon.colcon_core.shell:Creating environment hook '/home/ashish/ros2_ws/install/manipulator_description/share/manipulator_description/hook/cmake_prefix_path.ps1'
[1.346s] INFO:colcon.colcon_core.shell:Creating environment descriptor '/home/ashish/ros2_ws/install/manipulator_description/share/manipulator_description/hook/cmake_prefix_path.dsv'
[1.347s] INFO:colcon.colcon_core.shell:Creating environment hook '/home/ashish/ros2_ws/install/manipulator_description/share/manipulator_description/hook/cmake_prefix_path.sh'
[1.348s] Level 1:colcon.colcon_core.environment:checking '/home/ashish/ros2_ws/install/manipulator_description/bin'
[1.348s] Level 1:colcon.colcon_core.environment:checking '/home/ashish/ros2_ws/install/manipulator_description/lib/pkgconfig/manipulator_description.pc'
[1.349s] Level 1:colcon.colcon_core.environment:checking '/home/ashish/ros2_ws/install/manipulator_description/lib/python3.10/site-packages'
[1.349s] Level 1:colcon.colcon_core.environment:checking '/home/ashish/ros2_ws/install/manipulator_description/bin'
[1.349s] INFO:colcon.colcon_core.shell:Creating package script '/home/ashish/ros2_ws/install/manipulator_description/share/manipulator_description/package.ps1'
[1.350s] INFO:colcon.colcon_core.shell:Creating package descriptor '/home/ashish/ros2_ws/install/manipulator_description/share/manipulator_description/package.dsv'
[1.351s] INFO:colcon.colcon_core.shell:Creating package script '/home/ashish/ros2_ws/install/manipulator_description/share/manipulator_description/package.sh'
[1.353s] INFO:colcon.colcon_core.shell:Creating package script '/home/ashish/ros2_ws/install/manipulator_description/share/manipulator_description/package.bash'
[1.355s] INFO:colcon.colcon_core.shell:Creating package script '/home/ashish/ros2_ws/install/manipulator_description/share/manipulator_description/package.zsh'
[1.356s] Level 1:colcon.colcon_core.environment:create_file_with_runtime_dependencies(/home/ashish/ros2_ws/install/manipulator_description/share/colcon-core/packages/manipulator_description)
[1.358s] Level 1:colcon.colcon_core.environment:create_environment_scripts_only(my_robot_description)
[1.358s] Level 1:colcon.colcon_core.environment:checking '/home/ashish/ros2_ws/install/my_robot_description' for CMake module files
[1.359s] DEBUG:colcon.colcon_core.event_handler.log_command:Invoked command in '/home/ashish/ros2_ws/build/my_robot_description' returned '0': CMAKE_PREFIX_PATH=${CMAKE_PREFIX_PATH}:/opt/ros/humble /usr/bin/cmake --install /home/ashish/ros2_ws/build/my_robot_description
[1.360s] Level 1:colcon.colcon_core.environment:checking '/home/ashish/ros2_ws/install/my_robot_description' for CMake config files
[1.360s] Level 1:colcon.colcon_core.shell:create_environment_hook('my_robot_description', 'cmake_prefix_path')
[1.361s] INFO:colcon.colcon_core.shell:Creating environment hook '/home/ashish/ros2_ws/install/my_robot_description/share/my_robot_description/hook/cmake_prefix_path.ps1'
[1.362s] INFO:colcon.colcon_core.shell:Creating environment descriptor '/home/ashish/ros2_ws/install/my_robot_description/share/my_robot_description/hook/cmake_prefix_path.dsv'
[1.362s] INFO:colcon.colcon_core.shell:Creating environment hook '/home/ashish/ros2_ws/install/my_robot_description/share/my_robot_description/hook/cmake_prefix_path.sh'
[1.363s] Level 1:colcon.colcon_core.environment:checking '/home/ashish/ros2_ws/install/my_robot_description/bin'
[1.363s] Level 1:colcon.colcon_core.environment:checking '/home/ashish/ros2_ws/install/my_robot_description/lib/pkgconfig/my_robot_description.pc'
[1.364s] Level 1:colcon.colcon_core.environment:checking '/home/ashish/ros2_ws/install/my_robot_description/lib/python3.10/site-packages'
[1.364s] Level 1:colcon.colcon_core.environment:checking '/home/ashish/ros2_ws/install/my_robot_description/bin'
[1.365s] INFO:colcon.colcon_core.shell:Creating package script '/home/ashish/ros2_ws/install/my_robot_description/share/my_robot_description/package.ps1'
[1.366s] INFO:colcon.colcon_core.shell:Creating package descriptor '/home/ashish/ros2_ws/install/my_robot_description/share/my_robot_description/package.dsv'
[1.368s] INFO:colcon.colcon_core.shell:Creating package script '/home/ashish/ros2_ws/install/my_robot_description/share/my_robot_description/package.sh'
[1.369s] INFO:colcon.colcon_core.shell:Creating package script '/home/ashish/ros2_ws/install/my_robot_description/share/my_robot_description/package.bash'
[1.370s] INFO:colcon.colcon_core.shell:Creating package script '/home/ashish/ros2_ws/install/my_robot_description/share/my_robot_description/package.zsh'
[1.371s] Level 1:colcon.colcon_core.environment:create_file_with_runtime_dependencies(/home/ashish/ros2_ws/install/my_robot_description/share/colcon-core/packages/my_robot_description)
[1.400s] Level 1:colcon.colcon_core.environment:create_environment_scripts_only(manipulator_description)
[1.400s] Level 1:colcon.colcon_core.environment:checking '/home/ashish/ros2_ws/install/manipulator_description' for CMake module files
[1.401s] Level 1:colcon.colcon_core.environment:checking '/home/ashish/ros2_ws/install/manipulator_description' for CMake config files
[1.401s] Level 1:colcon.colcon_core.shell:create_environment_hook('manipulator_description', 'cmake_prefix_path')
[1.401s] INFO:colcon.colcon_core.shell:Creating environment hook '/home/ashish/ros2_ws/install/manipulator_description/share/manipulator_description/hook/cmake_prefix_path.ps1'
[1.402s] INFO:colcon.colcon_core.shell:Creating environment descriptor '/home/ashish/ros2_ws/install/manipulator_description/share/manipulator_description/hook/cmake_prefix_path.dsv'
[1.403s] INFO:colcon.colcon_core.shell:Creating environment hook '/home/ashish/ros2_ws/install/manipulator_description/share/manipulator_description/hook/cmake_prefix_path.sh'
[1.404s] Level 1:colcon.colcon_core.environment:checking '/home/ashish/ros2_ws/install/manipulator_description/bin'
[1.404s] Level 1:colcon.colcon_core.environment:checking '/home/ashish/ros2_ws/install/manipulator_description/lib/pkgconfig/manipulator_description.pc'
[1.405s] Level 1:colcon.colcon_core.environment:checking '/home/ashish/ros2_ws/install/manipulator_description/lib/python3.10/site-packages'
[1.405s] Level 1:colcon.colcon_core.environment:checking '/home/ashish/ros2_ws/install/manipulator_description/bin'
[1.405s] INFO:colcon.colcon_core.shell:Creating package script '/home/ashish/ros2_ws/install/manipulator_description/share/manipulator_description/package.ps1'
[1.406s] INFO:colcon.colcon_core.shell:Creating package descriptor '/home/ashish/ros2_ws/install/manipulator_description/share/manipulator_description/package.dsv'
[1.407s] INFO:colcon.colcon_core.shell:Creating package script '/home/ashish/ros2_ws/install/manipulator_description/share/manipulator_description/package.sh'
[1.408s] INFO:colcon.colcon_core.shell:Creating package script '/home/ashish/ros2_ws/install/manipulator_description/share/manipulator_description/package.bash'
[1.408s] INFO:colcon.colcon_core.shell:Creating package script '/home/ashish/ros2_ws/install/manipulator_description/share/manipulator_description/package.zsh'
[1.409s] Level 1:colcon.colcon_core.environment:create_file_with_runtime_dependencies(/home/ashish/ros2_ws/install/manipulator_description/share/colcon-core/packages/manipulator_description)
[1.409s] INFO:colcon.colcon_ros.task.ament_cmake.build:Building ROS package in '/home/ashish/ros2_ws/src/manipulator_bringups' with build type 'ament_cmake'
[1.410s] INFO:colcon.colcon_cmake.task.cmake.build:Building CMake package in '/home/ashish/ros2_ws/src/manipulator_bringups'
[1.410s] INFO:colcon.colcon_core.shell:Skip shell extension 'powershell' for command environment: Not usable outside of PowerShell
[1.410s] DEBUG:colcon.colcon_core.shell:Skip shell extension 'dsv' for command environment
[1.420s] Level 1:colcon.colcon_core.environment:create_environment_scripts_only(my_robot_description)
[1.421s] Level 1:colcon.colcon_core.environment:checking '/home/ashish/ros2_ws/install/my_robot_description' for CMake module files
[1.422s] Level 1:colcon.colcon_core.environment:checking '/home/ashish/ros2_ws/install/my_robot_description' for CMake config files
[1.422s] Level 1:colcon.colcon_core.shell:create_environment_hook('my_robot_description', 'cmake_prefix_path')
[1.423s] INFO:colcon.colcon_core.shell:Creating environment hook '/home/ashish/ros2_ws/install/my_robot_description/share/my_robot_description/hook/cmake_prefix_path.ps1'
[1.425s] INFO:colcon.colcon_core.shell:Creating environment descriptor '/home/ashish/ros2_ws/install/my_robot_description/share/my_robot_description/hook/cmake_prefix_path.dsv'
[1.427s] INFO:colcon.colcon_core.shell:Creating environment hook '/home/ashish/ros2_ws/install/my_robot_description/share/my_robot_description/hook/cmake_prefix_path.sh'
[1.428s] Level 1:colcon.colcon_core.environment:checking '/home/ashish/ros2_ws/install/my_robot_description/bin'
[1.428s] Level 1:colcon.colcon_core.environment:checking '/home/ashish/ros2_ws/install/my_robot_description/lib/pkgconfig/my_robot_description.pc'
[1.429s] Level 1:colcon.colcon_core.environment:checking '/home/ashish/ros2_ws/install/my_robot_description/lib/python3.10/site-packages'
[1.429s] Level 1:colcon.colcon_core.environment:checking '/home/ashish/ros2_ws/install/my_robot_description/bin'
[1.429s] INFO:colcon.colcon_core.shell:Creating package script '/home/ashish/ros2_ws/install/my_robot_description/share/my_robot_description/package.ps1'
[1.430s] INFO:colcon.colcon_core.shell:Creating package descriptor '/home/ashish/ros2_ws/install/my_robot_description/share/my_robot_description/package.dsv'
[1.431s] INFO:colcon.colcon_core.shell:Creating package script '/home/ashish/ros2_ws/install/my_robot_description/share/my_robot_description/package.sh'
[1.431s] INFO:colcon.colcon_core.shell:Creating package script '/home/ashish/ros2_ws/install/my_robot_description/share/my_robot_description/package.bash'
[1.432s] INFO:colcon.colcon_core.shell:Creating package script '/home/ashish/ros2_ws/install/my_robot_description/share/my_robot_description/package.zsh'
[1.432s] Level 1:colcon.colcon_core.environment:create_file_with_runtime_dependencies(/home/ashish/ros2_ws/install/my_robot_description/share/colcon-core/packages/my_robot_description)
[1.438s] DEBUG:colcon.colcon_core.event_handler.log_command:Invoking command in '/home/ashish/ros2_ws/build/manipulator_bringups': CMAKE_PREFIX_PATH=/home/ashish/ros2_ws/install/manipulator_description:/home/ashish/ros2_ws/install/my_robot_description:/home/ashish/ros2_ws/install/manipulator_bringups:/opt/ros/humble /usr/bin/cmake --build /home/ashish/ros2_ws/build/manipulator_bringups -- -j2 -l2
[1.547s] DEBUG:colcon.colcon_core.event_handler.log_command:Invoked command in '/home/ashish/ros2_ws/build/manipulator_bringups' returned '0': CMAKE_PREFIX_PATH=/home/ashish/ros2_ws/install/manipulator_description:/home/ashish/ros2_ws/install/my_robot_description:/home/ashish/ros2_ws/install/manipulator_bringups:/opt/ros/humble /usr/bin/cmake --build /home/ashish/ros2_ws/build/manipulator_bringups -- -j2 -l2
[1.605s] DEBUG:colcon.colcon_core.event_handler.log_command:Invoking command in '/home/ashish/ros2_ws/build/manipulator_bringups': CMAKE_PREFIX_PATH=/home/ashish/ros2_ws/install/manipulator_description:/home/ashish/ros2_ws/install/my_robot_description:/home/ashish/ros2_ws/install/manipulator_bringups:/opt/ros/humble /usr/bin/cmake --install /home/ashish/ros2_ws/build/manipulator_bringups
[1.657s] Level 1:colcon.colcon_core.environment:create_environment_scripts_only(manipulator_bringups)
[1.657s] Level 1:colcon.colcon_core.environment:checking '/home/ashish/ros2_ws/install/manipulator_bringups' for CMake module files
[1.659s] DEBUG:colcon.colcon_core.event_handler.log_command:Invoked command in '/home/ashish/ros2_ws/build/manipulator_bringups' returned '0': CMAKE_PREFIX_PATH=/home/ashish/ros2_ws/install/manipulator_description:/home/ashish/ros2_ws/install/my_robot_description:/home/ashish/ros2_ws/install/manipulator_bringups:/opt/ros/humble /usr/bin/cmake --install /home/ashish/ros2_ws/build/manipulator_bringups
[1.660s] Level 1:colcon.colcon_core.environment:checking '/home/ashish/ros2_ws/install/manipulator_bringups' for CMake config files
[1.661s] Level 1:colcon.colcon_core.shell:create_environment_hook('manipulator_bringups', 'cmake_prefix_path')
[1.661s] INFO:colcon.colcon_core.shell:Creating environment hook '/home/ashish/ros2_ws/install/manipulator_bringups/share/manipulator_bringups/hook/cmake_prefix_path.ps1'
[1.664s] INFO:colcon.colcon_core.shell:Creating environment descriptor '/home/ashish/ros2_ws/install/manipulator_bringups/share/manipulator_bringups/hook/cmake_prefix_path.dsv'
[1.665s] INFO:colcon.colcon_core.shell:Creating environment hook '/home/ashish/ros2_ws/install/manipulator_bringups/share/manipulator_bringups/hook/cmake_prefix_path.sh'
[1.666s] Level 1:colcon.colcon_core.environment:checking '/home/ashish/ros2_ws/install/manipulator_bringups/bin'
[1.667s] Level 1:colcon.colcon_core.environment:checking '/home/ashish/ros2_ws/install/manipulator_bringups/lib/pkgconfig/manipulator_bringups.pc'
[1.667s] Level 1:colcon.colcon_core.environment:checking '/home/ashish/ros2_ws/install/manipulator_bringups/lib/python3.10/site-packages'
[1.668s] Level 1:colcon.colcon_core.environment:checking '/home/ashish/ros2_ws/install/manipulator_bringups/bin'
[1.669s] INFO:colcon.colcon_core.shell:Creating package script '/home/ashish/ros2_ws/install/manipulator_bringups/share/manipulator_bringups/package.ps1'
[1.670s] INFO:colcon.colcon_core.shell:Creating package descriptor '/home/ashish/ros2_ws/install/manipulator_bringups/share/manipulator_bringups/package.dsv'
[1.671s] INFO:colcon.colcon_core.shell:Creating package script '/home/ashish/ros2_ws/install/manipulator_bringups/share/manipulator_bringups/package.sh'
[1.672s] INFO:colcon.colcon_core.shell:Creating package script '/home/ashish/ros2_ws/install/manipulator_bringups/share/manipulator_bringups/package.bash'
[1.673s] INFO:colcon.colcon_core.shell:Creating package script '/home/ashish/ros2_ws/install/manipulator_bringups/share/manipulator_bringups/package.zsh'
[1.674s] Level 1:colcon.colcon_core.environment:create_file_with_runtime_dependencies(/home/ashish/ros2_ws/install/manipulator_bringups/share/colcon-core/packages/manipulator_bringups)
[1.729s] Level 1:colcon.colcon_core.environment:create_environment_scripts_only(manipulator_bringups)
[1.730s] Level 1:colcon.colcon_core.environment:checking '/home/ashish/ros2_ws/install/manipulator_bringups' for CMake module files
[1.731s] Level 1:colcon.colcon_core.environment:checking '/home/ashish/ros2_ws/install/manipulator_bringups' for CMake config files
[1.732s] Level 1:colcon.colcon_core.shell:create_environment_hook('manipulator_bringups', 'cmake_prefix_path')
[1.733s] INFO:colcon.colcon_core.shell:Creating environment hook '/home/ashish/ros2_ws/install/manipulator_bringups/share/manipulator_bringups/hook/cmake_prefix_path.ps1'
[1.734s] INFO:colcon.colcon_core.shell:Creating environment descriptor '/home/ashish/ros2_ws/install/manipulator_bringups/share/manipulator_bringups/hook/cmake_prefix_path.dsv'
[1.736s] INFO:colcon.colcon_core.shell:Creating environment hook '/home/ashish/ros2_ws/install/manipulator_bringups/share/manipulator_bringups/hook/cmake_prefix_path.sh'
[1.737s] Level 1:colcon.colcon_core.environment:checking '/home/ashish/ros2_ws/install/manipulator_bringups/bin'
[1.738s] Level 1:colcon.colcon_core.environment:checking '/home/ashish/ros2_ws/install/manipulator_bringups/lib/pkgconfig/manipulator_bringups.pc'
[1.739s] Level 1:colcon.colcon_core.environment:checking '/home/ashish/ros2_ws/install/manipulator_bringups/lib/python3.10/site-packages'
[1.740s] Level 1:colcon.colcon_core.environment:checking '/home/ashish/ros2_ws/install/manipulator_bringups/bin'
[1.741s] INFO:colcon.colcon_core.shell:Creating package script '/home/ashish/ros2_ws/install/manipulator_bringups/share/manipulator_bringups/package.ps1'
[1.743s] INFO:colcon.colcon_core.shell:Creating package descriptor '/home/ashish/ros2_ws/install/manipulator_bringups/share/manipulator_bringups/package.dsv'
[1.744s] INFO:colcon.colcon_core.shell:Creating package script '/home/ashish/ros2_ws/install/manipulator_bringups/share/manipulator_bringups/package.sh'
[1.745s] INFO:colcon.colcon_core.shell:Creating package script '/home/ashish/ros2_ws/install/manipulator_bringups/share/manipulator_bringups/package.bash'
[1.746s] INFO:colcon.colcon_core.shell:Creating package script '/home/ashish/ros2_ws/install/manipulator_bringups/share/manipulator_bringups/package.zsh'
[1.747s] Level 1:colcon.colcon_core.environment:create_file_with_runtime_dependencies(/home/ashish/ros2_ws/install/manipulator_bringups/share/colcon-core/packages/manipulator_bringups)
[1.749s] DEBUG:colcon.colcon_parallel_executor.executor.parallel:closing loop
[1.750s] DEBUG:colcon.colcon_parallel_executor.executor.parallel:loop closed
[1.750s] DEBUG:colcon.colcon_parallel_executor.executor.parallel:run_until_complete finished with '0'
[1.750s] DEBUG:colcon.colcon_core.event_reactor:joining thread
[1.790s] INFO:colcon.colcon_core.plugin_system:Skipping extension 'colcon_notification.desktop_notification.terminal_notifier': Not used on non-Darwin systems
[1.790s] INFO:colcon.colcon_core.plugin_system:Skipping extension 'colcon_notification.desktop_notification.win32': Not used on non-Windows systems
[1.790s] INFO:colcon.colcon_notification.desktop_notification:Sending desktop notification using 'notify2'
[1.839s] DEBUG:colcon.colcon_core.event_reactor:joined thread
[1.840s] INFO:colcon.colcon_core.shell:Creating prefix script '/home/ashish/ros2_ws/install/local_setup.ps1'
[1.843s] INFO:colcon.colcon_core.shell:Creating prefix util module '/home/ashish/ros2_ws/install/_local_setup_util_ps1.py'
[1.847s] INFO:colcon.colcon_core.shell:Creating prefix chain script '/home/ashish/ros2_ws/install/setup.ps1'
[1.851s] INFO:colcon.colcon_core.shell:Creating prefix script '/home/ashish/ros2_ws/install/local_setup.sh'
[1.852s] INFO:colcon.colcon_core.shell:Creating prefix util module '/home/ashish/ros2_ws/install/_local_setup_util_sh.py'
[1.854s] INFO:colcon.colcon_core.shell:Creating prefix chain script '/home/ashish/ros2_ws/install/setup.sh'
[1.859s] INFO:colcon.colcon_core.shell:Creating prefix script '/home/ashish/ros2_ws/install/local_setup.bash'
[1.862s] INFO:colcon.colcon_core.shell:Creating prefix chain script '/home/ashish/ros2_ws/install/setup.bash'
[1.864s] INFO:colcon.colcon_core.shell:Creating prefix script '/home/ashish/ros2_ws/install/local_setup.zsh'
[1.866s] INFO:colcon.colcon_core.shell:Creating prefix chain script '/home/ashish/ros2_ws/install/setup.zsh'
