[0.047s] Invoking command in '/home/ashish/ros2_ws/build/manipulator_description': CMAKE_PREFIX_PATH=${CMAKE_PREFIX_PATH}:/opt/ros/humble /usr/bin/cmake /home/ashish/ros2_ws/src/manipulator_description -DCMAKE_INSTALL_PREFIX=/home/ashish/ros2_ws/install/manipulator_description
[0.575s] -- The C compiler identification is GNU 11.4.0
[0.860s] -- The CXX compiler identification is GNU 11.4.0
[0.892s] -- Detecting C compiler ABI info
[1.106s] -- Detecting C compiler ABI info - done
[1.116s] -- Check for working C compiler: /usr/bin/cc - skipped
[1.129s] -- Detecting C compile features
[1.131s] -- Detecting C compile features - done
[1.136s] -- Detecting CXX compiler ABI info
[1.399s] -- Detecting CXX compiler ABI info - done
[1.412s] -- Check for working CXX compiler: /usr/bin/c++ - skipped
[1.413s] -- Detecting CXX compile features
[1.414s] -- Detecting CXX compile features - done
[1.432s] -- Found ament_cmake: 1.3.10 (/opt/ros/humble/share/ament_cmake/cmake)
[1.729s] -- Found Python3: /usr/bin/python3 (found version "3.10.12") found components: Interpreter 
[1.913s] -- Found ament_lint_auto: 0.12.11 (/opt/ros/humble/share/ament_lint_auto/cmake)
[2.089s] -- Added test 'lint_cmake' to check CMake code style
[2.094s] -- Added test 'xmllint' to check XML markup files
[2.096s] -- Configuring done
[2.102s] -- Generating done
[2.105s] -- Build files have been written to: /home/ashish/ros2_ws/build/manipulator_description
[2.115s] Invoked command in '/home/ashish/ros2_ws/build/manipulator_description' returned '0': CMAKE_PREFIX_PATH=${CMAKE_PREFIX_PATH}:/opt/ros/humble /usr/bin/cmake /home/ashish/ros2_ws/src/manipulator_description -DCMAKE_INSTALL_PREFIX=/home/ashish/ros2_ws/install/manipulator_description
[2.117s] Invoking command in '/home/ashish/ros2_ws/build/manipulator_description': CMAKE_PREFIX_PATH=${CMAKE_PREFIX_PATH}:/opt/ros/humble /usr/bin/cmake --build /home/ashish/ros2_ws/build/manipulator_description -- -j2 -l2
[2.222s] Invoked command in '/home/ashish/ros2_ws/build/manipulator_description' returned '0': CMAKE_PREFIX_PATH=${CMAKE_PREFIX_PATH}:/opt/ros/humble /usr/bin/cmake --build /home/ashish/ros2_ws/build/manipulator_description -- -j2 -l2
[2.290s] Invoking command in '/home/ashish/ros2_ws/build/manipulator_description': CMAKE_PREFIX_PATH=${CMAKE_PREFIX_PATH}:/opt/ros/humble /usr/bin/cmake --install /home/ashish/ros2_ws/build/manipulator_description
[2.315s] -- Install configuration: ""
[2.326s] -- Installing: /home/ashish/ros2_ws/install/manipulator_description/share/ament_index/resource_index/package_run_dependencies/manipulator_description
[2.327s] -- Installing: /home/ashish/ros2_ws/install/manipulator_description/share/ament_index/resource_index/parent_prefix_path/manipulator_description
[2.328s] -- Installing: /home/ashish/ros2_ws/install/manipulator_description/share/manipulator_description/environment/ament_prefix_path.sh
[2.329s] -- Installing: /home/ashish/ros2_ws/install/manipulator_description/share/manipulator_description/environment/ament_prefix_path.dsv
[2.329s] -- Installing: /home/ashish/ros2_ws/install/manipulator_description/share/manipulator_description/environment/path.sh
[2.330s] -- Installing: /home/ashish/ros2_ws/install/manipulator_description/share/manipulator_description/environment/path.dsv
[2.331s] -- Installing: /home/ashish/ros2_ws/install/manipulator_description/share/manipulator_description/local_setup.bash
[2.332s] -- Installing: /home/ashish/ros2_ws/install/manipulator_description/share/manipulator_description/local_setup.sh
[2.333s] -- Installing: /home/ashish/ros2_ws/install/manipulator_description/share/manipulator_description/local_setup.zsh
[2.334s] -- Installing: /home/ashish/ros2_ws/install/manipulator_description/share/manipulator_description/local_setup.dsv
[2.335s] -- Installing: /home/ashish/ros2_ws/install/manipulator_description/share/manipulator_description/package.dsv
[2.335s] -- Installing: /home/ashish/ros2_ws/install/manipulator_description/share/ament_index/resource_index/packages/manipulator_description
[2.337s] -- Installing: /home/ashish/ros2_ws/install/manipulator_description/share/manipulator_description/cmake/manipulator_descriptionConfig.cmake
[2.338s] -- Installing: /home/ashish/ros2_ws/install/manipulator_description/share/manipulator_description/cmake/manipulator_descriptionConfig-version.cmake
[2.338s] -- Installing: /home/ashish/ros2_ws/install/manipulator_description/share/manipulator_description/package.xml
[2.348s] Invoked command in '/home/ashish/ros2_ws/build/manipulator_description' returned '0': CMAKE_PREFIX_PATH=${CMAKE_PREFIX_PATH}:/opt/ros/humble /usr/bin/cmake --install /home/ashish/ros2_ws/build/manipulator_description
