[0.051s] Invoking command in '/home/ashish/ros2_ws/build/manipulator_description': CMAKE_PREFIX_PATH=${CMAKE_PREFIX_PATH}:/opt/ros/humble /usr/bin/cmake --build /home/ashish/ros2_ws/build/manipulator_description -- -j2 -l2
[0.164s] Invoked command in '/home/ashish/ros2_ws/build/manipulator_description' returned '0': CMAKE_PREFIX_PATH=${CMAKE_PREFIX_PATH}:/opt/ros/humble /usr/bin/cmake --build /home/ashish/ros2_ws/build/manipulator_description -- -j2 -l2
[0.211s] Invoking command in '/home/ashish/ros2_ws/build/manipulator_description': CMAKE_PREFIX_PATH=${CMAKE_PREFIX_PATH}:/opt/ros/humble /usr/bin/cmake --install /home/ashish/ros2_ws/build/manipulator_description
[0.247s] -- Install configuration: ""
[0.253s] -- Up-to-date: /home/ashish/ros2_ws/install/manipulator_description/share/manipulator_description/urdf
[0.253s] -- Installing: /home/ashish/ros2_ws/install/manipulator_description/share/manipulator_description/urdf/manipulator.xacro
[0.257s] -- Up-to-date: /home/ashish/ros2_ws/install/manipulator_description/share/manipulator_description/urdf/manipulator1.xacro
[0.257s] -- Up-to-date: /home/ashish/ros2_ws/install/manipulator_description/share/ament_index/resource_index/package_run_dependencies/manipulator_description
[0.257s] -- Up-to-date: /home/ashish/ros2_ws/install/manipulator_description/share/ament_index/resource_index/parent_prefix_path/manipulator_description
[0.258s] -- Up-to-date: /home/ashish/ros2_ws/install/manipulator_description/share/manipulator_description/environment/ament_prefix_path.sh
[0.258s] -- Up-to-date: /home/ashish/ros2_ws/install/manipulator_description/share/manipulator_description/environment/ament_prefix_path.dsv
[0.258s] -- Up-to-date: /home/ashish/ros2_ws/install/manipulator_description/share/manipulator_description/environment/path.sh
[0.258s] -- Up-to-date: /home/ashish/ros2_ws/install/manipulator_description/share/manipulator_description/environment/path.dsv
[0.258s] -- Up-to-date: /home/ashish/ros2_ws/install/manipulator_description/share/manipulator_description/local_setup.bash
[0.259s] -- Up-to-date: /home/ashish/ros2_ws/install/manipulator_description/share/manipulator_description/local_setup.sh
[0.260s] -- Up-to-date: /home/ashish/ros2_ws/install/manipulator_description/share/manipulator_description/local_setup.zsh
[0.261s] -- Up-to-date: /home/ashish/ros2_ws/install/manipulator_description/share/manipulator_description/local_setup.dsv
[0.261s] -- Installing: /home/ashish/ros2_ws/install/manipulator_description/share/manipulator_description/package.dsv
[0.262s] -- Up-to-date: /home/ashish/ros2_ws/install/manipulator_description/share/ament_index/resource_index/packages/manipulator_description
[0.263s] -- Up-to-date: /home/ashish/ros2_ws/install/manipulator_description/share/manipulator_description/cmake/manipulator_descriptionConfig.cmake
[0.263s] -- Up-to-date: /home/ashish/ros2_ws/install/manipulator_description/share/manipulator_description/cmake/manipulator_descriptionConfig-version.cmake
[0.264s] -- Up-to-date: /home/ashish/ros2_ws/install/manipulator_description/share/manipulator_description/package.xml
[0.308s] Invoked command in '/home/ashish/ros2_ws/build/manipulator_description' returned '0': CMAKE_PREFIX_PATH=${CMAKE_PREFIX_PATH}:/opt/ros/humble /usr/bin/cmake --install /home/ashish/ros2_ws/build/manipulator_description
