[0.054s] Invoking command in '/home/ashish/ros2_ws/build/manipulator_bringups': CMAKE_PREFIX_PATH=/home/ashish/ros2_ws/install/manipulator_description:/home/ashish/ros2_ws/install/my_robot_description:/home/ashish/ros2_ws/install/manipulator_bringups:/opt/ros/humble /usr/bin/cmake --build /home/ashish/ros2_ws/build/manipulator_bringups -- -j2 -l2
[0.171s] Invoked command in '/home/ashish/ros2_ws/build/manipulator_bringups' returned '0': CMAKE_PREFIX_PATH=/home/ashish/ros2_ws/install/manipulator_description:/home/ashish/ros2_ws/install/my_robot_description:/home/ashish/ros2_ws/install/manipulator_bringups:/opt/ros/humble /usr/bin/cmake --build /home/ashish/ros2_ws/build/manipulator_bringups -- -j2 -l2
[0.251s] Invoking command in '/home/ashish/ros2_ws/build/manipulator_bringups': CMAKE_PREFIX_PATH=/home/ashish/ros2_ws/install/manipulator_description:/home/ashish/ros2_ws/install/my_robot_description:/home/ashish/ros2_ws/install/manipulator_bringups:/opt/ros/humble /usr/bin/cmake --install /home/ashish/ros2_ws/build/manipulator_bringups
[0.267s] -- Install configuration: ""
[0.268s] -- Up-to-date: /home/ashish/ros2_ws/install/manipulator_bringups/share/manipulator_bringups/launch
[0.268s] -- Up-to-date: /home/ashish/ros2_ws/install/manipulator_bringups/share/manipulator_bringups/launch/display.launch.xml
[0.268s] -- Up-to-date: /home/ashish/ros2_ws/install/manipulator_bringups/share/manipulator_bringups/launch/gazebo.launch.xml
[0.268s] -- Up-to-date: /home/ashish/ros2_ws/install/manipulator_bringups/share/manipulator_bringups/config
[0.268s] -- Up-to-date: /home/ashish/ros2_ws/install/manipulator_bringups/share/manipulator_bringups/config/controller.yaml
[0.269s] -- Up-to-date: /home/ashish/ros2_ws/install/manipulator_bringups/share/ament_index/resource_index/package_run_dependencies/manipulator_bringups
[0.269s] -- Up-to-date: /home/ashish/ros2_ws/install/manipulator_bringups/share/ament_index/resource_index/parent_prefix_path/manipulator_bringups
[0.269s] -- Up-to-date: /home/ashish/ros2_ws/install/manipulator_bringups/share/manipulator_bringups/environment/ament_prefix_path.sh
[0.269s] -- Up-to-date: /home/ashish/ros2_ws/install/manipulator_bringups/share/manipulator_bringups/environment/ament_prefix_path.dsv
[0.270s] -- Up-to-date: /home/ashish/ros2_ws/install/manipulator_bringups/share/manipulator_bringups/environment/path.sh
[0.270s] -- Up-to-date: /home/ashish/ros2_ws/install/manipulator_bringups/share/manipulator_bringups/environment/path.dsv
[0.270s] -- Up-to-date: /home/ashish/ros2_ws/install/manipulator_bringups/share/manipulator_bringups/local_setup.bash
[0.270s] -- Up-to-date: /home/ashish/ros2_ws/install/manipulator_bringups/share/manipulator_bringups/local_setup.sh
[0.270s] -- Up-to-date: /home/ashish/ros2_ws/install/manipulator_bringups/share/manipulator_bringups/local_setup.zsh
[0.270s] -- Up-to-date: /home/ashish/ros2_ws/install/manipulator_bringups/share/manipulator_bringups/local_setup.dsv
[0.271s] -- Installing: /home/ashish/ros2_ws/install/manipulator_bringups/share/manipulator_bringups/package.dsv
[0.273s] -- Up-to-date: /home/ashish/ros2_ws/install/manipulator_bringups/share/ament_index/resource_index/packages/manipulator_bringups
[0.274s] -- Up-to-date: /home/ashish/ros2_ws/install/manipulator_bringups/share/manipulator_bringups/cmake/manipulator_bringupsConfig.cmake
[0.274s] -- Up-to-date: /home/ashish/ros2_ws/install/manipulator_bringups/share/manipulator_bringups/cmake/manipulator_bringupsConfig-version.cmake
[0.274s] -- Up-to-date: /home/ashish/ros2_ws/install/manipulator_bringups/share/manipulator_bringups/package.xml
[0.279s] Invoked command in '/home/ashish/ros2_ws/build/manipulator_bringups' returned '0': CMAKE_PREFIX_PATH=/home/ashish/ros2_ws/install/manipulator_description:/home/ashish/ros2_ws/install/my_robot_description:/home/ashish/ros2_ws/install/manipulator_bringups:/opt/ros/humble /usr/bin/cmake --install /home/ashish/ros2_ws/build/manipulator_bringups
