[0.061s] Invoking command in '/home/ashish/ros2_ws/build/my_robot_description': CMAKE_PREFIX_PATH=${CMAKE_PREFIX_PATH}:/opt/ros/humble /usr/bin/cmake --build /home/ashish/ros2_ws/build/my_robot_description -- -j2 -l2
[0.238s] Invoked command in '/home/ashish/ros2_ws/build/my_robot_description' returned '0': CMAKE_PREFIX_PATH=${CMAKE_PREFIX_PATH}:/opt/ros/humble /usr/bin/cmake --build /home/ashish/ros2_ws/build/my_robot_description -- -j2 -l2
[0.295s] Invoking command in '/home/ashish/ros2_ws/build/my_robot_description': CMAKE_PREFIX_PATH=${CMAKE_PREFIX_PATH}:/opt/ros/humble /usr/bin/cmake --install /home/ashish/ros2_ws/build/my_robot_description
[0.316s] -- Install configuration: ""
[0.328s] -- Up-to-date: /home/ashish/ros2_ws/install/my_robot_description/share/my_robot_description//urdf
[0.329s] -- Up-to-date: /home/ashish/ros2_ws/install/my_robot_description/share/my_robot_description//urdf/my_robot.urdf.xacro
[0.330s] -- Up-to-date: /home/ashish/ros2_ws/install/my_robot_description/share/my_robot_description//launch
[0.330s] -- Up-to-date: /home/ashish/ros2_ws/install/my_robot_description/share/my_robot_description//launch/display.launch.xml
[0.330s] -- Up-to-date: /home/ashish/ros2_ws/install/my_robot_description/share/my_robot_description//rviz
[0.332s] -- Up-to-date: /home/ashish/ros2_ws/install/my_robot_description/share/my_robot_description//rviz/my_robot_rviz_config.rviz
[0.332s] -- Up-to-date: /home/ashish/ros2_ws/install/my_robot_description/share/ament_index/resource_index/package_run_dependencies/my_robot_description
[0.333s] -- Up-to-date: /home/ashish/ros2_ws/install/my_robot_description/share/ament_index/resource_index/parent_prefix_path/my_robot_description
[0.334s] -- Up-to-date: /home/ashish/ros2_ws/install/my_robot_description/share/my_robot_description/environment/ament_prefix_path.sh
[0.334s] -- Up-to-date: /home/ashish/ros2_ws/install/my_robot_description/share/my_robot_description/environment/ament_prefix_path.dsv
[0.334s] -- Up-to-date: /home/ashish/ros2_ws/install/my_robot_description/share/my_robot_description/environment/path.sh
[0.335s] -- Up-to-date: /home/ashish/ros2_ws/install/my_robot_description/share/my_robot_description/environment/path.dsv
[0.335s] -- Up-to-date: /home/ashish/ros2_ws/install/my_robot_description/share/my_robot_description/local_setup.bash
[0.336s] -- Up-to-date: /home/ashish/ros2_ws/install/my_robot_description/share/my_robot_description/local_setup.sh
[0.336s] -- Up-to-date: /home/ashish/ros2_ws/install/my_robot_description/share/my_robot_description/local_setup.zsh
[0.336s] -- Up-to-date: /home/ashish/ros2_ws/install/my_robot_description/share/my_robot_description/local_setup.dsv
[0.336s] -- Up-to-date: /home/ashish/ros2_ws/install/my_robot_description/share/my_robot_description/package.dsv
[0.336s] -- Up-to-date: /home/ashish/ros2_ws/install/my_robot_description/share/ament_index/resource_index/packages/my_robot_description
[0.337s] -- Up-to-date: /home/ashish/ros2_ws/install/my_robot_description/share/my_robot_description/cmake/my_robot_descriptionConfig.cmake
[0.337s] -- Up-to-date: /home/ashish/ros2_ws/install/my_robot_description/share/my_robot_description/cmake/my_robot_descriptionConfig-version.cmake
[0.337s] -- Up-to-date: /home/ashish/ros2_ws/install/my_robot_description/share/my_robot_description/package.xml
[0.391s] Invoked command in '/home/ashish/ros2_ws/build/my_robot_description' returned '0': CMAKE_PREFIX_PATH=${CMAKE_PREFIX_PATH}:/opt/ros/humble /usr/bin/cmake --install /home/ashish/ros2_ws/build/my_robot_description
