[0.140s] DEBUG:colcon:Command line arguments: ['/usr/bin/colcon', 'build']
[0.140s] DEBUG:colcon:Parsed command line arguments: Namespace(log_base=None, log_level=None, verb_name='build', build_base='build', install_base='install', merge_install=False, symlink_install=False, test_result_base=None, continue_on_error=False, executor='parallel', parallel_workers=2, event_handlers=None, ignore_user_meta=False, metas=['./colcon.meta'], base_paths=['.'], packages_ignore=None, packages_ignore_regex=None, paths=None, packages_up_to=None, packages_up_to_regex=None, packages_above=None, packages_above_and_dependencies=None, packages_above_depth=None, packages_select_by_dep=None, packages_skip_by_dep=None, packages_skip_up_to=None, packages_select_build_failed=False, packages_skip_build_finished=False, packages_select_test_failures=False, packages_skip_test_passed=False, packages_select=None, packages_skip=None, packages_select_regex=None, packages_skip_regex=None, packages_start=None, packages_end=None, allow_overriding=[], cmake_args=None, cmake_target=None, cmake_target_skip_unavailable=False, cmake_clean_cache=False, cmake_clean_first=False, cmake_force_configure=False, ament_cmake_args=None, catkin_cmake_args=None, catkin_skip_building_tests=False, verb_parser=<colcon_defaults.argument_parser.defaults.DefaultArgumentsDecorator object at 0x7ddf19483fd0>, verb_extension=<colcon_core.verb.build.BuildVerb object at 0x7ddf1964cb20>, main=<bound method BuildVerb.main of <colcon_core.verb.build.BuildVerb object at 0x7ddf1964cb20>>)
[0.430s] Level 1:colcon.colcon_core.package_discovery:discover_packages(colcon_meta) check parameters
[0.430s] Level 1:colcon.colcon_core.package_discovery:discover_packages(recursive) check parameters
[0.430s] Level 1:colcon.colcon_core.package_discovery:discover_packages(ignore) check parameters
[0.430s] Level 1:colcon.colcon_core.package_discovery:discover_packages(path) check parameters
[0.430s] Level 1:colcon.colcon_core.package_discovery:discover_packages(colcon_meta) discover
[0.430s] Level 1:colcon.colcon_core.package_discovery:discover_packages(recursive) discover
[0.430s] INFO:colcon.colcon_core.package_discovery:Crawling recursively for packages in '/home/ashish/ros2_ws'
[0.430s] Level 1:colcon.colcon_core.package_identification:_identify(.) by extensions ['ignore', 'ignore_ament_install']
[0.431s] Level 1:colcon.colcon_core.package_identification:_identify(.) by extension 'ignore'
[0.431s] Level 1:colcon.colcon_core.package_identification:_identify(.) by extension 'ignore_ament_install'
[0.431s] Level 1:colcon.colcon_core.package_identification:_identify(.) by extensions ['colcon_pkg']
[0.431s] Level 1:colcon.colcon_core.package_identification:_identify(.) by extension 'colcon_pkg'
[0.431s] Level 1:colcon.colcon_core.package_identification:_identify(.) by extensions ['colcon_meta']
[0.431s] Level 1:colcon.colcon_core.package_identification:_identify(.) by extension 'colcon_meta'
[0.431s] Level 1:colcon.colcon_core.package_identification:_identify(.) by extensions ['ros']
[0.431s] Level 1:colcon.colcon_core.package_identification:_identify(.) by extension 'ros'
[0.446s] Level 1:colcon.colcon_core.package_identification:_identify(.) by extensions ['cmake', 'python']
[0.446s] Level 1:colcon.colcon_core.package_identification:_identify(.) by extension 'cmake'
[0.447s] Level 1:colcon.colcon_core.package_identification:_identify(.) by extension 'python'
[0.447s] Level 1:colcon.colcon_core.package_identification:_identify(.) by extensions ['python_setup_py']
[0.447s] Level 1:colcon.colcon_core.package_identification:_identify(.) by extension 'python_setup_py'
[0.447s] Level 1:colcon.colcon_core.package_identification:_identify(build) by extensions ['ignore', 'ignore_ament_install']
[0.447s] Level 1:colcon.colcon_core.package_identification:_identify(build) by extension 'ignore'
[0.447s] Level 1:colcon.colcon_core.package_identification:_identify(build) ignored
[0.447s] Level 1:colcon.colcon_core.package_identification:_identify(install) by extensions ['ignore', 'ignore_ament_install']
[0.447s] Level 1:colcon.colcon_core.package_identification:_identify(install) by extension 'ignore'
[0.447s] Level 1:colcon.colcon_core.package_identification:_identify(install) ignored
[0.448s] Level 1:colcon.colcon_core.package_identification:_identify(log) by extensions ['ignore', 'ignore_ament_install']
[0.448s] Level 1:colcon.colcon_core.package_identification:_identify(log) by extension 'ignore'
[0.448s] Level 1:colcon.colcon_core.package_identification:_identify(log) ignored
[0.448s] Level 1:colcon.colcon_core.package_identification:_identify(src) by extensions ['ignore', 'ignore_ament_install']
[0.448s] Level 1:colcon.colcon_core.package_identification:_identify(src) by extension 'ignore'
[0.448s] Level 1:colcon.colcon_core.package_identification:_identify(src) by extension 'ignore_ament_install'
[0.448s] Level 1:colcon.colcon_core.package_identification:_identify(src) by extensions ['colcon_pkg']
[0.448s] Level 1:colcon.colcon_core.package_identification:_identify(src) by extension 'colcon_pkg'
[0.448s] Level 1:colcon.colcon_core.package_identification:_identify(src) by extensions ['colcon_meta']
[0.448s] Level 1:colcon.colcon_core.package_identification:_identify(src) by extension 'colcon_meta'
[0.448s] Level 1:colcon.colcon_core.package_identification:_identify(src) by extensions ['ros']
[0.448s] Level 1:colcon.colcon_core.package_identification:_identify(src) by extension 'ros'
[0.448s] Level 1:colcon.colcon_core.package_identification:_identify(src) by extensions ['cmake', 'python']
[0.448s] Level 1:colcon.colcon_core.package_identification:_identify(src) by extension 'cmake'
[0.448s] Level 1:colcon.colcon_core.package_identification:_identify(src) by extension 'python'
[0.448s] Level 1:colcon.colcon_core.package_identification:_identify(src) by extensions ['python_setup_py']
[0.448s] Level 1:colcon.colcon_core.package_identification:_identify(src) by extension 'python_setup_py'
[0.449s] Level 1:colcon.colcon_core.package_identification:_identify(src/manipulator_bringups) by extensions ['ignore', 'ignore_ament_install']
[0.449s] Level 1:colcon.colcon_core.package_identification:_identify(src/manipulator_bringups) by extension 'ignore'
[0.449s] Level 1:colcon.colcon_core.package_identification:_identify(src/manipulator_bringups) by extension 'ignore_ament_install'
[0.449s] Level 1:colcon.colcon_core.package_identification:_identify(src/manipulator_bringups) by extensions ['colcon_pkg']
[0.449s] Level 1:colcon.colcon_core.package_identification:_identify(src/manipulator_bringups) by extension 'colcon_pkg'
[0.449s] Level 1:colcon.colcon_core.package_identification:_identify(src/manipulator_bringups) by extensions ['colcon_meta']
[0.449s] Level 1:colcon.colcon_core.package_identification:_identify(src/manipulator_bringups) by extension 'colcon_meta'
[0.449s] Level 1:colcon.colcon_core.package_identification:_identify(src/manipulator_bringups) by extensions ['ros']
[0.449s] Level 1:colcon.colcon_core.package_identification:_identify(src/manipulator_bringups) by extension 'ros'
[0.452s] DEBUG:colcon.colcon_core.package_identification:Package 'src/manipulator_bringups' with type 'ros.ament_cmake' and name 'manipulator_bringups'
[0.452s] Level 1:colcon.colcon_core.package_identification:_identify(src/manipulator_description) by extensions ['ignore', 'ignore_ament_install']
[0.452s] Level 1:colcon.colcon_core.package_identification:_identify(src/manipulator_description) by extension 'ignore'
[0.452s] Level 1:colcon.colcon_core.package_identification:_identify(src/manipulator_description) by extension 'ignore_ament_install'
[0.452s] Level 1:colcon.colcon_core.package_identification:_identify(src/manipulator_description) by extensions ['colcon_pkg']
[0.452s] Level 1:colcon.colcon_core.package_identification:_identify(src/manipulator_description) by extension 'colcon_pkg'
[0.452s] Level 1:colcon.colcon_core.package_identification:_identify(src/manipulator_description) by extensions ['colcon_meta']
[0.452s] Level 1:colcon.colcon_core.package_identification:_identify(src/manipulator_description) by extension 'colcon_meta'
[0.453s] Level 1:colcon.colcon_core.package_identification:_identify(src/manipulator_description) by extensions ['ros']
[0.453s] Level 1:colcon.colcon_core.package_identification:_identify(src/manipulator_description) by extension 'ros'
[0.453s] DEBUG:colcon.colcon_core.package_identification:Package 'src/manipulator_description' with type 'ros.ament_cmake' and name 'manipulator_description'
[0.453s] Level 1:colcon.colcon_core.package_identification:_identify(src/my_robot_description) by extensions ['ignore', 'ignore_ament_install']
[0.454s] Level 1:colcon.colcon_core.package_identification:_identify(src/my_robot_description) by extension 'ignore'
[0.454s] Level 1:colcon.colcon_core.package_identification:_identify(src/my_robot_description) by extension 'ignore_ament_install'
[0.454s] Level 1:colcon.colcon_core.package_identification:_identify(src/my_robot_description) by extensions ['colcon_pkg']
[0.454s] Level 1:colcon.colcon_core.package_identification:_identify(src/my_robot_description) by extension 'colcon_pkg'
[0.454s] Level 1:colcon.colcon_core.package_identification:_identify(src/my_robot_description) by extensions ['colcon_meta']
[0.454s] Level 1:colcon.colcon_core.package_identification:_identify(src/my_robot_description) by extension 'colcon_meta'
[0.454s] Level 1:colcon.colcon_core.package_identification:_identify(src/my_robot_description) by extensions ['ros']
[0.454s] Level 1:colcon.colcon_core.package_identification:_identify(src/my_robot_description) by extension 'ros'
[0.455s] DEBUG:colcon.colcon_core.package_identification:Package 'src/my_robot_description' with type 'ros.ament_cmake' and name 'my_robot_description'
[0.455s] Level 1:colcon.colcon_core.package_discovery:discover_packages(recursive) using defaults
[0.455s] Level 1:colcon.colcon_core.package_discovery:discover_packages(ignore) discover
[0.455s] Level 1:colcon.colcon_core.package_discovery:discover_packages(ignore) using defaults
[0.455s] Level 1:colcon.colcon_core.package_discovery:discover_packages(path) discover
[0.455s] Level 1:colcon.colcon_core.package_discovery:discover_packages(path) using defaults
[0.487s] Level 1:colcon.colcon_core.package_discovery:discover_packages(prefix_path) check parameters
[0.487s] Level 1:colcon.colcon_core.package_discovery:discover_packages(prefix_path) discover
[0.489s] DEBUG:colcon.colcon_installed_package_information.package_discovery:Found 3 installed packages in /home/ashish/ros2_ws/install
[0.491s] DEBUG:colcon.colcon_installed_package_information.package_discovery:Found 319 installed packages in /opt/ros/humble
[0.493s] Level 1:colcon.colcon_core.package_discovery:discover_packages(prefix_path) using defaults
[0.550s] Level 5:colcon.colcon_core.verb:set package 'manipulator_description' build argument 'cmake_args' from command line to 'None'
[0.550s] Level 5:colcon.colcon_core.verb:set package 'manipulator_description' build argument 'cmake_target' from command line to 'None'
[0.550s] Level 5:colcon.colcon_core.verb:set package 'manipulator_description' build argument 'cmake_target_skip_unavailable' from command line to 'False'
[0.550s] Level 5:colcon.colcon_core.verb:set package 'manipulator_description' build argument 'cmake_clean_cache' from command line to 'False'
[0.550s] Level 5:colcon.colcon_core.verb:set package 'manipulator_description' build argument 'cmake_clean_first' from command line to 'False'
[0.550s] Level 5:colcon.colcon_core.verb:set package 'manipulator_description' build argument 'cmake_force_configure' from command line to 'False'
[0.550s] Level 5:colcon.colcon_core.verb:set package 'manipulator_description' build argument 'ament_cmake_args' from command line to 'None'
[0.550s] Level 5:colcon.colcon_core.verb:set package 'manipulator_description' build argument 'catkin_cmake_args' from command line to 'None'
[0.551s] Level 5:colcon.colcon_core.verb:set package 'manipulator_description' build argument 'catkin_skip_building_tests' from command line to 'False'
[0.551s] DEBUG:colcon.colcon_core.verb:Building package 'manipulator_description' with the following arguments: {'ament_cmake_args': None, 'build_base': '/home/ashish/ros2_ws/build/manipulator_description', 'catkin_cmake_args': None, 'catkin_skip_building_tests': False, 'cmake_args': None, 'cmake_clean_cache': False, 'cmake_clean_first': False, 'cmake_force_configure': False, 'cmake_target': None, 'cmake_target_skip_unavailable': False, 'install_base': '/home/ashish/ros2_ws/install/manipulator_description', 'merge_install': False, 'path': '/home/ashish/ros2_ws/src/manipulator_description', 'symlink_install': False, 'test_result_base': None}
[0.551s] Level 5:colcon.colcon_core.verb:set package 'my_robot_description' build argument 'cmake_args' from command line to 'None'
[0.551s] Level 5:colcon.colcon_core.verb:set package 'my_robot_description' build argument 'cmake_target' from command line to 'None'
[0.551s] Level 5:colcon.colcon_core.verb:set package 'my_robot_description' build argument 'cmake_target_skip_unavailable' from command line to 'False'
[0.551s] Level 5:colcon.colcon_core.verb:set package 'my_robot_description' build argument 'cmake_clean_cache' from command line to 'False'
[0.551s] Level 5:colcon.colcon_core.verb:set package 'my_robot_description' build argument 'cmake_clean_first' from command line to 'False'
[0.551s] Level 5:colcon.colcon_core.verb:set package 'my_robot_description' build argument 'cmake_force_configure' from command line to 'False'
[0.551s] Level 5:colcon.colcon_core.verb:set package 'my_robot_description' build argument 'ament_cmake_args' from command line to 'None'
[0.551s] Level 5:colcon.colcon_core.verb:set package 'my_robot_description' build argument 'catkin_cmake_args' from command line to 'None'
[0.551s] Level 5:colcon.colcon_core.verb:set package 'my_robot_description' build argument 'catkin_skip_building_tests' from command line to 'False'
[0.551s] DEBUG:colcon.colcon_core.verb:Building package 'my_robot_description' with the following arguments: {'ament_cmake_args': None, 'build_base': '/home/ashish/ros2_ws/build/my_robot_description', 'catkin_cmake_args': None, 'catkin_skip_building_tests': False, 'cmake_args': None, 'cmake_clean_cache': False, 'cmake_clean_first': False, 'cmake_force_configure': False, 'cmake_target': None, 'cmake_target_skip_unavailable': False, 'install_base': '/home/ashish/ros2_ws/install/my_robot_description', 'merge_install': False, 'path': '/home/ashish/ros2_ws/src/my_robot_description', 'symlink_install': False, 'test_result_base': None}
[0.551s] Level 5:colcon.colcon_core.verb:set package 'manipulator_bringups' build argument 'cmake_args' from command line to 'None'
[0.551s] Level 5:colcon.colcon_core.verb:set package 'manipulator_bringups' build argument 'cmake_target' from command line to 'None'
[0.552s] Level 5:colcon.colcon_core.verb:set package 'manipulator_bringups' build argument 'cmake_target_skip_unavailable' from command line to 'False'
[0.552s] Level 5:colcon.colcon_core.verb:set package 'manipulator_bringups' build argument 'cmake_clean_cache' from command line to 'False'
[0.552s] Level 5:colcon.colcon_core.verb:set package 'manipulator_bringups' build argument 'cmake_clean_first' from command line to 'False'
[0.552s] Level 5:colcon.colcon_core.verb:set package 'manipulator_bringups' build argument 'cmake_force_configure' from command line to 'False'
[0.552s] Level 5:colcon.colcon_core.verb:set package 'manipulator_bringups' build argument 'ament_cmake_args' from command line to 'None'
[0.552s] Level 5:colcon.colcon_core.verb:set package 'manipulator_bringups' build argument 'catkin_cmake_args' from command line to 'None'
[0.552s] Level 5:colcon.colcon_core.verb:set package 'manipulator_bringups' build argument 'catkin_skip_building_tests' from command line to 'False'
[0.552s] DEBUG:colcon.colcon_core.verb:Building package 'manipulator_bringups' with the following arguments: {'ament_cmake_args': None, 'build_base': '/home/ashish/ros2_ws/build/manipulator_bringups', 'catkin_cmake_args': None, 'catkin_skip_building_tests': False, 'cmake_args': None, 'cmake_clean_cache': False, 'cmake_clean_first': False, 'cmake_force_configure': False, 'cmake_target': None, 'cmake_target_skip_unavailable': False, 'install_base': '/home/ashish/ros2_ws/install/manipulator_bringups', 'merge_install': False, 'path': '/home/ashish/ros2_ws/src/manipulator_bringups', 'symlink_install': False, 'test_result_base': None}
[0.552s] INFO:colcon.colcon_core.executor:Executing jobs using 'parallel' executor
[0.554s] DEBUG:colcon.colcon_parallel_executor.executor.parallel:run_until_complete
[0.554s] INFO:colcon.colcon_ros.task.ament_cmake.build:Building ROS package in '/home/ashish/ros2_ws/src/manipulator_description' with build type 'ament_cmake'
[0.554s] INFO:colcon.colcon_cmake.task.cmake.build:Building CMake package in '/home/ashish/ros2_ws/src/manipulator_description'
[0.558s] INFO:colcon.colcon_core.plugin_system:Skipping extension 'colcon_core.shell.bat': Not used on non-Windows systems
[0.559s] INFO:colcon.colcon_core.shell:Skip shell extension 'powershell' for command environment: Not usable outside of PowerShell
[0.559s] DEBUG:colcon.colcon_core.shell:Skip shell extension 'dsv' for command environment
[0.570s] INFO:colcon.colcon_ros.task.ament_cmake.build:Building ROS package in '/home/ashish/ros2_ws/src/my_robot_description' with build type 'ament_cmake'
[0.570s] INFO:colcon.colcon_cmake.task.cmake.build:Building CMake package in '/home/ashish/ros2_ws/src/my_robot_description'
[0.571s] INFO:colcon.colcon_core.shell:Skip shell extension 'powershell' for command environment: Not usable outside of PowerShell
[0.571s] DEBUG:colcon.colcon_core.shell:Skip shell extension 'dsv' for command environment
[0.610s] DEBUG:colcon.colcon_core.event_handler.log_command:Invoking command in '/home/ashish/ros2_ws/build/my_robot_description': CMAKE_PREFIX_PATH=${CMAKE_PREFIX_PATH}:/opt/ros/humble /usr/bin/cmake --build /home/ashish/ros2_ws/build/my_robot_description -- -j2 -l2
[0.621s] DEBUG:colcon.colcon_core.event_handler.log_command:Invoking command in '/home/ashish/ros2_ws/build/manipulator_description': CMAKE_PREFIX_PATH=${CMAKE_PREFIX_PATH}:/opt/ros/humble /usr/bin/cmake --build /home/ashish/ros2_ws/build/manipulator_description -- -j2 -l2
[0.706s] DEBUG:colcon.colcon_core.event_handler.log_command:Invoked command in '/home/ashish/ros2_ws/build/my_robot_description' returned '0': CMAKE_PREFIX_PATH=${CMAKE_PREFIX_PATH}:/opt/ros/humble /usr/bin/cmake --build /home/ashish/ros2_ws/build/my_robot_description -- -j2 -l2
[0.806s] DEBUG:colcon.colcon_core.event_handler.log_command:Invoking command in '/home/ashish/ros2_ws/build/my_robot_description': CMAKE_PREFIX_PATH=${CMAKE_PREFIX_PATH}:/opt/ros/humble /usr/bin/cmake --install /home/ashish/ros2_ws/build/my_robot_description
[0.836s] Level 1:colcon.colcon_core.environment:create_environment_scripts_only(my_robot_description)
[0.844s] DEBUG:colcon.colcon_core.event_handler.log_command:Invoked command in '/home/ashish/ros2_ws/build/my_robot_description' returned '0': CMAKE_PREFIX_PATH=${CMAKE_PREFIX_PATH}:/opt/ros/humble /usr/bin/cmake --install /home/ashish/ros2_ws/build/my_robot_description
[0.846s] Level 1:colcon.colcon_core.environment:checking '/home/ashish/ros2_ws/install/my_robot_description' for CMake module files
[0.847s] Level 1:colcon.colcon_core.environment:checking '/home/ashish/ros2_ws/install/my_robot_description' for CMake config files
[0.848s] Level 1:colcon.colcon_core.shell:create_environment_hook('my_robot_description', 'cmake_prefix_path')
[0.849s] INFO:colcon.colcon_core.shell:Creating environment hook '/home/ashish/ros2_ws/install/my_robot_description/share/my_robot_description/hook/cmake_prefix_path.ps1'
[0.851s] INFO:colcon.colcon_core.shell:Creating environment descriptor '/home/ashish/ros2_ws/install/my_robot_description/share/my_robot_description/hook/cmake_prefix_path.dsv'
[0.853s] INFO:colcon.colcon_core.shell:Creating environment hook '/home/ashish/ros2_ws/install/my_robot_description/share/my_robot_description/hook/cmake_prefix_path.sh'
[0.857s] Level 1:colcon.colcon_core.environment:checking '/home/ashish/ros2_ws/install/my_robot_description/bin'
[0.857s] Level 1:colcon.colcon_core.environment:checking '/home/ashish/ros2_ws/install/my_robot_description/lib/pkgconfig/my_robot_description.pc'
[0.858s] Level 1:colcon.colcon_core.environment:checking '/home/ashish/ros2_ws/install/my_robot_description/lib/python3.10/site-packages'
[0.858s] Level 1:colcon.colcon_core.environment:checking '/home/ashish/ros2_ws/install/my_robot_description/bin'
[0.859s] INFO:colcon.colcon_core.shell:Creating package script '/home/ashish/ros2_ws/install/my_robot_description/share/my_robot_description/package.ps1'
[0.861s] INFO:colcon.colcon_core.shell:Creating package descriptor '/home/ashish/ros2_ws/install/my_robot_description/share/my_robot_description/package.dsv'
[0.863s] INFO:colcon.colcon_core.shell:Creating package script '/home/ashish/ros2_ws/install/my_robot_description/share/my_robot_description/package.sh'
[0.866s] INFO:colcon.colcon_core.shell:Creating package script '/home/ashish/ros2_ws/install/my_robot_description/share/my_robot_description/package.bash'
[0.868s] INFO:colcon.colcon_core.shell:Creating package script '/home/ashish/ros2_ws/install/my_robot_description/share/my_robot_description/package.zsh'
[0.870s] Level 1:colcon.colcon_core.environment:create_file_with_runtime_dependencies(/home/ashish/ros2_ws/install/my_robot_description/share/colcon-core/packages/my_robot_description)
[0.931s] Level 1:colcon.colcon_core.environment:create_environment_scripts_only(my_robot_description)
[0.932s] Level 1:colcon.colcon_core.environment:checking '/home/ashish/ros2_ws/install/my_robot_description' for CMake module files
[0.933s] Level 1:colcon.colcon_core.environment:checking '/home/ashish/ros2_ws/install/my_robot_description' for CMake config files
[0.933s] Level 1:colcon.colcon_core.shell:create_environment_hook('my_robot_description', 'cmake_prefix_path')
[0.933s] INFO:colcon.colcon_core.shell:Creating environment hook '/home/ashish/ros2_ws/install/my_robot_description/share/my_robot_description/hook/cmake_prefix_path.ps1'
[0.934s] INFO:colcon.colcon_core.shell:Creating environment descriptor '/home/ashish/ros2_ws/install/my_robot_description/share/my_robot_description/hook/cmake_prefix_path.dsv'
[0.935s] INFO:colcon.colcon_core.shell:Creating environment hook '/home/ashish/ros2_ws/install/my_robot_description/share/my_robot_description/hook/cmake_prefix_path.sh'
[0.935s] Level 1:colcon.colcon_core.environment:checking '/home/ashish/ros2_ws/install/my_robot_description/bin'
[0.936s] Level 1:colcon.colcon_core.environment:checking '/home/ashish/ros2_ws/install/my_robot_description/lib/pkgconfig/my_robot_description.pc'
[0.936s] Level 1:colcon.colcon_core.environment:checking '/home/ashish/ros2_ws/install/my_robot_description/lib/python3.10/site-packages'
[0.936s] Level 1:colcon.colcon_core.environment:checking '/home/ashish/ros2_ws/install/my_robot_description/bin'
[0.937s] INFO:colcon.colcon_core.shell:Creating package script '/home/ashish/ros2_ws/install/my_robot_description/share/my_robot_description/package.ps1'
[0.938s] INFO:colcon.colcon_core.shell:Creating package descriptor '/home/ashish/ros2_ws/install/my_robot_description/share/my_robot_description/package.dsv'
[0.939s] INFO:colcon.colcon_core.shell:Creating package script '/home/ashish/ros2_ws/install/my_robot_description/share/my_robot_description/package.sh'
[0.940s] INFO:colcon.colcon_core.shell:Creating package script '/home/ashish/ros2_ws/install/my_robot_description/share/my_robot_description/package.bash'
[0.940s] INFO:colcon.colcon_core.shell:Creating package script '/home/ashish/ros2_ws/install/my_robot_description/share/my_robot_description/package.zsh'
[0.941s] Level 1:colcon.colcon_core.environment:create_file_with_runtime_dependencies(/home/ashish/ros2_ws/install/my_robot_description/share/colcon-core/packages/my_robot_description)
[1.211s] DEBUG:colcon.colcon_core.event_handler.log_command:Invoked command in '/home/ashish/ros2_ws/build/manipulator_description' returned '0': CMAKE_PREFIX_PATH=${CMAKE_PREFIX_PATH}:/opt/ros/humble /usr/bin/cmake --build /home/ashish/ros2_ws/build/manipulator_description -- -j2 -l2
[1.277s] DEBUG:colcon.colcon_core.event_handler.log_command:Invoking command in '/home/ashish/ros2_ws/build/manipulator_description': CMAKE_PREFIX_PATH=${CMAKE_PREFIX_PATH}:/opt/ros/humble /usr/bin/cmake --install /home/ashish/ros2_ws/build/manipulator_description
[1.321s] Level 1:colcon.colcon_core.environment:create_environment_scripts_only(manipulator_description)
[1.322s] Level 1:colcon.colcon_core.environment:checking '/home/ashish/ros2_ws/install/manipulator_description' for CMake module files
[1.323s] Level 1:colcon.colcon_core.environment:checking '/home/ashish/ros2_ws/install/manipulator_description' for CMake config files
[1.324s] Level 1:colcon.colcon_core.shell:create_environment_hook('manipulator_description', 'cmake_prefix_path')
[1.324s] INFO:colcon.colcon_core.shell:Creating environment hook '/home/ashish/ros2_ws/install/manipulator_description/share/manipulator_description/hook/cmake_prefix_path.ps1'
[1.325s] INFO:colcon.colcon_core.shell:Creating environment descriptor '/home/ashish/ros2_ws/install/manipulator_description/share/manipulator_description/hook/cmake_prefix_path.dsv'
[1.325s] DEBUG:colcon.colcon_core.event_handler.log_command:Invoked command in '/home/ashish/ros2_ws/build/manipulator_description' returned '0': CMAKE_PREFIX_PATH=${CMAKE_PREFIX_PATH}:/opt/ros/humble /usr/bin/cmake --install /home/ashish/ros2_ws/build/manipulator_description
[1.326s] INFO:colcon.colcon_core.shell:Creating environment hook '/home/ashish/ros2_ws/install/manipulator_description/share/manipulator_description/hook/cmake_prefix_path.sh'
[1.327s] Level 1:colcon.colcon_core.environment:checking '/home/ashish/ros2_ws/install/manipulator_description/bin'
[1.327s] Level 1:colcon.colcon_core.environment:checking '/home/ashish/ros2_ws/install/manipulator_description/lib/pkgconfig/manipulator_description.pc'
[1.327s] Level 1:colcon.colcon_core.environment:checking '/home/ashish/ros2_ws/install/manipulator_description/lib/python3.10/site-packages'
[1.327s] Level 1:colcon.colcon_core.environment:checking '/home/ashish/ros2_ws/install/manipulator_description/bin'
[1.328s] INFO:colcon.colcon_core.shell:Creating package script '/home/ashish/ros2_ws/install/manipulator_description/share/manipulator_description/package.ps1'
[1.328s] INFO:colcon.colcon_core.shell:Creating package descriptor '/home/ashish/ros2_ws/install/manipulator_description/share/manipulator_description/package.dsv'
[1.329s] INFO:colcon.colcon_core.shell:Creating package script '/home/ashish/ros2_ws/install/manipulator_description/share/manipulator_description/package.sh'
[1.329s] INFO:colcon.colcon_core.shell:Creating package script '/home/ashish/ros2_ws/install/manipulator_description/share/manipulator_description/package.bash'
[1.330s] INFO:colcon.colcon_core.shell:Creating package script '/home/ashish/ros2_ws/install/manipulator_description/share/manipulator_description/package.zsh'
[1.330s] Level 1:colcon.colcon_core.environment:create_file_with_runtime_dependencies(/home/ashish/ros2_ws/install/manipulator_description/share/colcon-core/packages/manipulator_description)
[1.382s] Level 1:colcon.colcon_core.environment:create_environment_scripts_only(manipulator_description)
[1.383s] Level 1:colcon.colcon_core.environment:checking '/home/ashish/ros2_ws/install/manipulator_description' for CMake module files
[1.384s] Level 1:colcon.colcon_core.environment:checking '/home/ashish/ros2_ws/install/manipulator_description' for CMake config files
[1.385s] Level 1:colcon.colcon_core.shell:create_environment_hook('manipulator_description', 'cmake_prefix_path')
[1.386s] INFO:colcon.colcon_core.shell:Creating environment hook '/home/ashish/ros2_ws/install/manipulator_description/share/manipulator_description/hook/cmake_prefix_path.ps1'
[1.389s] INFO:colcon.colcon_core.shell:Creating environment descriptor '/home/ashish/ros2_ws/install/manipulator_description/share/manipulator_description/hook/cmake_prefix_path.dsv'
[1.392s] INFO:colcon.colcon_core.shell:Creating environment hook '/home/ashish/ros2_ws/install/manipulator_description/share/manipulator_description/hook/cmake_prefix_path.sh'
[1.394s] Level 1:colcon.colcon_core.environment:checking '/home/ashish/ros2_ws/install/manipulator_description/bin'
[1.394s] Level 1:colcon.colcon_core.environment:checking '/home/ashish/ros2_ws/install/manipulator_description/lib/pkgconfig/manipulator_description.pc'
[1.395s] Level 1:colcon.colcon_core.environment:checking '/home/ashish/ros2_ws/install/manipulator_description/lib/python3.10/site-packages'
[1.396s] Level 1:colcon.colcon_core.environment:checking '/home/ashish/ros2_ws/install/manipulator_description/bin'
[1.397s] INFO:colcon.colcon_core.shell:Creating package script '/home/ashish/ros2_ws/install/manipulator_description/share/manipulator_description/package.ps1'
[1.399s] INFO:colcon.colcon_core.shell:Creating package descriptor '/home/ashish/ros2_ws/install/manipulator_description/share/manipulator_description/package.dsv'
[1.401s] INFO:colcon.colcon_core.shell:Creating package script '/home/ashish/ros2_ws/install/manipulator_description/share/manipulator_description/package.sh'
[1.402s] INFO:colcon.colcon_core.shell:Creating package script '/home/ashish/ros2_ws/install/manipulator_description/share/manipulator_description/package.bash'
[1.403s] INFO:colcon.colcon_core.shell:Creating package script '/home/ashish/ros2_ws/install/manipulator_description/share/manipulator_description/package.zsh'
[1.405s] Level 1:colcon.colcon_core.environment:create_file_with_runtime_dependencies(/home/ashish/ros2_ws/install/manipulator_description/share/colcon-core/packages/manipulator_description)
[1.405s] INFO:colcon.colcon_ros.task.ament_cmake.build:Building ROS package in '/home/ashish/ros2_ws/src/manipulator_bringups' with build type 'ament_cmake'
[1.406s] INFO:colcon.colcon_cmake.task.cmake.build:Building CMake package in '/home/ashish/ros2_ws/src/manipulator_bringups'
[1.406s] INFO:colcon.colcon_core.shell:Skip shell extension 'powershell' for command environment: Not usable outside of PowerShell
[1.407s] DEBUG:colcon.colcon_core.shell:Skip shell extension 'dsv' for command environment
[1.450s] DEBUG:colcon.colcon_core.event_handler.log_command:Invoking command in '/home/ashish/ros2_ws/build/manipulator_bringups': CMAKE_PREFIX_PATH=/home/ashish/ros2_ws/install/manipulator_description:/home/ashish/ros2_ws/install/my_robot_description:/home/ashish/ros2_ws/install/manipulator_bringups:/opt/ros/humble /usr/bin/cmake --build /home/ashish/ros2_ws/build/manipulator_bringups -- -j2 -l2
[1.502s] DEBUG:colcon.colcon_core.event_handler.log_command:Invoked command in '/home/ashish/ros2_ws/build/manipulator_bringups' returned '0': CMAKE_PREFIX_PATH=/home/ashish/ros2_ws/install/manipulator_description:/home/ashish/ros2_ws/install/my_robot_description:/home/ashish/ros2_ws/install/manipulator_bringups:/opt/ros/humble /usr/bin/cmake --build /home/ashish/ros2_ws/build/manipulator_bringups -- -j2 -l2
[1.537s] DEBUG:colcon.colcon_core.event_handler.log_command:Invoking command in '/home/ashish/ros2_ws/build/manipulator_bringups': CMAKE_PREFIX_PATH=/home/ashish/ros2_ws/install/manipulator_description:/home/ashish/ros2_ws/install/my_robot_description:/home/ashish/ros2_ws/install/manipulator_bringups:/opt/ros/humble /usr/bin/cmake --install /home/ashish/ros2_ws/build/manipulator_bringups
[1.563s] Level 1:colcon.colcon_core.environment:create_environment_scripts_only(manipulator_bringups)
[1.563s] Level 1:colcon.colcon_core.environment:checking '/home/ashish/ros2_ws/install/manipulator_bringups' for CMake module files
[1.564s] DEBUG:colcon.colcon_core.event_handler.log_command:Invoked command in '/home/ashish/ros2_ws/build/manipulator_bringups' returned '0': CMAKE_PREFIX_PATH=/home/ashish/ros2_ws/install/manipulator_description:/home/ashish/ros2_ws/install/my_robot_description:/home/ashish/ros2_ws/install/manipulator_bringups:/opt/ros/humble /usr/bin/cmake --install /home/ashish/ros2_ws/build/manipulator_bringups
[1.564s] Level 1:colcon.colcon_core.environment:checking '/home/ashish/ros2_ws/install/manipulator_bringups' for CMake config files
[1.565s] Level 1:colcon.colcon_core.shell:create_environment_hook('manipulator_bringups', 'cmake_prefix_path')
[1.565s] INFO:colcon.colcon_core.shell:Creating environment hook '/home/ashish/ros2_ws/install/manipulator_bringups/share/manipulator_bringups/hook/cmake_prefix_path.ps1'
[1.565s] INFO:colcon.colcon_core.shell:Creating environment descriptor '/home/ashish/ros2_ws/install/manipulator_bringups/share/manipulator_bringups/hook/cmake_prefix_path.dsv'
[1.566s] INFO:colcon.colcon_core.shell:Creating environment hook '/home/ashish/ros2_ws/install/manipulator_bringups/share/manipulator_bringups/hook/cmake_prefix_path.sh'
[1.567s] Level 1:colcon.colcon_core.environment:checking '/home/ashish/ros2_ws/install/manipulator_bringups/bin'
[1.567s] Level 1:colcon.colcon_core.environment:checking '/home/ashish/ros2_ws/install/manipulator_bringups/lib/pkgconfig/manipulator_bringups.pc'
[1.567s] Level 1:colcon.colcon_core.environment:checking '/home/ashish/ros2_ws/install/manipulator_bringups/lib/python3.10/site-packages'
[1.567s] Level 1:colcon.colcon_core.environment:checking '/home/ashish/ros2_ws/install/manipulator_bringups/bin'
[1.568s] INFO:colcon.colcon_core.shell:Creating package script '/home/ashish/ros2_ws/install/manipulator_bringups/share/manipulator_bringups/package.ps1'
[1.569s] INFO:colcon.colcon_core.shell:Creating package descriptor '/home/ashish/ros2_ws/install/manipulator_bringups/share/manipulator_bringups/package.dsv'
[1.569s] INFO:colcon.colcon_core.shell:Creating package script '/home/ashish/ros2_ws/install/manipulator_bringups/share/manipulator_bringups/package.sh'
[1.570s] INFO:colcon.colcon_core.shell:Creating package script '/home/ashish/ros2_ws/install/manipulator_bringups/share/manipulator_bringups/package.bash'
[1.570s] INFO:colcon.colcon_core.shell:Creating package script '/home/ashish/ros2_ws/install/manipulator_bringups/share/manipulator_bringups/package.zsh'
[1.571s] Level 1:colcon.colcon_core.environment:create_file_with_runtime_dependencies(/home/ashish/ros2_ws/install/manipulator_bringups/share/colcon-core/packages/manipulator_bringups)
[1.620s] Level 1:colcon.colcon_core.environment:create_environment_scripts_only(manipulator_bringups)
[1.620s] Level 1:colcon.colcon_core.environment:checking '/home/ashish/ros2_ws/install/manipulator_bringups' for CMake module files
[1.622s] Level 1:colcon.colcon_core.environment:checking '/home/ashish/ros2_ws/install/manipulator_bringups' for CMake config files
[1.622s] Level 1:colcon.colcon_core.shell:create_environment_hook('manipulator_bringups', 'cmake_prefix_path')
[1.623s] INFO:colcon.colcon_core.shell:Creating environment hook '/home/ashish/ros2_ws/install/manipulator_bringups/share/manipulator_bringups/hook/cmake_prefix_path.ps1'
[1.624s] INFO:colcon.colcon_core.shell:Creating environment descriptor '/home/ashish/ros2_ws/install/manipulator_bringups/share/manipulator_bringups/hook/cmake_prefix_path.dsv'
[1.625s] INFO:colcon.colcon_core.shell:Creating environment hook '/home/ashish/ros2_ws/install/manipulator_bringups/share/manipulator_bringups/hook/cmake_prefix_path.sh'
[1.627s] Level 1:colcon.colcon_core.environment:checking '/home/ashish/ros2_ws/install/manipulator_bringups/bin'
[1.627s] Level 1:colcon.colcon_core.environment:checking '/home/ashish/ros2_ws/install/manipulator_bringups/lib/pkgconfig/manipulator_bringups.pc'
[1.628s] Level 1:colcon.colcon_core.environment:checking '/home/ashish/ros2_ws/install/manipulator_bringups/lib/python3.10/site-packages'
[1.628s] Level 1:colcon.colcon_core.environment:checking '/home/ashish/ros2_ws/install/manipulator_bringups/bin'
[1.629s] INFO:colcon.colcon_core.shell:Creating package script '/home/ashish/ros2_ws/install/manipulator_bringups/share/manipulator_bringups/package.ps1'
[1.630s] INFO:colcon.colcon_core.shell:Creating package descriptor '/home/ashish/ros2_ws/install/manipulator_bringups/share/manipulator_bringups/package.dsv'
[1.632s] INFO:colcon.colcon_core.shell:Creating package script '/home/ashish/ros2_ws/install/manipulator_bringups/share/manipulator_bringups/package.sh'
[1.633s] INFO:colcon.colcon_core.shell:Creating package script '/home/ashish/ros2_ws/install/manipulator_bringups/share/manipulator_bringups/package.bash'
[1.634s] INFO:colcon.colcon_core.shell:Creating package script '/home/ashish/ros2_ws/install/manipulator_bringups/share/manipulator_bringups/package.zsh'
[1.636s] Level 1:colcon.colcon_core.environment:create_file_with_runtime_dependencies(/home/ashish/ros2_ws/install/manipulator_bringups/share/colcon-core/packages/manipulator_bringups)
[1.638s] DEBUG:colcon.colcon_parallel_executor.executor.parallel:closing loop
[1.638s] DEBUG:colcon.colcon_parallel_executor.executor.parallel:loop closed
[1.638s] DEBUG:colcon.colcon_parallel_executor.executor.parallel:run_until_complete finished with '0'
[1.639s] DEBUG:colcon.colcon_core.event_reactor:joining thread
[1.653s] INFO:colcon.colcon_core.plugin_system:Skipping extension 'colcon_notification.desktop_notification.terminal_notifier': Not used on non-Darwin systems
[1.654s] INFO:colcon.colcon_core.plugin_system:Skipping extension 'colcon_notification.desktop_notification.win32': Not used on non-Windows systems
[1.654s] INFO:colcon.colcon_notification.desktop_notification:Sending desktop notification using 'notify2'
[1.705s] DEBUG:colcon.colcon_core.event_reactor:joined thread
[1.706s] INFO:colcon.colcon_core.shell:Creating prefix script '/home/ashish/ros2_ws/install/local_setup.ps1'
[1.709s] INFO:colcon.colcon_core.shell:Creating prefix util module '/home/ashish/ros2_ws/install/_local_setup_util_ps1.py'
[1.715s] INFO:colcon.colcon_core.shell:Creating prefix chain script '/home/ashish/ros2_ws/install/setup.ps1'
[1.717s] INFO:colcon.colcon_core.shell:Creating prefix script '/home/ashish/ros2_ws/install/local_setup.sh'
[1.718s] INFO:colcon.colcon_core.shell:Creating prefix util module '/home/ashish/ros2_ws/install/_local_setup_util_sh.py'
[1.718s] INFO:colcon.colcon_core.shell:Creating prefix chain script '/home/ashish/ros2_ws/install/setup.sh'
[1.720s] INFO:colcon.colcon_core.shell:Creating prefix script '/home/ashish/ros2_ws/install/local_setup.bash'
[1.720s] INFO:colcon.colcon_core.shell:Creating prefix chain script '/home/ashish/ros2_ws/install/setup.bash'
[1.722s] INFO:colcon.colcon_core.shell:Creating prefix script '/home/ashish/ros2_ws/install/local_setup.zsh'
[1.723s] INFO:colcon.colcon_core.shell:Creating prefix chain script '/home/ashish/ros2_ws/install/setup.zsh'
