[0.059s] Invoking command in '/home/ashish/ros2_ws/build/my_robot_description': CMAKE_PREFIX_PATH=${CMAKE_PREFIX_PATH}:/opt/ros/humble /usr/bin/cmake --build /home/ashish/ros2_ws/build/my_robot_description -- -j2 -l2
[0.223s] Invoked command in '/home/ashish/ros2_ws/build/my_robot_description' returned '0': CMAKE_PREFIX_PATH=${CMAKE_PREFIX_PATH}:/opt/ros/humble /usr/bin/cmake --build /home/ashish/ros2_ws/build/my_robot_description -- -j2 -l2
[0.319s] Invoking command in '/home/ashish/ros2_ws/build/my_robot_description': CMAKE_PREFIX_PATH=${CMAKE_PREFIX_PATH}:/opt/ros/humble /usr/bin/cmake --install /home/ashish/ros2_ws/build/my_robot_description
[0.338s] -- Install configuration: ""
[0.350s] -- Up-to-date: /home/ashish/ros2_ws/install/my_robot_description/share/my_robot_description//urdf
[0.351s] -- Up-to-date: /home/ashish/ros2_ws/install/my_robot_description/share/my_robot_description//urdf/my_robot.urdf.xacro
[0.351s] -- Up-to-date: /home/ashish/ros2_ws/install/my_robot_description/share/my_robot_description//launch
[0.352s] -- Up-to-date: /home/ashish/ros2_ws/install/my_robot_description/share/my_robot_description//launch/display.launch.xml
[0.352s] -- Up-to-date: /home/ashish/ros2_ws/install/my_robot_description/share/my_robot_description//rviz
[0.353s] -- Up-to-date: /home/ashish/ros2_ws/install/my_robot_description/share/my_robot_description//rviz/my_robot_rviz_config.rviz
[0.353s] -- Up-to-date: /home/ashish/ros2_ws/install/my_robot_description/share/ament_index/resource_index/package_run_dependencies/my_robot_description
[0.353s] -- Up-to-date: /home/ashish/ros2_ws/install/my_robot_description/share/ament_index/resource_index/parent_prefix_path/my_robot_description
[0.354s] -- Up-to-date: /home/ashish/ros2_ws/install/my_robot_description/share/my_robot_description/environment/ament_prefix_path.sh
[0.355s] -- Up-to-date: /home/ashish/ros2_ws/install/my_robot_description/share/my_robot_description/environment/ament_prefix_path.dsv
[0.355s] -- Up-to-date: /home/ashish/ros2_ws/install/my_robot_description/share/my_robot_description/environment/path.sh
[0.355s] -- Up-to-date: /home/ashish/ros2_ws/install/my_robot_description/share/my_robot_description/environment/path.dsv
[0.355s] -- Up-to-date: /home/ashish/ros2_ws/install/my_robot_description/share/my_robot_description/local_setup.bash
[0.355s] -- Up-to-date: /home/ashish/ros2_ws/install/my_robot_description/share/my_robot_description/local_setup.sh
[0.355s] -- Up-to-date: /home/ashish/ros2_ws/install/my_robot_description/share/my_robot_description/local_setup.zsh
[0.356s] -- Up-to-date: /home/ashish/ros2_ws/install/my_robot_description/share/my_robot_description/local_setup.dsv
[0.356s] -- Installing: /home/ashish/ros2_ws/install/my_robot_description/share/my_robot_description/package.dsv
[0.357s] -- Up-to-date: /home/ashish/ros2_ws/install/my_robot_description/share/ament_index/resource_index/packages/my_robot_description
[0.357s] -- Up-to-date: /home/ashish/ros2_ws/install/my_robot_description/share/my_robot_description/cmake/my_robot_descriptionConfig.cmake
[0.357s] -- Up-to-date: /home/ashish/ros2_ws/install/my_robot_description/share/my_robot_description/cmake/my_robot_descriptionConfig-version.cmake
[0.357s] -- Up-to-date: /home/ashish/ros2_ws/install/my_robot_description/share/my_robot_description/package.xml
[0.362s] Invoked command in '/home/ashish/ros2_ws/build/my_robot_description' returned '0': CMAKE_PREFIX_PATH=${CMAKE_PREFIX_PATH}:/opt/ros/humble /usr/bin/cmake --install /home/ashish/ros2_ws/build/my_robot_description
