[0.051s] Invoking command in '/home/ashish/ros2_ws/build/manipulator_description': CMAKE_PREFIX_PATH=${CMAKE_PREFIX_PATH}:/opt/ros/humble /usr/bin/cmake --build /home/ashish/ros2_ws/build/manipulator_description -- -j2 -l2
[0.181s] Invoked command in '/home/ashish/ros2_ws/build/manipulator_description' returned '0': CMAKE_PREFIX_PATH=${CMAKE_PREFIX_PATH}:/opt/ros/humble /usr/bin/cmake --build /home/ashish/ros2_ws/build/manipulator_description -- -j2 -l2
[0.235s] Invoking command in '/home/ashish/ros2_ws/build/manipulator_description': CMAKE_PREFIX_PATH=${CMAKE_PREFIX_PATH}:/opt/ros/humble /usr/bin/cmake --install /home/ashish/ros2_ws/build/manipulator_description
[0.269s] -- Install configuration: ""
[0.271s] -- Up-to-date: /home/ashish/ros2_ws/install/manipulator_description/share/manipulator_description/urdf
[0.273s] -- Installing: /home/ashish/ros2_ws/install/manipulator_description/share/manipulator_description/urdf/manipulator.xacro
[0.273s] -- Up-to-date: /home/ashish/ros2_ws/install/manipulator_description/share/ament_index/resource_index/package_run_dependencies/manipulator_description
[0.274s] -- Up-to-date: /home/ashish/ros2_ws/install/manipulator_description/share/ament_index/resource_index/parent_prefix_path/manipulator_description
[0.274s] -- Up-to-date: /home/ashish/ros2_ws/install/manipulator_description/share/manipulator_description/environment/ament_prefix_path.sh
[0.275s] -- Up-to-date: /home/ashish/ros2_ws/install/manipulator_description/share/manipulator_description/environment/ament_prefix_path.dsv
[0.275s] -- Up-to-date: /home/ashish/ros2_ws/install/manipulator_description/share/manipulator_description/environment/path.sh
[0.276s] -- Up-to-date: /home/ashish/ros2_ws/install/manipulator_description/share/manipulator_description/environment/path.dsv
[0.276s] -- Up-to-date: /home/ashish/ros2_ws/install/manipulator_description/share/manipulator_description/local_setup.bash
[0.277s] -- Up-to-date: /home/ashish/ros2_ws/install/manipulator_description/share/manipulator_description/local_setup.sh
[0.277s] -- Up-to-date: /home/ashish/ros2_ws/install/manipulator_description/share/manipulator_description/local_setup.zsh
[0.277s] -- Up-to-date: /home/ashish/ros2_ws/install/manipulator_description/share/manipulator_description/local_setup.dsv
[0.277s] -- Installing: /home/ashish/ros2_ws/install/manipulator_description/share/manipulator_description/package.dsv
[0.278s] -- Up-to-date: /home/ashish/ros2_ws/install/manipulator_description/share/ament_index/resource_index/packages/manipulator_description
[0.279s] -- Up-to-date: /home/ashish/ros2_ws/install/manipulator_description/share/manipulator_description/cmake/manipulator_descriptionConfig.cmake
[0.279s] -- Up-to-date: /home/ashish/ros2_ws/install/manipulator_description/share/manipulator_description/cmake/manipulator_descriptionConfig-version.cmake
[0.279s] -- Up-to-date: /home/ashish/ros2_ws/install/manipulator_description/share/manipulator_description/package.xml
[0.318s] Invoked command in '/home/ashish/ros2_ws/build/manipulator_description' returned '0': CMAKE_PREFIX_PATH=${CMAKE_PREFIX_PATH}:/opt/ros/humble /usr/bin/cmake --install /home/ashish/ros2_ws/build/manipulator_description
