[0.048s] Invoking command in '/home/ashish/ros2_ws/build/manipulator_description': CMAKE_PREFIX_PATH=${CMAKE_PREFIX_PATH}:/opt/ros/humble /usr/bin/cmake --build /home/ashish/ros2_ws/build/manipulator_description -- -j2 -l2
[0.230s] Invoked command in '/home/ashish/ros2_ws/build/manipulator_description' returned '0': CMAKE_PREFIX_PATH=${CMAKE_PREFIX_PATH}:/opt/ros/humble /usr/bin/cmake --build /home/ashish/ros2_ws/build/manipulator_description -- -j2 -l2
[0.280s] Invoking command in '/home/ashish/ros2_ws/build/manipulator_description': CMAKE_PREFIX_PATH=${CMAKE_PREFIX_PATH}:/opt/ros/humble /usr/bin/cmake --install /home/ashish/ros2_ws/build/manipulator_description
[0.293s] -- Install configuration: ""
[0.294s] -- Up-to-date: /home/ashish/ros2_ws/install/manipulator_description/share/manipulator_description/urdf
[0.295s] -- Installing: /home/ashish/ros2_ws/install/manipulator_description/share/manipulator_description/urdf/manipulator.xacro
[0.295s] -- Up-to-date: /home/ashish/ros2_ws/install/manipulator_description/share/ament_index/resource_index/package_run_dependencies/manipulator_description
[0.299s] -- Up-to-date: /home/ashish/ros2_ws/install/manipulator_description/share/ament_index/resource_index/parent_prefix_path/manipulator_description
[0.299s] -- Up-to-date: /home/ashish/ros2_ws/install/manipulator_description/share/manipulator_description/environment/ament_prefix_path.sh
[0.300s] -- Up-to-date: /home/ashish/ros2_ws/install/manipulator_description/share/manipulator_description/environment/ament_prefix_path.dsv
[0.300s] -- Up-to-date: /home/ashish/ros2_ws/install/manipulator_description/share/manipulator_description/environment/path.sh
[0.300s] -- Up-to-date: /home/ashish/ros2_ws/install/manipulator_description/share/manipulator_description/environment/path.dsv
[0.300s] -- Up-to-date: /home/ashish/ros2_ws/install/manipulator_description/share/manipulator_description/local_setup.bash
[0.300s] -- Up-to-date: /home/ashish/ros2_ws/install/manipulator_description/share/manipulator_description/local_setup.sh
[0.300s] -- Up-to-date: /home/ashish/ros2_ws/install/manipulator_description/share/manipulator_description/local_setup.zsh
[0.300s] -- Up-to-date: /home/ashish/ros2_ws/install/manipulator_description/share/manipulator_description/local_setup.dsv
[0.302s] -- Installing: /home/ashish/ros2_ws/install/manipulator_description/share/manipulator_description/package.dsv
[0.305s] -- Up-to-date: /home/ashish/ros2_ws/install/manipulator_description/share/ament_index/resource_index/packages/manipulator_description
[0.306s] -- Up-to-date: /home/ashish/ros2_ws/install/manipulator_description/share/manipulator_description/cmake/manipulator_descriptionConfig.cmake
[0.307s] -- Up-to-date: /home/ashish/ros2_ws/install/manipulator_description/share/manipulator_description/cmake/manipulator_descriptionConfig-version.cmake
[0.308s] -- Up-to-date: /home/ashish/ros2_ws/install/manipulator_description/share/manipulator_description/package.xml
[0.355s] Invoked command in '/home/ashish/ros2_ws/build/manipulator_description' returned '0': CMAKE_PREFIX_PATH=${CMAKE_PREFIX_PATH}:/opt/ros/humble /usr/bin/cmake --install /home/ashish/ros2_ws/build/manipulator_description
