[0.050s] Invoking command in '/home/ashish/ros2_ws/build/my_robot_description': CMAKE_PREFIX_PATH=${CMAKE_PREFIX_PATH}:/opt/ros/humble /usr/bin/cmake --build /home/ashish/ros2_ws/build/my_robot_description -- -j2 -l2
[0.177s] Invoked command in '/home/ashish/ros2_ws/build/my_robot_description' returned '0': CMAKE_PREFIX_PATH=${CMAKE_PREFIX_PATH}:/opt/ros/humble /usr/bin/cmake --build /home/ashish/ros2_ws/build/my_robot_description -- -j2 -l2
[0.254s] Invoking command in '/home/ashish/ros2_ws/build/my_robot_description': CMAKE_PREFIX_PATH=${CMAKE_PREFIX_PATH}:/opt/ros/humble /usr/bin/cmake --install /home/ashish/ros2_ws/build/my_robot_description
[0.263s] -- Install configuration: ""
[0.264s] -- Up-to-date: /home/ashish/ros2_ws/install/my_robot_description/share/my_robot_description//urdf
[0.264s] -- Up-to-date: /home/ashish/ros2_ws/install/my_robot_description/share/my_robot_description//urdf/my_robot.urdf.xacro
[0.264s] -- Up-to-date: /home/ashish/ros2_ws/install/my_robot_description/share/my_robot_description//launch
[0.276s] -- Up-to-date: /home/ashish/ros2_ws/install/my_robot_description/share/my_robot_description//launch/display.launch.xml
[0.276s] -- Up-to-date: /home/ashish/ros2_ws/install/my_robot_description/share/my_robot_description//rviz
[0.276s] -- Up-to-date: /home/ashish/ros2_ws/install/my_robot_description/share/my_robot_description//rviz/my_robot_rviz_config.rviz
[0.277s] -- Up-to-date: /home/ashish/ros2_ws/install/my_robot_description/share/ament_index/resource_index/package_run_dependencies/my_robot_description
[0.277s] -- Up-to-date: /home/ashish/ros2_ws/install/my_robot_description/share/ament_index/resource_index/parent_prefix_path/my_robot_description
[0.280s] -- Up-to-date: /home/ashish/ros2_ws/install/my_robot_description/share/my_robot_description/environment/ament_prefix_path.sh
[0.280s] -- Up-to-date: /home/ashish/ros2_ws/install/my_robot_description/share/my_robot_description/environment/ament_prefix_path.dsv
[0.280s] -- Up-to-date: /home/ashish/ros2_ws/install/my_robot_description/share/my_robot_description/environment/path.sh
[0.282s] -- Up-to-date: /home/ashish/ros2_ws/install/my_robot_description/share/my_robot_description/environment/path.dsv
[0.282s] -- Up-to-date: /home/ashish/ros2_ws/install/my_robot_description/share/my_robot_description/local_setup.bash
[0.282s] -- Up-to-date: /home/ashish/ros2_ws/install/my_robot_description/share/my_robot_description/local_setup.sh
[0.282s] -- Up-to-date: /home/ashish/ros2_ws/install/my_robot_description/share/my_robot_description/local_setup.zsh
[0.283s] -- Up-to-date: /home/ashish/ros2_ws/install/my_robot_description/share/my_robot_description/local_setup.dsv
[0.283s] -- Installing: /home/ashish/ros2_ws/install/my_robot_description/share/my_robot_description/package.dsv
[0.283s] -- Up-to-date: /home/ashish/ros2_ws/install/my_robot_description/share/ament_index/resource_index/packages/my_robot_description
[0.283s] -- Up-to-date: /home/ashish/ros2_ws/install/my_robot_description/share/my_robot_description/cmake/my_robot_descriptionConfig.cmake
[0.289s] -- Up-to-date: /home/ashish/ros2_ws/install/my_robot_description/share/my_robot_description/cmake/my_robot_descriptionConfig-version.cmake
[0.290s] -- Up-to-date: /home/ashish/ros2_ws/install/my_robot_description/share/my_robot_description/package.xml
[0.291s] Invoked command in '/home/ashish/ros2_ws/build/my_robot_description' returned '0': CMAKE_PREFIX_PATH=${CMAKE_PREFIX_PATH}:/opt/ros/humble /usr/bin/cmake --install /home/ashish/ros2_ws/build/my_robot_description
