[0.039s] Invoking command in '/home/ashish/ros2_ws/build/my_robot_description': CMAKE_PREFIX_PATH=${CMAKE_PREFIX_PATH}:/opt/ros/humble /usr/bin/cmake --build /home/ashish/ros2_ws/build/my_robot_description -- -j2 -l2
[0.123s] Invoked command in '/home/ashish/ros2_ws/build/my_robot_description' returned '0': CMAKE_PREFIX_PATH=${CMAKE_PREFIX_PATH}:/opt/ros/humble /usr/bin/cmake --build /home/ashish/ros2_ws/build/my_robot_description -- -j2 -l2
[0.182s] Invoking command in '/home/ashish/ros2_ws/build/my_robot_description': CMAKE_PREFIX_PATH=${CMAKE_PREFIX_PATH}:/opt/ros/humble /usr/bin/cmake --install /home/ashish/ros2_ws/build/my_robot_description
[0.199s] -- Install configuration: ""
[0.199s] -- Up-to-date: /home/ashish/ros2_ws/install/my_robot_description/share/my_robot_description//urdf
[0.199s] -- Up-to-date: /home/ashish/ros2_ws/install/my_robot_description/share/my_robot_description//urdf/my_robot.urdf.xacro
[0.199s] -- Up-to-date: /home/ashish/ros2_ws/install/my_robot_description/share/my_robot_description//launch
[0.200s] -- Up-to-date: /home/ashish/ros2_ws/install/my_robot_description/share/my_robot_description//launch/display.launch.xml
[0.200s] -- Up-to-date: /home/ashish/ros2_ws/install/my_robot_description/share/my_robot_description//rviz
[0.200s] -- Up-to-date: /home/ashish/ros2_ws/install/my_robot_description/share/my_robot_description//rviz/my_robot_rviz_config.rviz
[0.200s] -- Up-to-date: /home/ashish/ros2_ws/install/my_robot_description/share/ament_index/resource_index/package_run_dependencies/my_robot_description
[0.201s] -- Up-to-date: /home/ashish/ros2_ws/install/my_robot_description/share/ament_index/resource_index/parent_prefix_path/my_robot_description
[0.201s] -- Up-to-date: /home/ashish/ros2_ws/install/my_robot_description/share/my_robot_description/environment/ament_prefix_path.sh
[0.201s] -- Up-to-date: /home/ashish/ros2_ws/install/my_robot_description/share/my_robot_description/environment/ament_prefix_path.dsv
[0.201s] -- Up-to-date: /home/ashish/ros2_ws/install/my_robot_description/share/my_robot_description/environment/path.sh
[0.201s] -- Up-to-date: /home/ashish/ros2_ws/install/my_robot_description/share/my_robot_description/environment/path.dsv
[0.202s] -- Up-to-date: /home/ashish/ros2_ws/install/my_robot_description/share/my_robot_description/local_setup.bash
[0.203s] -- Up-to-date: /home/ashish/ros2_ws/install/my_robot_description/share/my_robot_description/local_setup.sh
[0.203s] -- Up-to-date: /home/ashish/ros2_ws/install/my_robot_description/share/my_robot_description/local_setup.zsh
[0.203s] -- Up-to-date: /home/ashish/ros2_ws/install/my_robot_description/share/my_robot_description/local_setup.dsv
[0.204s] -- Installing: /home/ashish/ros2_ws/install/my_robot_description/share/my_robot_description/package.dsv
[0.204s] -- Up-to-date: /home/ashish/ros2_ws/install/my_robot_description/share/ament_index/resource_index/packages/my_robot_description
[0.204s] -- Up-to-date: /home/ashish/ros2_ws/install/my_robot_description/share/my_robot_description/cmake/my_robot_descriptionConfig.cmake
[0.205s] -- Up-to-date: /home/ashish/ros2_ws/install/my_robot_description/share/my_robot_description/cmake/my_robot_descriptionConfig-version.cmake
[0.205s] -- Up-to-date: /home/ashish/ros2_ws/install/my_robot_description/share/my_robot_description/package.xml
[0.214s] Invoked command in '/home/ashish/ros2_ws/build/my_robot_description' returned '0': CMAKE_PREFIX_PATH=${CMAKE_PREFIX_PATH}:/opt/ros/humble /usr/bin/cmake --install /home/ashish/ros2_ws/build/my_robot_description
