[0.042s] Invoking command in '/home/ashish/ros2_ws/build/manipulator_bringups': CMAKE_PREFIX_PATH=/home/ashish/ros2_ws/install/manipulator_description:/home/ashish/ros2_ws/install/my_robot_description:/home/ashish/ros2_ws/install/manipulator_bringups:/opt/ros/humble /usr/bin/cmake --build /home/ashish/ros2_ws/build/manipulator_bringups -- -j2 -l2
[0.101s] -- Found ament_cmake: 1.3.10 (/opt/ros/humble/share/ament_cmake/cmake)
[0.517s] -- Configuring done
[0.528s] -- Generating done
[0.531s] -- Build files have been written to: /home/ashish/ros2_ws/build/manipulator_bringups
[0.555s] Invoked command in '/home/ashish/ros2_ws/build/manipulator_bringups' returned '0': CMAKE_PREFIX_PATH=/home/ashish/ros2_ws/install/manipulator_description:/home/ashish/ros2_ws/install/my_robot_description:/home/ashish/ros2_ws/install/manipulator_bringups:/opt/ros/humble /usr/bin/cmake --build /home/ashish/ros2_ws/build/manipulator_bringups -- -j2 -l2
[0.598s] Invoking command in '/home/ashish/ros2_ws/build/manipulator_bringups': CMAKE_PREFIX_PATH=/home/ashish/ros2_ws/install/manipulator_description:/home/ashish/ros2_ws/install/my_robot_description:/home/ashish/ros2_ws/install/manipulator_bringups:/opt/ros/humble /usr/bin/cmake --install /home/ashish/ros2_ws/build/manipulator_bringups
[0.620s] -- Install configuration: ""
[0.621s] -- Up-to-date: /home/ashish/ros2_ws/install/manipulator_bringups/share/manipulator_bringups/launch
[0.621s] -- Up-to-date: /home/ashish/ros2_ws/install/manipulator_bringups/share/manipulator_bringups/launch/display.launch.xml
[0.622s] -- Installing: /home/ashish/ros2_ws/install/manipulator_bringups/share/ament_index/resource_index/package_run_dependencies/manipulator_bringups
[0.622s] -- Installing: /home/ashish/ros2_ws/install/manipulator_bringups/share/ament_index/resource_index/parent_prefix_path/manipulator_bringups
[0.623s] -- Up-to-date: /home/ashish/ros2_ws/install/manipulator_bringups/share/manipulator_bringups/environment/ament_prefix_path.sh
[0.624s] -- Installing: /home/ashish/ros2_ws/install/manipulator_bringups/share/manipulator_bringups/environment/ament_prefix_path.dsv
[0.624s] -- Up-to-date: /home/ashish/ros2_ws/install/manipulator_bringups/share/manipulator_bringups/environment/path.sh
[0.624s] -- Installing: /home/ashish/ros2_ws/install/manipulator_bringups/share/manipulator_bringups/environment/path.dsv
[0.637s] -- Up-to-date: /home/ashish/ros2_ws/install/manipulator_bringups/share/manipulator_bringups/local_setup.bash
[0.637s] -- Up-to-date: /home/ashish/ros2_ws/install/manipulator_bringups/share/manipulator_bringups/local_setup.sh
[0.637s] -- Up-to-date: /home/ashish/ros2_ws/install/manipulator_bringups/share/manipulator_bringups/local_setup.zsh
[0.638s] -- Installing: /home/ashish/ros2_ws/install/manipulator_bringups/share/manipulator_bringups/local_setup.dsv
[0.639s] -- Installing: /home/ashish/ros2_ws/install/manipulator_bringups/share/manipulator_bringups/package.dsv
[0.640s] -- Up-to-date: /home/ashish/ros2_ws/install/manipulator_bringups/share/ament_index/resource_index/packages/manipulator_bringups
[0.641s] -- Up-to-date: /home/ashish/ros2_ws/install/manipulator_bringups/share/manipulator_bringups/cmake/manipulator_bringupsConfig.cmake
[0.641s] -- Up-to-date: /home/ashish/ros2_ws/install/manipulator_bringups/share/manipulator_bringups/cmake/manipulator_bringupsConfig-version.cmake
[0.642s] -- Installing: /home/ashish/ros2_ws/install/manipulator_bringups/share/manipulator_bringups/package.xml
[0.649s] Invoked command in '/home/ashish/ros2_ws/build/manipulator_bringups' returned '0': CMAKE_PREFIX_PATH=/home/ashish/ros2_ws/install/manipulator_description:/home/ashish/ros2_ws/install/my_robot_description:/home/ashish/ros2_ws/install/manipulator_bringups:/opt/ros/humble /usr/bin/cmake --install /home/ashish/ros2_ws/build/manipulator_bringups
